[1.059s] Invoking command in '/home/rcpsl/Xue_Yanyaobo_ws/src/turtlebot_rrt': PYTHONPATH=/home/rcpsl/Xue_Yanyaobo_ws/build/turtlebot_rrt/prefix_override:/home/rcpsl/Xue_Yanyaobo_ws/install/turtlebot_rrt/lib/python3.10/site-packages:${PYTHONPATH} /usr/bin/python3 -W ignore:setup.py install is deprecated setup.py egg_info --egg-base ../../build/turtlebot_rrt build --build-base /home/rcpsl/Xue_Yanyaobo_ws/build/turtlebot_rrt/build install --record /home/rcpsl/Xue_Yanyaobo_ws/build/turtlebot_rrt/install.log --single-version-externally-managed install_data
[1.330s] running egg_info
[1.330s] writing ../../build/turtlebot_rrt/turtlebot_rrt.egg-info/PKG-INFO
[1.331s] writing dependency_links to ../../build/turtlebot_rrt/turtlebot_rrt.egg-info/dependency_links.txt
[1.331s] writing entry points to ../../build/turtlebot_rrt/turtlebot_rrt.egg-info/entry_points.txt
[1.332s] writing requirements to ../../build/turtlebot_rrt/turtlebot_rrt.egg-info/requires.txt
[1.332s] writing top-level names to ../../build/turtlebot_rrt/turtlebot_rrt.egg-info/top_level.txt
[1.338s] reading manifest file '../../build/turtlebot_rrt/turtlebot_rrt.egg-info/SOURCES.txt'
[1.339s] writing manifest file '../../build/turtlebot_rrt/turtlebot_rrt.egg-info/SOURCES.txt'
[1.340s] running build
[1.340s] running build_py
[1.340s] running install
[1.341s] running install_lib
[1.344s] running install_data
[1.344s] running install_egg_info
[1.345s] removing '/home/rcpsl/Xue_Yanyaobo_ws/install/turtlebot_rrt/lib/python3.10/site-packages/turtlebot_rrt-0.0.0-py3.10.egg-info' (and everything under it)
[1.346s] Copying ../../build/turtlebot_rrt/turtlebot_rrt.egg-info to /home/rcpsl/Xue_Yanyaobo_ws/install/turtlebot_rrt/lib/python3.10/site-packages/turtlebot_rrt-0.0.0-py3.10.egg-info
[1.347s] running install_scripts
[1.367s] Installing map_reader script to /home/rcpsl/Xue_Yanyaobo_ws/install/turtlebot_rrt/lib/turtlebot_rrt
[1.368s] Installing motion_planner script to /home/rcpsl/Xue_Yanyaobo_ws/install/turtlebot_rrt/lib/turtlebot_rrt
[1.368s] Installing rrt_node script to /home/rcpsl/Xue_Yanyaobo_ws/install/turtlebot_rrt/lib/turtlebot_rrt
[1.369s] writing list of installed files to '/home/rcpsl/Xue_Yanyaobo_ws/build/turtlebot_rrt/install.log'
[1.393s] Invoked command in '/home/rcpsl/Xue_Yanyaobo_ws/src/turtlebot_rrt' returned '0': PYTHONPATH=/home/rcpsl/Xue_Yanyaobo_ws/build/turtlebot_rrt/prefix_override:/home/rcpsl/Xue_Yanyaobo_ws/install/turtlebot_rrt/lib/python3.10/site-packages:${PYTHONPATH} /usr/bin/python3 -W ignore:setup.py install is deprecated setup.py egg_info --egg-base ../../build/turtlebot_rrt build --build-base /home/rcpsl/Xue_Yanyaobo_ws/build/turtlebot_rrt/build install --record /home/rcpsl/Xue_Yanyaobo_ws/build/turtlebot_rrt/install.log --single-version-externally-managed install_data
