[0.023s] Invoking command in '/home/rcpsl/Xue_Yanyaobo_ws/build/turtlebot3_simulations': CMAKE_PREFIX_PATH=/home/rcpsl/Xue_Yanyaobo_ws/install/turtlebot3_gazebo:/home/rcpsl/Xue_Yanyaobo_ws/install/turtlebot3_fake_node:/home/rcpsl/Xue_Yanyaobo_ws/install/turtlebot3_simulations:/home/rcpsl/Xue_Yanyaobo_ws/install/turtlebot_rrt:/home/rcpsl/Xue_Yanyaobo_ws/install/TurtleBot:/opt/ros/humble /usr/bin/cmake --build /home/rcpsl/Xue_Yanyaobo_ws/build/turtlebot3_simulations -- -j2 -l2
[0.112s] Invoked command in '/home/rcpsl/Xue_Yanyaobo_ws/build/turtlebot3_simulations' returned '0': CMAKE_PREFIX_PATH=/home/rcpsl/Xue_Yanyaobo_ws/install/turtlebot3_gazebo:/home/rcpsl/Xue_Yanyaobo_ws/install/turtlebot3_fake_node:/home/rcpsl/Xue_Yanyaobo_ws/install/turtlebot3_simulations:/home/rcpsl/Xue_Yanyaobo_ws/install/turtlebot_rrt:/home/rcpsl/Xue_Yanyaobo_ws/install/TurtleBot:/opt/ros/humble /usr/bin/cmake --build /home/rcpsl/Xue_Yanyaobo_ws/build/turtlebot3_simulations -- -j2 -l2
[0.171s] Invoking command in '/home/rcpsl/Xue_Yanyaobo_ws/build/turtlebot3_simulations': CMAKE_PREFIX_PATH=/home/rcpsl/Xue_Yanyaobo_ws/install/turtlebot3_gazebo:/home/rcpsl/Xue_Yanyaobo_ws/install/turtlebot3_fake_node:/home/rcpsl/Xue_Yanyaobo_ws/install/turtlebot3_simulations:/home/rcpsl/Xue_Yanyaobo_ws/install/turtlebot_rrt:/home/rcpsl/Xue_Yanyaobo_ws/install/TurtleBot:/opt/ros/humble /usr/bin/cmake --install /home/rcpsl/Xue_Yanyaobo_ws/build/turtlebot3_simulations
[0.197s] -- Install configuration: ""
[0.201s] -- Up-to-date: /home/rcpsl/Xue_Yanyaobo_ws/install/turtlebot3_simulations/share/ament_index/resource_index/package_run_dependencies/turtlebot3_simulations
[0.201s] -- Up-to-date: /home/rcpsl/Xue_Yanyaobo_ws/install/turtlebot3_simulations/share/ament_index/resource_index/parent_prefix_path/turtlebot3_simulations
[0.201s] -- Up-to-date: /home/rcpsl/Xue_Yanyaobo_ws/install/turtlebot3_simulations/share/turtlebot3_simulations/environment/ament_prefix_path.sh
[0.202s] -- Up-to-date: /home/rcpsl/Xue_Yanyaobo_ws/install/turtlebot3_simulations/share/turtlebot3_simulations/environment/ament_prefix_path.dsv
[0.202s] -- Up-to-date: /home/rcpsl/Xue_Yanyaobo_ws/install/turtlebot3_simulations/share/turtlebot3_simulations/environment/path.sh
[0.203s] -- Up-to-date: /home/rcpsl/Xue_Yanyaobo_ws/install/turtlebot3_simulations/share/turtlebot3_simulations/environment/path.dsv
[0.203s] -- Up-to-date: /home/rcpsl/Xue_Yanyaobo_ws/install/turtlebot3_simulations/share/turtlebot3_simulations/local_setup.bash
[0.203s] -- Up-to-date: /home/rcpsl/Xue_Yanyaobo_ws/install/turtlebot3_simulations/share/turtlebot3_simulations/local_setup.sh
[0.203s] -- Up-to-date: /home/rcpsl/Xue_Yanyaobo_ws/install/turtlebot3_simulations/share/turtlebot3_simulations/local_setup.zsh
[0.204s] -- Up-to-date: /home/rcpsl/Xue_Yanyaobo_ws/install/turtlebot3_simulations/share/turtlebot3_simulations/local_setup.dsv
[0.204s] -- Installing: /home/rcpsl/Xue_Yanyaobo_ws/install/turtlebot3_simulations/share/turtlebot3_simulations/package.dsv
[0.205s] -- Up-to-date: /home/rcpsl/Xue_Yanyaobo_ws/install/turtlebot3_simulations/share/ament_index/resource_index/packages/turtlebot3_simulations
[0.205s] -- Up-to-date: /home/rcpsl/Xue_Yanyaobo_ws/install/turtlebot3_simulations/share/turtlebot3_simulations/cmake/turtlebot3_simulationsConfig.cmake
[0.206s] -- Up-to-date: /home/rcpsl/Xue_Yanyaobo_ws/install/turtlebot3_simulations/share/turtlebot3_simulations/cmake/turtlebot3_simulationsConfig-version.cmake
[0.206s] -- Up-to-date: /home/rcpsl/Xue_Yanyaobo_ws/install/turtlebot3_simulations/share/turtlebot3_simulations/package.xml
[0.212s] Invoked command in '/home/rcpsl/Xue_Yanyaobo_ws/build/turtlebot3_simulations' returned '0': CMAKE_PREFIX_PATH=/home/rcpsl/Xue_Yanyaobo_ws/install/turtlebot3_gazebo:/home/rcpsl/Xue_Yanyaobo_ws/install/turtlebot3_fake_node:/home/rcpsl/Xue_Yanyaobo_ws/install/turtlebot3_simulations:/home/rcpsl/Xue_Yanyaobo_ws/install/turtlebot_rrt:/home/rcpsl/Xue_Yanyaobo_ws/install/TurtleBot:/opt/ros/humble /usr/bin/cmake --install /home/rcpsl/Xue_Yanyaobo_ws/build/turtlebot3_simulations
