[1.174s] Invoking command in '/home/rcpsl/Xue_Yanyaobo_ws/src/turtlebot_rrt': PYTHONPATH=/home/rcpsl/Xue_Yanyaobo_ws/build/turtlebot_rrt/prefix_override:/home/rcpsl/Xue_Yanyaobo_ws/install/turtlebot_rrt/lib/python3.10/site-packages:${PYTHONPATH} /usr/bin/python3 -W ignore:setup.py install is deprecated setup.py egg_info --egg-base ../../build/turtlebot_rrt build --build-base /home/rcpsl/Xue_Yanyaobo_ws/build/turtlebot_rrt/build install --record /home/rcpsl/Xue_Yanyaobo_ws/build/turtlebot_rrt/install.log --single-version-externally-managed install_data
[1.529s] running egg_info
[1.530s] writing ../../build/turtlebot_rrt/turtlebot_rrt.egg-info/PKG-INFO
[1.530s] writing dependency_links to ../../build/turtlebot_rrt/turtlebot_rrt.egg-info/dependency_links.txt
[1.531s] writing entry points to ../../build/turtlebot_rrt/turtlebot_rrt.egg-info/entry_points.txt
[1.532s] writing requirements to ../../build/turtlebot_rrt/turtlebot_rrt.egg-info/requires.txt
[1.532s] writing top-level names to ../../build/turtlebot_rrt/turtlebot_rrt.egg-info/top_level.txt
[1.533s] reading manifest file '../../build/turtlebot_rrt/turtlebot_rrt.egg-info/SOURCES.txt'
[1.534s] writing manifest file '../../build/turtlebot_rrt/turtlebot_rrt.egg-info/SOURCES.txt'
[1.535s] running build
[1.535s] running build_py
[1.535s] running install
[1.536s] running install_lib
[1.537s] running install_data
[1.537s] running install_egg_info
[1.538s] removing '/home/rcpsl/Xue_Yanyaobo_ws/install/turtlebot_rrt/lib/python3.10/site-packages/turtlebot_rrt-0.0.0-py3.10.egg-info' (and everything under it)
[1.539s] Copying ../../build/turtlebot_rrt/turtlebot_rrt.egg-info to /home/rcpsl/Xue_Yanyaobo_ws/install/turtlebot_rrt/lib/python3.10/site-packages/turtlebot_rrt-0.0.0-py3.10.egg-info
[1.540s] running install_scripts
[1.562s] Installing map_reader script to /home/rcpsl/Xue_Yanyaobo_ws/install/turtlebot_rrt/lib/turtlebot_rrt
[1.562s] Installing motion_planner script to /home/rcpsl/Xue_Yanyaobo_ws/install/turtlebot_rrt/lib/turtlebot_rrt
[1.562s] Installing rrt_node script to /home/rcpsl/Xue_Yanyaobo_ws/install/turtlebot_rrt/lib/turtlebot_rrt
[1.563s] writing list of installed files to '/home/rcpsl/Xue_Yanyaobo_ws/build/turtlebot_rrt/install.log'
[1.589s] Invoked command in '/home/rcpsl/Xue_Yanyaobo_ws/src/turtlebot_rrt' returned '0': PYTHONPATH=/home/rcpsl/Xue_Yanyaobo_ws/build/turtlebot_rrt/prefix_override:/home/rcpsl/Xue_Yanyaobo_ws/install/turtlebot_rrt/lib/python3.10/site-packages:${PYTHONPATH} /usr/bin/python3 -W ignore:setup.py install is deprecated setup.py egg_info --egg-base ../../build/turtlebot_rrt build --build-base /home/rcpsl/Xue_Yanyaobo_ws/build/turtlebot_rrt/build install --record /home/rcpsl/Xue_Yanyaobo_ws/build/turtlebot_rrt/install.log --single-version-externally-managed install_data
