[0.089s] DEBUG:colcon:Command line arguments: ['/usr/bin/colcon', 'build']
[0.089s] DEBUG:colcon:Parsed command line arguments: Namespace(log_base=None, log_level=None, verb_name='build', build_base='build', install_base='install', merge_install=False, symlink_install=False, test_result_base=None, continue_on_error=False, executor='parallel', parallel_workers=2, event_handlers=None, ignore_user_meta=False, metas=['./colcon.meta'], base_paths=['.'], packages_ignore=None, packages_ignore_regex=None, paths=None, packages_up_to=None, packages_up_to_regex=None, packages_above=None, packages_above_and_dependencies=None, packages_above_depth=None, packages_select_by_dep=None, packages_skip_by_dep=None, packages_skip_up_to=None, packages_select_build_failed=False, packages_skip_build_finished=False, packages_select_test_failures=False, packages_skip_test_passed=False, packages_select=None, packages_skip=None, packages_select_regex=None, packages_skip_regex=None, packages_start=None, packages_end=None, allow_overriding=[], cmake_args=None, cmake_target=None, cmake_target_skip_unavailable=False, cmake_clean_cache=False, cmake_clean_first=False, cmake_force_configure=False, ament_cmake_args=None, catkin_cmake_args=None, catkin_skip_building_tests=False, verb_parser=<colcon_defaults.argument_parser.defaults.DefaultArgumentsDecorator object at 0x78af46cb0b20>, verb_extension=<colcon_core.verb.build.BuildVerb object at 0x78af46cb0550>, main=<bound method BuildVerb.main of <colcon_core.verb.build.BuildVerb object at 0x78af46cb0550>>)
[0.204s] Level 1:colcon.colcon_core.package_discovery:discover_packages(colcon_meta) check parameters
[0.204s] Level 1:colcon.colcon_core.package_discovery:discover_packages(recursive) check parameters
[0.204s] Level 1:colcon.colcon_core.package_discovery:discover_packages(ignore) check parameters
[0.204s] Level 1:colcon.colcon_core.package_discovery:discover_packages(path) check parameters
[0.204s] Level 1:colcon.colcon_core.package_discovery:discover_packages(colcon_meta) discover
[0.204s] Level 1:colcon.colcon_core.package_discovery:discover_packages(recursive) discover
[0.204s] INFO:colcon.colcon_core.package_discovery:Crawling recursively for packages in '/home/rcpsl/Xue_Yanyaobo_ws'
[0.204s] Level 1:colcon.colcon_core.package_identification:_identify(.) by extensions ['ignore', 'ignore_ament_install']
[0.204s] Level 1:colcon.colcon_core.package_identification:_identify(.) by extension 'ignore'
[0.204s] Level 1:colcon.colcon_core.package_identification:_identify(.) by extension 'ignore_ament_install'
[0.204s] Level 1:colcon.colcon_core.package_identification:_identify(.) by extensions ['colcon_pkg']
[0.204s] Level 1:colcon.colcon_core.package_identification:_identify(.) by extension 'colcon_pkg'
[0.204s] Level 1:colcon.colcon_core.package_identification:_identify(.) by extensions ['colcon_meta']
[0.204s] Level 1:colcon.colcon_core.package_identification:_identify(.) by extension 'colcon_meta'
[0.204s] Level 1:colcon.colcon_core.package_identification:_identify(.) by extensions ['ros']
[0.204s] Level 1:colcon.colcon_core.package_identification:_identify(.) by extension 'ros'
[0.211s] Level 1:colcon.colcon_core.package_identification:_identify(.) by extensions ['cmake', 'python']
[0.211s] Level 1:colcon.colcon_core.package_identification:_identify(.) by extension 'cmake'
[0.211s] Level 1:colcon.colcon_core.package_identification:_identify(.) by extension 'python'
[0.212s] Level 1:colcon.colcon_core.package_identification:_identify(.) by extensions ['python_setup_py']
[0.212s] Level 1:colcon.colcon_core.package_identification:_identify(.) by extension 'python_setup_py'
[0.212s] Level 1:colcon.colcon_core.package_identification:_identify(build) by extensions ['ignore', 'ignore_ament_install']
[0.212s] Level 1:colcon.colcon_core.package_identification:_identify(build) by extension 'ignore'
[0.212s] Level 1:colcon.colcon_core.package_identification:_identify(build) ignored
[0.212s] Level 1:colcon.colcon_core.package_identification:_identify(install) by extensions ['ignore', 'ignore_ament_install']
[0.212s] Level 1:colcon.colcon_core.package_identification:_identify(install) by extension 'ignore'
[0.212s] Level 1:colcon.colcon_core.package_identification:_identify(install) ignored
[0.212s] Level 1:colcon.colcon_core.package_identification:_identify(log) by extensions ['ignore', 'ignore_ament_install']
[0.212s] Level 1:colcon.colcon_core.package_identification:_identify(log) by extension 'ignore'
[0.212s] Level 1:colcon.colcon_core.package_identification:_identify(log) ignored
[0.212s] Level 1:colcon.colcon_core.package_identification:_identify(src) by extensions ['ignore', 'ignore_ament_install']
[0.212s] Level 1:colcon.colcon_core.package_identification:_identify(src) by extension 'ignore'
[0.212s] Level 1:colcon.colcon_core.package_identification:_identify(src) by extension 'ignore_ament_install'
[0.213s] Level 1:colcon.colcon_core.package_identification:_identify(src) by extensions ['colcon_pkg']
[0.213s] Level 1:colcon.colcon_core.package_identification:_identify(src) by extension 'colcon_pkg'
[0.213s] Level 1:colcon.colcon_core.package_identification:_identify(src) by extensions ['colcon_meta']
[0.213s] Level 1:colcon.colcon_core.package_identification:_identify(src) by extension 'colcon_meta'
[0.213s] Level 1:colcon.colcon_core.package_identification:_identify(src) by extensions ['ros']
[0.213s] Level 1:colcon.colcon_core.package_identification:_identify(src) by extension 'ros'
[0.213s] Level 1:colcon.colcon_core.package_identification:_identify(src) by extensions ['cmake', 'python']
[0.213s] Level 1:colcon.colcon_core.package_identification:_identify(src) by extension 'cmake'
[0.213s] Level 1:colcon.colcon_core.package_identification:_identify(src) by extension 'python'
[0.213s] Level 1:colcon.colcon_core.package_identification:_identify(src) by extensions ['python_setup_py']
[0.213s] Level 1:colcon.colcon_core.package_identification:_identify(src) by extension 'python_setup_py'
[0.213s] Level 1:colcon.colcon_core.package_identification:_identify(src/maps) by extensions ['ignore', 'ignore_ament_install']
[0.213s] Level 1:colcon.colcon_core.package_identification:_identify(src/maps) by extension 'ignore'
[0.213s] Level 1:colcon.colcon_core.package_identification:_identify(src/maps) by extension 'ignore_ament_install'
[0.213s] Level 1:colcon.colcon_core.package_identification:_identify(src/maps) by extensions ['colcon_pkg']
[0.213s] Level 1:colcon.colcon_core.package_identification:_identify(src/maps) by extension 'colcon_pkg'
[0.213s] Level 1:colcon.colcon_core.package_identification:_identify(src/maps) by extensions ['colcon_meta']
[0.213s] Level 1:colcon.colcon_core.package_identification:_identify(src/maps) by extension 'colcon_meta'
[0.213s] Level 1:colcon.colcon_core.package_identification:_identify(src/maps) by extensions ['ros']
[0.213s] Level 1:colcon.colcon_core.package_identification:_identify(src/maps) by extension 'ros'
[0.213s] Level 1:colcon.colcon_core.package_identification:_identify(src/maps) by extensions ['cmake', 'python']
[0.213s] Level 1:colcon.colcon_core.package_identification:_identify(src/maps) by extension 'cmake'
[0.213s] Level 1:colcon.colcon_core.package_identification:_identify(src/maps) by extension 'python'
[0.213s] Level 1:colcon.colcon_core.package_identification:_identify(src/maps) by extensions ['python_setup_py']
[0.213s] Level 1:colcon.colcon_core.package_identification:_identify(src/maps) by extension 'python_setup_py'
[0.213s] Level 1:colcon.colcon_core.package_identification:_identify(src/turtlebot_rrt) by extensions ['ignore', 'ignore_ament_install']
[0.213s] Level 1:colcon.colcon_core.package_identification:_identify(src/turtlebot_rrt) by extension 'ignore'
[0.213s] Level 1:colcon.colcon_core.package_identification:_identify(src/turtlebot_rrt) by extension 'ignore_ament_install'
[0.213s] Level 1:colcon.colcon_core.package_identification:_identify(src/turtlebot_rrt) by extensions ['colcon_pkg']
[0.213s] Level 1:colcon.colcon_core.package_identification:_identify(src/turtlebot_rrt) by extension 'colcon_pkg'
[0.214s] Level 1:colcon.colcon_core.package_identification:_identify(src/turtlebot_rrt) by extensions ['colcon_meta']
[0.214s] Level 1:colcon.colcon_core.package_identification:_identify(src/turtlebot_rrt) by extension 'colcon_meta'
[0.214s] Level 1:colcon.colcon_core.package_identification:_identify(src/turtlebot_rrt) by extensions ['ros']
[0.214s] Level 1:colcon.colcon_core.package_identification:_identify(src/turtlebot_rrt) by extension 'ros'
[0.215s] DEBUG:colcon.colcon_core.package_identification:Package 'src/turtlebot_rrt' with type 'ros.ament_python' and name 'turtlebot_rrt'
[0.215s] Level 1:colcon.colcon_core.package_discovery:discover_packages(recursive) using defaults
[0.215s] Level 1:colcon.colcon_core.package_discovery:discover_packages(ignore) discover
[0.215s] Level 1:colcon.colcon_core.package_discovery:discover_packages(ignore) using defaults
[0.215s] Level 1:colcon.colcon_core.package_discovery:discover_packages(path) discover
[0.215s] Level 1:colcon.colcon_core.package_discovery:discover_packages(path) using defaults
[0.227s] Level 1:colcon.colcon_core.package_discovery:discover_packages(prefix_path) check parameters
[0.227s] Level 1:colcon.colcon_core.package_discovery:discover_packages(prefix_path) discover
[0.236s] DEBUG:colcon.colcon_installed_package_information.package_discovery:Found 370 installed packages in /opt/ros/humble
[0.237s] Level 1:colcon.colcon_core.package_discovery:discover_packages(prefix_path) using defaults
[0.265s] Level 5:colcon.colcon_core.verb:set package 'turtlebot_rrt' build argument 'cmake_args' from command line to 'None'
[0.265s] Level 5:colcon.colcon_core.verb:set package 'turtlebot_rrt' build argument 'cmake_target' from command line to 'None'
[0.265s] Level 5:colcon.colcon_core.verb:set package 'turtlebot_rrt' build argument 'cmake_target_skip_unavailable' from command line to 'False'
[0.265s] Level 5:colcon.colcon_core.verb:set package 'turtlebot_rrt' build argument 'cmake_clean_cache' from command line to 'False'
[0.265s] Level 5:colcon.colcon_core.verb:set package 'turtlebot_rrt' build argument 'cmake_clean_first' from command line to 'False'
[0.265s] Level 5:colcon.colcon_core.verb:set package 'turtlebot_rrt' build argument 'cmake_force_configure' from command line to 'False'
[0.265s] Level 5:colcon.colcon_core.verb:set package 'turtlebot_rrt' build argument 'ament_cmake_args' from command line to 'None'
[0.265s] Level 5:colcon.colcon_core.verb:set package 'turtlebot_rrt' build argument 'catkin_cmake_args' from command line to 'None'
[0.265s] Level 5:colcon.colcon_core.verb:set package 'turtlebot_rrt' build argument 'catkin_skip_building_tests' from command line to 'False'
[0.265s] DEBUG:colcon.colcon_core.verb:Building package 'turtlebot_rrt' with the following arguments: {'ament_cmake_args': None, 'build_base': '/home/rcpsl/Xue_Yanyaobo_ws/build/turtlebot_rrt', 'catkin_cmake_args': None, 'catkin_skip_building_tests': False, 'cmake_args': None, 'cmake_clean_cache': False, 'cmake_clean_first': False, 'cmake_force_configure': False, 'cmake_target': None, 'cmake_target_skip_unavailable': False, 'install_base': '/home/rcpsl/Xue_Yanyaobo_ws/install/turtlebot_rrt', 'merge_install': False, 'path': '/home/rcpsl/Xue_Yanyaobo_ws/src/turtlebot_rrt', 'symlink_install': False, 'test_result_base': None}
[0.265s] INFO:colcon.colcon_core.executor:Executing jobs using 'parallel' executor
[0.266s] DEBUG:colcon.colcon_parallel_executor.executor.parallel:run_until_complete
[0.267s] INFO:colcon.colcon_ros.task.ament_python.build:Building ROS package in '/home/rcpsl/Xue_Yanyaobo_ws/src/turtlebot_rrt' with build type 'ament_python'
[0.267s] Level 1:colcon.colcon_core.shell:create_environment_hook('turtlebot_rrt', 'ament_prefix_path')
[0.268s] INFO:colcon.colcon_core.plugin_system:Skipping extension 'colcon_core.shell.bat': Not used on non-Windows systems
[0.268s] INFO:colcon.colcon_core.shell:Creating environment hook '/home/rcpsl/Xue_Yanyaobo_ws/install/turtlebot_rrt/share/turtlebot_rrt/hook/ament_prefix_path.ps1'
[0.269s] INFO:colcon.colcon_core.shell:Creating environment descriptor '/home/rcpsl/Xue_Yanyaobo_ws/install/turtlebot_rrt/share/turtlebot_rrt/hook/ament_prefix_path.dsv'
[0.269s] INFO:colcon.colcon_core.shell:Creating environment hook '/home/rcpsl/Xue_Yanyaobo_ws/install/turtlebot_rrt/share/turtlebot_rrt/hook/ament_prefix_path.sh'
[0.270s] INFO:colcon.colcon_core.shell:Skip shell extension 'powershell' for command environment: Not usable outside of PowerShell
[0.270s] DEBUG:colcon.colcon_core.shell:Skip shell extension 'dsv' for command environment
[0.455s] INFO:colcon.colcon_core.task.python.build:Building Python package in '/home/rcpsl/Xue_Yanyaobo_ws/src/turtlebot_rrt'
[0.455s] INFO:colcon.colcon_core.shell:Skip shell extension 'powershell' for command environment: Not usable outside of PowerShell
[0.455s] DEBUG:colcon.colcon_core.shell:Skip shell extension 'dsv' for command environment
[0.684s] DEBUG:colcon.colcon_core.event_handler.log_command:Invoking command in '/home/rcpsl/Xue_Yanyaobo_ws/src/turtlebot_rrt': PYTHONPATH=/home/rcpsl/Xue_Yanyaobo_ws/build/turtlebot_rrt/prefix_override:/home/rcpsl/Xue_Yanyaobo_ws/install/turtlebot_rrt/lib/python3.10/site-packages:${PYTHONPATH} /usr/bin/python3 -W ignore:setup.py install is deprecated setup.py egg_info --egg-base ../../build/turtlebot_rrt build --build-base /home/rcpsl/Xue_Yanyaobo_ws/build/turtlebot_rrt/build install --record /home/rcpsl/Xue_Yanyaobo_ws/build/turtlebot_rrt/install.log --single-version-externally-managed install_data
[0.892s] DEBUG:colcon.colcon_core.event_handler.log_command:Invoked command in '/home/rcpsl/Xue_Yanyaobo_ws/src/turtlebot_rrt' returned '0': PYTHONPATH=/home/rcpsl/Xue_Yanyaobo_ws/build/turtlebot_rrt/prefix_override:/home/rcpsl/Xue_Yanyaobo_ws/install/turtlebot_rrt/lib/python3.10/site-packages:${PYTHONPATH} /usr/bin/python3 -W ignore:setup.py install is deprecated setup.py egg_info --egg-base ../../build/turtlebot_rrt build --build-base /home/rcpsl/Xue_Yanyaobo_ws/build/turtlebot_rrt/build install --record /home/rcpsl/Xue_Yanyaobo_ws/build/turtlebot_rrt/install.log --single-version-externally-managed install_data
[0.894s] Level 1:colcon.colcon_core.environment:checking '/home/rcpsl/Xue_Yanyaobo_ws/install/turtlebot_rrt' for CMake module files
[0.894s] Level 1:colcon.colcon_core.environment:checking '/home/rcpsl/Xue_Yanyaobo_ws/install/turtlebot_rrt' for CMake config files
[0.895s] Level 1:colcon.colcon_core.environment:checking '/home/rcpsl/Xue_Yanyaobo_ws/install/turtlebot_rrt/lib'
[0.895s] Level 1:colcon.colcon_core.environment:checking '/home/rcpsl/Xue_Yanyaobo_ws/install/turtlebot_rrt/bin'
[0.895s] Level 1:colcon.colcon_core.environment:checking '/home/rcpsl/Xue_Yanyaobo_ws/install/turtlebot_rrt/lib/pkgconfig/turtlebot_rrt.pc'
[0.895s] Level 1:colcon.colcon_core.environment:checking '/home/rcpsl/Xue_Yanyaobo_ws/install/turtlebot_rrt/lib/python3.10/site-packages'
[0.895s] Level 1:colcon.colcon_core.shell:create_environment_hook('turtlebot_rrt', 'pythonpath')
[0.895s] INFO:colcon.colcon_core.shell:Creating environment hook '/home/rcpsl/Xue_Yanyaobo_ws/install/turtlebot_rrt/share/turtlebot_rrt/hook/pythonpath.ps1'
[0.895s] INFO:colcon.colcon_core.shell:Creating environment descriptor '/home/rcpsl/Xue_Yanyaobo_ws/install/turtlebot_rrt/share/turtlebot_rrt/hook/pythonpath.dsv'
[0.896s] INFO:colcon.colcon_core.shell:Creating environment hook '/home/rcpsl/Xue_Yanyaobo_ws/install/turtlebot_rrt/share/turtlebot_rrt/hook/pythonpath.sh'
[0.896s] Level 1:colcon.colcon_core.environment:checking '/home/rcpsl/Xue_Yanyaobo_ws/install/turtlebot_rrt/bin'
[0.896s] Level 1:colcon.colcon_core.environment:create_environment_scripts_only(turtlebot_rrt)
[0.896s] INFO:colcon.colcon_core.shell:Creating package script '/home/rcpsl/Xue_Yanyaobo_ws/install/turtlebot_rrt/share/turtlebot_rrt/package.ps1'
[0.897s] INFO:colcon.colcon_core.shell:Creating package descriptor '/home/rcpsl/Xue_Yanyaobo_ws/install/turtlebot_rrt/share/turtlebot_rrt/package.dsv'
[0.897s] INFO:colcon.colcon_core.shell:Creating package script '/home/rcpsl/Xue_Yanyaobo_ws/install/turtlebot_rrt/share/turtlebot_rrt/package.sh'
[0.898s] INFO:colcon.colcon_core.shell:Creating package script '/home/rcpsl/Xue_Yanyaobo_ws/install/turtlebot_rrt/share/turtlebot_rrt/package.bash'
[0.898s] INFO:colcon.colcon_core.shell:Creating package script '/home/rcpsl/Xue_Yanyaobo_ws/install/turtlebot_rrt/share/turtlebot_rrt/package.zsh'
[0.899s] Level 1:colcon.colcon_core.environment:create_file_with_runtime_dependencies(/home/rcpsl/Xue_Yanyaobo_ws/install/turtlebot_rrt/share/colcon-core/packages/turtlebot_rrt)
[0.899s] DEBUG:colcon.colcon_parallel_executor.executor.parallel:closing loop
[0.899s] DEBUG:colcon.colcon_parallel_executor.executor.parallel:loop closed
[0.899s] DEBUG:colcon.colcon_parallel_executor.executor.parallel:run_until_complete finished with '0'
[0.899s] DEBUG:colcon.colcon_core.event_reactor:joining thread
[0.906s] INFO:colcon.colcon_core.plugin_system:Skipping extension 'colcon_notification.desktop_notification.terminal_notifier': Not used on non-Darwin systems
[0.906s] INFO:colcon.colcon_core.plugin_system:Skipping extension 'colcon_notification.desktop_notification.win32': Not used on non-Windows systems
[0.906s] INFO:colcon.colcon_notification.desktop_notification:Sending desktop notification using 'notify2'
[0.919s] DEBUG:colcon.colcon_core.event_reactor:joined thread
[0.919s] INFO:colcon.colcon_core.shell:Creating prefix script '/home/rcpsl/Xue_Yanyaobo_ws/install/local_setup.ps1'
[0.920s] INFO:colcon.colcon_core.shell:Creating prefix util module '/home/rcpsl/Xue_Yanyaobo_ws/install/_local_setup_util_ps1.py'
[0.921s] INFO:colcon.colcon_core.shell:Creating prefix chain script '/home/rcpsl/Xue_Yanyaobo_ws/install/setup.ps1'
[0.922s] INFO:colcon.colcon_core.shell:Creating prefix script '/home/rcpsl/Xue_Yanyaobo_ws/install/local_setup.sh'
[0.924s] INFO:colcon.colcon_core.shell:Creating prefix util module '/home/rcpsl/Xue_Yanyaobo_ws/install/_local_setup_util_sh.py'
[0.925s] INFO:colcon.colcon_core.shell:Creating prefix chain script '/home/rcpsl/Xue_Yanyaobo_ws/install/setup.sh'
[0.925s] INFO:colcon.colcon_core.shell:Creating prefix script '/home/rcpsl/Xue_Yanyaobo_ws/install/local_setup.bash'
[0.926s] INFO:colcon.colcon_core.shell:Creating prefix chain script '/home/rcpsl/Xue_Yanyaobo_ws/install/setup.bash'
[0.926s] INFO:colcon.colcon_core.shell:Creating prefix script '/home/rcpsl/Xue_Yanyaobo_ws/install/local_setup.zsh'
[0.927s] INFO:colcon.colcon_core.shell:Creating prefix chain script '/home/rcpsl/Xue_Yanyaobo_ws/install/setup.zsh'
