running egg_info
writing ../../build/turtlebot_rrt/turtlebot_rrt.egg-info/PKG-INFO
writing dependency_links to ../../build/turtlebot_rrt/turtlebot_rrt.egg-info/dependency_links.txt
writing entry points to ../../build/turtlebot_rrt/turtlebot_rrt.egg-info/entry_points.txt
writing requirements to ../../build/turtlebot_rrt/turtlebot_rrt.egg-info/requires.txt
writing top-level names to ../../build/turtlebot_rrt/turtlebot_rrt.egg-info/top_level.txt
reading manifest file '../../build/turtlebot_rrt/turtlebot_rrt.egg-info/SOURCES.txt'
writing manifest file '../../build/turtlebot_rrt/turtlebot_rrt.egg-info/SOURCES.txt'
running build
running build_py
running install
running install_lib
running install_data
running install_egg_info
removing '/home/rcpsl/Xue_Yanyaobo_ws/install/turtlebot_rrt/lib/python3.10/site-packages/turtlebot_rrt-0.0.0-py3.10.egg-info' (and everything under it)
Copying ../../build/turtlebot_rrt/turtlebot_rrt.egg-info to /home/rcpsl/Xue_Yanyaobo_ws/install/turtlebot_rrt/lib/python3.10/site-packages/turtlebot_rrt-0.0.0-py3.10.egg-info
running install_scripts
Installing map_reader script to /home/rcpsl/Xue_Yanyaobo_ws/install/turtlebot_rrt/lib/turtlebot_rrt
Installing motion_planner script to /home/rcpsl/Xue_Yanyaobo_ws/install/turtlebot_rrt/lib/turtlebot_rrt
Installing rrt_node script to /home/rcpsl/Xue_Yanyaobo_ws/install/turtlebot_rrt/lib/turtlebot_rrt
writing list of installed files to '/home/rcpsl/Xue_Yanyaobo_ws/build/turtlebot_rrt/install.log'
