/home/rcpsl/Xue_Yanyaobo_ws/install/turtlebot_rrt/lib/python3.10/site-packages/turtlebot_rrt/rrt.py
/home/rcpsl/Xue_Yanyaobo_ws/install/turtlebot_rrt/lib/python3.10/site-packages/turtlebot_rrt/__init__.py
/home/rcpsl/Xue_Yanyaobo_ws/install/turtlebot_rrt/lib/python3.10/site-packages/turtlebot_rrt/map_reader_template.py
/home/rcpsl/Xue_Yanyaobo_ws/install/turtlebot_rrt/lib/python3.10/site-packages/turtlebot_rrt/rrt_node.py
/home/rcpsl/Xue_Yanyaobo_ws/install/turtlebot_rrt/lib/python3.10/site-packages/turtlebot_rrt/motion_planner.py
/home/rcpsl/Xue_Yanyaobo_ws/install/turtlebot_rrt/lib/python3.10/site-packages/turtlebot_rrt/__pycache__/rrt.cpython-310.pyc
/home/rcpsl/Xue_Yanyaobo_ws/install/turtlebot_rrt/lib/python3.10/site-packages/turtlebot_rrt/__pycache__/__init__.cpython-310.pyc
/home/rcpsl/Xue_Yanyaobo_ws/install/turtlebot_rrt/lib/python3.10/site-packages/turtlebot_rrt/__pycache__/map_reader_template.cpython-310.pyc
/home/rcpsl/Xue_Yanyaobo_ws/install/turtlebot_rrt/lib/python3.10/site-packages/turtlebot_rrt/__pycache__/rrt_node.cpython-310.pyc
/home/rcpsl/Xue_Yanyaobo_ws/install/turtlebot_rrt/lib/python3.10/site-packages/turtlebot_rrt/__pycache__/motion_planner.cpython-310.pyc
/home/rcpsl/Xue_Yanyaobo_ws/install/turtlebot_rrt/share/ament_index/resource_index/packages/turtlebot_rrt
/home/rcpsl/Xue_Yanyaobo_ws/install/turtlebot_rrt/share/turtlebot_rrt/package.xml
/home/rcpsl/Xue_Yanyaobo_ws/install/turtlebot_rrt/lib/python3.10/site-packages/turtlebot_rrt-0.0.0-py3.10.egg-info/SOURCES.txt
/home/rcpsl/Xue_Yanyaobo_ws/install/turtlebot_rrt/lib/python3.10/site-packages/turtlebot_rrt-0.0.0-py3.10.egg-info/zip-safe
/home/rcpsl/Xue_Yanyaobo_ws/install/turtlebot_rrt/lib/python3.10/site-packages/turtlebot_rrt-0.0.0-py3.10.egg-info/requires.txt
/home/rcpsl/Xue_Yanyaobo_ws/install/turtlebot_rrt/lib/python3.10/site-packages/turtlebot_rrt-0.0.0-py3.10.egg-info/dependency_links.txt
/home/rcpsl/Xue_Yanyaobo_ws/install/turtlebot_rrt/lib/python3.10/site-packages/turtlebot_rrt-0.0.0-py3.10.egg-info/top_level.txt
/home/rcpsl/Xue_Yanyaobo_ws/install/turtlebot_rrt/lib/python3.10/site-packages/turtlebot_rrt-0.0.0-py3.10.egg-info/entry_points.txt
/home/rcpsl/Xue_Yanyaobo_ws/install/turtlebot_rrt/lib/python3.10/site-packages/turtlebot_rrt-0.0.0-py3.10.egg-info/PKG-INFO
/home/rcpsl/Xue_Yanyaobo_ws/install/turtlebot_rrt/lib/turtlebot_rrt/map_reader
/home/rcpsl/Xue_Yanyaobo_ws/install/turtlebot_rrt/lib/turtlebot_rrt/motion_planner
/home/rcpsl/Xue_Yanyaobo_ws/install/turtlebot_rrt/lib/turtlebot_rrt/rrt_node
