[0.097s] DEBUG:colcon:Command line arguments: ['/usr/bin/colcon', 'build']
[0.097s] DEBUG:colcon:Parsed command line arguments: Namespace(log_base=None, log_level=None, verb_name='build', build_base='build', install_base='install', merge_install=False, symlink_install=False, test_result_base=None, continue_on_error=False, executor='parallel', parallel_workers=2, event_handlers=None, ignore_user_meta=False, metas=['./colcon.meta'], base_paths=['.'], packages_ignore=None, packages_ignore_regex=None, paths=None, packages_up_to=None, packages_up_to_regex=None, packages_above=None, packages_above_and_dependencies=None, packages_above_depth=None, packages_select_by_dep=None, packages_skip_by_dep=None, packages_skip_up_to=None, packages_select_build_failed=False, packages_skip_build_finished=False, packages_select_test_failures=False, packages_skip_test_passed=False, packages_select=None, packages_skip=None, packages_select_regex=None, packages_skip_regex=None, packages_start=None, packages_end=None, allow_overriding=[], cmake_args=None, cmake_target=None, cmake_target_skip_unavailable=False, cmake_clean_cache=False, cmake_clean_first=False, cmake_force_configure=False, ament_cmake_args=None, catkin_cmake_args=None, catkin_skip_building_tests=False, verb_parser=<colcon_defaults.argument_parser.defaults.DefaultArgumentsDecorator object at 0x77d0bff35180>, verb_extension=<colcon_core.verb.build.BuildVerb object at 0x77d0bff34bb0>, main=<bound method BuildVerb.main of <colcon_core.verb.build.BuildVerb object at 0x77d0bff34bb0>>)
[0.235s] Level 1:colcon.colcon_core.package_discovery:discover_packages(colcon_meta) check parameters
[0.236s] Level 1:colcon.colcon_core.package_discovery:discover_packages(recursive) check parameters
[0.236s] Level 1:colcon.colcon_core.package_discovery:discover_packages(ignore) check parameters
[0.236s] Level 1:colcon.colcon_core.package_discovery:discover_packages(path) check parameters
[0.236s] Level 1:colcon.colcon_core.package_discovery:discover_packages(colcon_meta) discover
[0.236s] Level 1:colcon.colcon_core.package_discovery:discover_packages(recursive) discover
[0.236s] INFO:colcon.colcon_core.package_discovery:Crawling recursively for packages in '/home/rcpsl/Xue_Yanyaobo_ws'
[0.236s] Level 1:colcon.colcon_core.package_identification:_identify(.) by extensions ['ignore', 'ignore_ament_install']
[0.236s] Level 1:colcon.colcon_core.package_identification:_identify(.) by extension 'ignore'
[0.236s] Level 1:colcon.colcon_core.package_identification:_identify(.) by extension 'ignore_ament_install'
[0.236s] Level 1:colcon.colcon_core.package_identification:_identify(.) by extensions ['colcon_pkg']
[0.236s] Level 1:colcon.colcon_core.package_identification:_identify(.) by extension 'colcon_pkg'
[0.236s] Level 1:colcon.colcon_core.package_identification:_identify(.) by extensions ['colcon_meta']
[0.236s] Level 1:colcon.colcon_core.package_identification:_identify(.) by extension 'colcon_meta'
[0.236s] Level 1:colcon.colcon_core.package_identification:_identify(.) by extensions ['ros']
[0.236s] Level 1:colcon.colcon_core.package_identification:_identify(.) by extension 'ros'
[0.245s] Level 1:colcon.colcon_core.package_identification:_identify(.) by extensions ['cmake', 'python']
[0.245s] Level 1:colcon.colcon_core.package_identification:_identify(.) by extension 'cmake'
[0.245s] Level 1:colcon.colcon_core.package_identification:_identify(.) by extension 'python'
[0.245s] Level 1:colcon.colcon_core.package_identification:_identify(.) by extensions ['python_setup_py']
[0.245s] Level 1:colcon.colcon_core.package_identification:_identify(.) by extension 'python_setup_py'
[0.245s] Level 1:colcon.colcon_core.package_identification:_identify(build) by extensions ['ignore', 'ignore_ament_install']
[0.246s] Level 1:colcon.colcon_core.package_identification:_identify(build) by extension 'ignore'
[0.246s] Level 1:colcon.colcon_core.package_identification:_identify(build) ignored
[0.246s] Level 1:colcon.colcon_core.package_identification:_identify(install) by extensions ['ignore', 'ignore_ament_install']
[0.246s] Level 1:colcon.colcon_core.package_identification:_identify(install) by extension 'ignore'
[0.246s] Level 1:colcon.colcon_core.package_identification:_identify(install) ignored
[0.246s] Level 1:colcon.colcon_core.package_identification:_identify(log) by extensions ['ignore', 'ignore_ament_install']
[0.246s] Level 1:colcon.colcon_core.package_identification:_identify(log) by extension 'ignore'
[0.246s] Level 1:colcon.colcon_core.package_identification:_identify(log) ignored
[0.246s] Level 1:colcon.colcon_core.package_identification:_identify(src) by extensions ['ignore', 'ignore_ament_install']
[0.246s] Level 1:colcon.colcon_core.package_identification:_identify(src) by extension 'ignore'
[0.246s] Level 1:colcon.colcon_core.package_identification:_identify(src) by extension 'ignore_ament_install'
[0.246s] Level 1:colcon.colcon_core.package_identification:_identify(src) by extensions ['colcon_pkg']
[0.246s] Level 1:colcon.colcon_core.package_identification:_identify(src) by extension 'colcon_pkg'
[0.246s] Level 1:colcon.colcon_core.package_identification:_identify(src) by extensions ['colcon_meta']
[0.246s] Level 1:colcon.colcon_core.package_identification:_identify(src) by extension 'colcon_meta'
[0.246s] Level 1:colcon.colcon_core.package_identification:_identify(src) by extensions ['ros']
[0.246s] Level 1:colcon.colcon_core.package_identification:_identify(src) by extension 'ros'
[0.246s] Level 1:colcon.colcon_core.package_identification:_identify(src) by extensions ['cmake', 'python']
[0.246s] Level 1:colcon.colcon_core.package_identification:_identify(src) by extension 'cmake'
[0.246s] Level 1:colcon.colcon_core.package_identification:_identify(src) by extension 'python'
[0.246s] Level 1:colcon.colcon_core.package_identification:_identify(src) by extensions ['python_setup_py']
[0.246s] Level 1:colcon.colcon_core.package_identification:_identify(src) by extension 'python_setup_py'
[0.247s] Level 1:colcon.colcon_core.package_identification:_identify(src/TurtleBot) by extensions ['ignore', 'ignore_ament_install']
[0.247s] Level 1:colcon.colcon_core.package_identification:_identify(src/TurtleBot) by extension 'ignore'
[0.247s] Level 1:colcon.colcon_core.package_identification:_identify(src/TurtleBot) by extension 'ignore_ament_install'
[0.247s] Level 1:colcon.colcon_core.package_identification:_identify(src/TurtleBot) by extensions ['colcon_pkg']
[0.247s] Level 1:colcon.colcon_core.package_identification:_identify(src/TurtleBot) by extension 'colcon_pkg'
[0.247s] Level 1:colcon.colcon_core.package_identification:_identify(src/TurtleBot) by extensions ['colcon_meta']
[0.247s] Level 1:colcon.colcon_core.package_identification:_identify(src/TurtleBot) by extension 'colcon_meta'
[0.247s] Level 1:colcon.colcon_core.package_identification:_identify(src/TurtleBot) by extensions ['ros']
[0.247s] Level 1:colcon.colcon_core.package_identification:_identify(src/TurtleBot) by extension 'ros'
[0.249s] DEBUG:colcon.colcon_core.package_identification:Package 'src/TurtleBot' with type 'ros.ament_python' and name 'TurtleBot'
[0.249s] Level 1:colcon.colcon_core.package_identification:_identify(src/maps) by extensions ['ignore', 'ignore_ament_install']
[0.249s] Level 1:colcon.colcon_core.package_identification:_identify(src/maps) by extension 'ignore'
[0.249s] Level 1:colcon.colcon_core.package_identification:_identify(src/maps) by extension 'ignore_ament_install'
[0.249s] Level 1:colcon.colcon_core.package_identification:_identify(src/maps) by extensions ['colcon_pkg']
[0.249s] Level 1:colcon.colcon_core.package_identification:_identify(src/maps) by extension 'colcon_pkg'
[0.249s] Level 1:colcon.colcon_core.package_identification:_identify(src/maps) by extensions ['colcon_meta']
[0.249s] Level 1:colcon.colcon_core.package_identification:_identify(src/maps) by extension 'colcon_meta'
[0.249s] Level 1:colcon.colcon_core.package_identification:_identify(src/maps) by extensions ['ros']
[0.249s] Level 1:colcon.colcon_core.package_identification:_identify(src/maps) by extension 'ros'
[0.249s] Level 1:colcon.colcon_core.package_identification:_identify(src/maps) by extensions ['cmake', 'python']
[0.249s] Level 1:colcon.colcon_core.package_identification:_identify(src/maps) by extension 'cmake'
[0.249s] Level 1:colcon.colcon_core.package_identification:_identify(src/maps) by extension 'python'
[0.249s] Level 1:colcon.colcon_core.package_identification:_identify(src/maps) by extensions ['python_setup_py']
[0.249s] Level 1:colcon.colcon_core.package_identification:_identify(src/maps) by extension 'python_setup_py'
[0.249s] Level 1:colcon.colcon_core.package_identification:_identify(src/turtlebot3_simulations) by extensions ['ignore', 'ignore_ament_install']
[0.249s] Level 1:colcon.colcon_core.package_identification:_identify(src/turtlebot3_simulations) by extension 'ignore'
[0.249s] Level 1:colcon.colcon_core.package_identification:_identify(src/turtlebot3_simulations) by extension 'ignore_ament_install'
[0.249s] Level 1:colcon.colcon_core.package_identification:_identify(src/turtlebot3_simulations) by extensions ['colcon_pkg']
[0.249s] Level 1:colcon.colcon_core.package_identification:_identify(src/turtlebot3_simulations) by extension 'colcon_pkg'
[0.250s] Level 1:colcon.colcon_core.package_identification:_identify(src/turtlebot3_simulations) by extensions ['colcon_meta']
[0.250s] Level 1:colcon.colcon_core.package_identification:_identify(src/turtlebot3_simulations) by extension 'colcon_meta'
[0.250s] Level 1:colcon.colcon_core.package_identification:_identify(src/turtlebot3_simulations) by extensions ['ros']
[0.250s] Level 1:colcon.colcon_core.package_identification:_identify(src/turtlebot3_simulations) by extension 'ros'
[0.250s] Level 1:colcon.colcon_core.package_identification:_identify(src/turtlebot3_simulations) by extensions ['cmake', 'python']
[0.250s] Level 1:colcon.colcon_core.package_identification:_identify(src/turtlebot3_simulations) by extension 'cmake'
[0.250s] Level 1:colcon.colcon_core.package_identification:_identify(src/turtlebot3_simulations) by extension 'python'
[0.250s] Level 1:colcon.colcon_core.package_identification:_identify(src/turtlebot3_simulations) by extensions ['python_setup_py']
[0.250s] Level 1:colcon.colcon_core.package_identification:_identify(src/turtlebot3_simulations) by extension 'python_setup_py'
[0.250s] Level 1:colcon.colcon_core.package_identification:_identify(src/turtlebot3_simulations/turtlebot3_fake_node) by extensions ['ignore', 'ignore_ament_install']
[0.250s] Level 1:colcon.colcon_core.package_identification:_identify(src/turtlebot3_simulations/turtlebot3_fake_node) by extension 'ignore'
[0.250s] Level 1:colcon.colcon_core.package_identification:_identify(src/turtlebot3_simulations/turtlebot3_fake_node) by extension 'ignore_ament_install'
[0.250s] Level 1:colcon.colcon_core.package_identification:_identify(src/turtlebot3_simulations/turtlebot3_fake_node) by extensions ['colcon_pkg']
[0.250s] Level 1:colcon.colcon_core.package_identification:_identify(src/turtlebot3_simulations/turtlebot3_fake_node) by extension 'colcon_pkg'
[0.250s] Level 1:colcon.colcon_core.package_identification:_identify(src/turtlebot3_simulations/turtlebot3_fake_node) by extensions ['colcon_meta']
[0.250s] Level 1:colcon.colcon_core.package_identification:_identify(src/turtlebot3_simulations/turtlebot3_fake_node) by extension 'colcon_meta'
[0.250s] Level 1:colcon.colcon_core.package_identification:_identify(src/turtlebot3_simulations/turtlebot3_fake_node) by extensions ['ros']
[0.250s] Level 1:colcon.colcon_core.package_identification:_identify(src/turtlebot3_simulations/turtlebot3_fake_node) by extension 'ros'
[0.251s] DEBUG:colcon.colcon_core.package_identification:Package 'src/turtlebot3_simulations/turtlebot3_fake_node' with type 'ros.ament_cmake' and name 'turtlebot3_fake_node'
[0.251s] Level 1:colcon.colcon_core.package_identification:_identify(src/turtlebot3_simulations/turtlebot3_gazebo) by extensions ['ignore', 'ignore_ament_install']
[0.251s] Level 1:colcon.colcon_core.package_identification:_identify(src/turtlebot3_simulations/turtlebot3_gazebo) by extension 'ignore'
[0.251s] Level 1:colcon.colcon_core.package_identification:_identify(src/turtlebot3_simulations/turtlebot3_gazebo) by extension 'ignore_ament_install'
[0.251s] Level 1:colcon.colcon_core.package_identification:_identify(src/turtlebot3_simulations/turtlebot3_gazebo) by extensions ['colcon_pkg']
[0.251s] Level 1:colcon.colcon_core.package_identification:_identify(src/turtlebot3_simulations/turtlebot3_gazebo) by extension 'colcon_pkg'
[0.251s] Level 1:colcon.colcon_core.package_identification:_identify(src/turtlebot3_simulations/turtlebot3_gazebo) by extensions ['colcon_meta']
[0.251s] Level 1:colcon.colcon_core.package_identification:_identify(src/turtlebot3_simulations/turtlebot3_gazebo) by extension 'colcon_meta'
[0.251s] Level 1:colcon.colcon_core.package_identification:_identify(src/turtlebot3_simulations/turtlebot3_gazebo) by extensions ['ros']
[0.251s] Level 1:colcon.colcon_core.package_identification:_identify(src/turtlebot3_simulations/turtlebot3_gazebo) by extension 'ros'
[0.252s] DEBUG:colcon.colcon_core.package_identification:Package 'src/turtlebot3_simulations/turtlebot3_gazebo' with type 'ros.ament_cmake' and name 'turtlebot3_gazebo'
[0.252s] Level 1:colcon.colcon_core.package_identification:_identify(src/turtlebot3_simulations/turtlebot3_simulations) by extensions ['ignore', 'ignore_ament_install']
[0.252s] Level 1:colcon.colcon_core.package_identification:_identify(src/turtlebot3_simulations/turtlebot3_simulations) by extension 'ignore'
[0.252s] Level 1:colcon.colcon_core.package_identification:_identify(src/turtlebot3_simulations/turtlebot3_simulations) by extension 'ignore_ament_install'
[0.252s] Level 1:colcon.colcon_core.package_identification:_identify(src/turtlebot3_simulations/turtlebot3_simulations) by extensions ['colcon_pkg']
[0.252s] Level 1:colcon.colcon_core.package_identification:_identify(src/turtlebot3_simulations/turtlebot3_simulations) by extension 'colcon_pkg'
[0.252s] Level 1:colcon.colcon_core.package_identification:_identify(src/turtlebot3_simulations/turtlebot3_simulations) by extensions ['colcon_meta']
[0.252s] Level 1:colcon.colcon_core.package_identification:_identify(src/turtlebot3_simulations/turtlebot3_simulations) by extension 'colcon_meta'
[0.253s] Level 1:colcon.colcon_core.package_identification:_identify(src/turtlebot3_simulations/turtlebot3_simulations) by extensions ['ros']
[0.253s] Level 1:colcon.colcon_core.package_identification:_identify(src/turtlebot3_simulations/turtlebot3_simulations) by extension 'ros'
[0.253s] DEBUG:colcon.colcon_core.package_identification:Package 'src/turtlebot3_simulations/turtlebot3_simulations' with type 'ros.ament_cmake' and name 'turtlebot3_simulations'
[0.253s] Level 1:colcon.colcon_core.package_identification:_identify(src/turtlebot_rrt) by extensions ['ignore', 'ignore_ament_install']
[0.253s] Level 1:colcon.colcon_core.package_identification:_identify(src/turtlebot_rrt) by extension 'ignore'
[0.253s] Level 1:colcon.colcon_core.package_identification:_identify(src/turtlebot_rrt) by extension 'ignore_ament_install'
[0.253s] Level 1:colcon.colcon_core.package_identification:_identify(src/turtlebot_rrt) by extensions ['colcon_pkg']
[0.253s] Level 1:colcon.colcon_core.package_identification:_identify(src/turtlebot_rrt) by extension 'colcon_pkg'
[0.253s] Level 1:colcon.colcon_core.package_identification:_identify(src/turtlebot_rrt) by extensions ['colcon_meta']
[0.253s] Level 1:colcon.colcon_core.package_identification:_identify(src/turtlebot_rrt) by extension 'colcon_meta'
[0.253s] Level 1:colcon.colcon_core.package_identification:_identify(src/turtlebot_rrt) by extensions ['ros']
[0.253s] Level 1:colcon.colcon_core.package_identification:_identify(src/turtlebot_rrt) by extension 'ros'
[0.254s] DEBUG:colcon.colcon_core.package_identification:Package 'src/turtlebot_rrt' with type 'ros.ament_python' and name 'turtlebot_rrt'
[0.254s] Level 1:colcon.colcon_core.package_discovery:discover_packages(recursive) using defaults
[0.254s] Level 1:colcon.colcon_core.package_discovery:discover_packages(ignore) discover
[0.254s] Level 1:colcon.colcon_core.package_discovery:discover_packages(ignore) using defaults
[0.254s] Level 1:colcon.colcon_core.package_discovery:discover_packages(path) discover
[0.254s] Level 1:colcon.colcon_core.package_discovery:discover_packages(path) using defaults
[0.292s] Level 1:colcon.colcon_core.package_discovery:discover_packages(prefix_path) check parameters
[0.293s] Level 1:colcon.colcon_core.package_discovery:discover_packages(prefix_path) discover
[0.295s] DEBUG:colcon.colcon_installed_package_information.package_discovery:Found 5 installed packages in /home/rcpsl/Xue_Yanyaobo_ws/install
[0.297s] DEBUG:colcon.colcon_installed_package_information.package_discovery:Found 370 installed packages in /opt/ros/humble
[0.299s] Level 1:colcon.colcon_core.package_discovery:discover_packages(prefix_path) using defaults
[0.333s] Level 5:colcon.colcon_core.verb:set package 'TurtleBot' build argument 'cmake_args' from command line to 'None'
[0.333s] Level 5:colcon.colcon_core.verb:set package 'TurtleBot' build argument 'cmake_target' from command line to 'None'
[0.333s] Level 5:colcon.colcon_core.verb:set package 'TurtleBot' build argument 'cmake_target_skip_unavailable' from command line to 'False'
[0.333s] Level 5:colcon.colcon_core.verb:set package 'TurtleBot' build argument 'cmake_clean_cache' from command line to 'False'
[0.333s] Level 5:colcon.colcon_core.verb:set package 'TurtleBot' build argument 'cmake_clean_first' from command line to 'False'
[0.333s] Level 5:colcon.colcon_core.verb:set package 'TurtleBot' build argument 'cmake_force_configure' from command line to 'False'
[0.333s] Level 5:colcon.colcon_core.verb:set package 'TurtleBot' build argument 'ament_cmake_args' from command line to 'None'
[0.333s] Level 5:colcon.colcon_core.verb:set package 'TurtleBot' build argument 'catkin_cmake_args' from command line to 'None'
[0.333s] Level 5:colcon.colcon_core.verb:set package 'TurtleBot' build argument 'catkin_skip_building_tests' from command line to 'False'
[0.333s] DEBUG:colcon.colcon_core.verb:Building package 'TurtleBot' with the following arguments: {'ament_cmake_args': None, 'build_base': '/home/rcpsl/Xue_Yanyaobo_ws/build/TurtleBot', 'catkin_cmake_args': None, 'catkin_skip_building_tests': False, 'cmake_args': None, 'cmake_clean_cache': False, 'cmake_clean_first': False, 'cmake_force_configure': False, 'cmake_target': None, 'cmake_target_skip_unavailable': False, 'install_base': '/home/rcpsl/Xue_Yanyaobo_ws/install/TurtleBot', 'merge_install': False, 'path': '/home/rcpsl/Xue_Yanyaobo_ws/src/TurtleBot', 'symlink_install': False, 'test_result_base': None}
[0.334s] Level 5:colcon.colcon_core.verb:set package 'turtlebot3_fake_node' build argument 'cmake_args' from command line to 'None'
[0.334s] Level 5:colcon.colcon_core.verb:set package 'turtlebot3_fake_node' build argument 'cmake_target' from command line to 'None'
[0.334s] Level 5:colcon.colcon_core.verb:set package 'turtlebot3_fake_node' build argument 'cmake_target_skip_unavailable' from command line to 'False'
[0.334s] Level 5:colcon.colcon_core.verb:set package 'turtlebot3_fake_node' build argument 'cmake_clean_cache' from command line to 'False'
[0.334s] Level 5:colcon.colcon_core.verb:set package 'turtlebot3_fake_node' build argument 'cmake_clean_first' from command line to 'False'
[0.334s] Level 5:colcon.colcon_core.verb:set package 'turtlebot3_fake_node' build argument 'cmake_force_configure' from command line to 'False'
[0.334s] Level 5:colcon.colcon_core.verb:set package 'turtlebot3_fake_node' build argument 'ament_cmake_args' from command line to 'None'
[0.334s] Level 5:colcon.colcon_core.verb:set package 'turtlebot3_fake_node' build argument 'catkin_cmake_args' from command line to 'None'
[0.334s] Level 5:colcon.colcon_core.verb:set package 'turtlebot3_fake_node' build argument 'catkin_skip_building_tests' from command line to 'False'
[0.334s] DEBUG:colcon.colcon_core.verb:Building package 'turtlebot3_fake_node' with the following arguments: {'ament_cmake_args': None, 'build_base': '/home/rcpsl/Xue_Yanyaobo_ws/build/turtlebot3_fake_node', 'catkin_cmake_args': None, 'catkin_skip_building_tests': False, 'cmake_args': None, 'cmake_clean_cache': False, 'cmake_clean_first': False, 'cmake_force_configure': False, 'cmake_target': None, 'cmake_target_skip_unavailable': False, 'install_base': '/home/rcpsl/Xue_Yanyaobo_ws/install/turtlebot3_fake_node', 'merge_install': False, 'path': '/home/rcpsl/Xue_Yanyaobo_ws/src/turtlebot3_simulations/turtlebot3_fake_node', 'symlink_install': False, 'test_result_base': None}
[0.334s] Level 5:colcon.colcon_core.verb:set package 'turtlebot3_gazebo' build argument 'cmake_args' from command line to 'None'
[0.334s] Level 5:colcon.colcon_core.verb:set package 'turtlebot3_gazebo' build argument 'cmake_target' from command line to 'None'
[0.334s] Level 5:colcon.colcon_core.verb:set package 'turtlebot3_gazebo' build argument 'cmake_target_skip_unavailable' from command line to 'False'
[0.334s] Level 5:colcon.colcon_core.verb:set package 'turtlebot3_gazebo' build argument 'cmake_clean_cache' from command line to 'False'
[0.334s] Level 5:colcon.colcon_core.verb:set package 'turtlebot3_gazebo' build argument 'cmake_clean_first' from command line to 'False'
[0.334s] Level 5:colcon.colcon_core.verb:set package 'turtlebot3_gazebo' build argument 'cmake_force_configure' from command line to 'False'
[0.334s] Level 5:colcon.colcon_core.verb:set package 'turtlebot3_gazebo' build argument 'ament_cmake_args' from command line to 'None'
[0.334s] Level 5:colcon.colcon_core.verb:set package 'turtlebot3_gazebo' build argument 'catkin_cmake_args' from command line to 'None'
[0.334s] Level 5:colcon.colcon_core.verb:set package 'turtlebot3_gazebo' build argument 'catkin_skip_building_tests' from command line to 'False'
[0.334s] DEBUG:colcon.colcon_core.verb:Building package 'turtlebot3_gazebo' with the following arguments: {'ament_cmake_args': None, 'build_base': '/home/rcpsl/Xue_Yanyaobo_ws/build/turtlebot3_gazebo', 'catkin_cmake_args': None, 'catkin_skip_building_tests': False, 'cmake_args': None, 'cmake_clean_cache': False, 'cmake_clean_first': False, 'cmake_force_configure': False, 'cmake_target': None, 'cmake_target_skip_unavailable': False, 'install_base': '/home/rcpsl/Xue_Yanyaobo_ws/install/turtlebot3_gazebo', 'merge_install': False, 'path': '/home/rcpsl/Xue_Yanyaobo_ws/src/turtlebot3_simulations/turtlebot3_gazebo', 'symlink_install': False, 'test_result_base': None}
[0.334s] Level 5:colcon.colcon_core.verb:set package 'turtlebot_rrt' build argument 'cmake_args' from command line to 'None'
[0.334s] Level 5:colcon.colcon_core.verb:set package 'turtlebot_rrt' build argument 'cmake_target' from command line to 'None'
[0.334s] Level 5:colcon.colcon_core.verb:set package 'turtlebot_rrt' build argument 'cmake_target_skip_unavailable' from command line to 'False'
[0.334s] Level 5:colcon.colcon_core.verb:set package 'turtlebot_rrt' build argument 'cmake_clean_cache' from command line to 'False'
[0.334s] Level 5:colcon.colcon_core.verb:set package 'turtlebot_rrt' build argument 'cmake_clean_first' from command line to 'False'
[0.334s] Level 5:colcon.colcon_core.verb:set package 'turtlebot_rrt' build argument 'cmake_force_configure' from command line to 'False'
[0.334s] Level 5:colcon.colcon_core.verb:set package 'turtlebot_rrt' build argument 'ament_cmake_args' from command line to 'None'
[0.334s] Level 5:colcon.colcon_core.verb:set package 'turtlebot_rrt' build argument 'catkin_cmake_args' from command line to 'None'
[0.334s] Level 5:colcon.colcon_core.verb:set package 'turtlebot_rrt' build argument 'catkin_skip_building_tests' from command line to 'False'
[0.334s] DEBUG:colcon.colcon_core.verb:Building package 'turtlebot_rrt' with the following arguments: {'ament_cmake_args': None, 'build_base': '/home/rcpsl/Xue_Yanyaobo_ws/build/turtlebot_rrt', 'catkin_cmake_args': None, 'catkin_skip_building_tests': False, 'cmake_args': None, 'cmake_clean_cache': False, 'cmake_clean_first': False, 'cmake_force_configure': False, 'cmake_target': None, 'cmake_target_skip_unavailable': False, 'install_base': '/home/rcpsl/Xue_Yanyaobo_ws/install/turtlebot_rrt', 'merge_install': False, 'path': '/home/rcpsl/Xue_Yanyaobo_ws/src/turtlebot_rrt', 'symlink_install': False, 'test_result_base': None}
[0.334s] Level 5:colcon.colcon_core.verb:set package 'turtlebot3_simulations' build argument 'cmake_args' from command line to 'None'
[0.334s] Level 5:colcon.colcon_core.verb:set package 'turtlebot3_simulations' build argument 'cmake_target' from command line to 'None'
[0.334s] Level 5:colcon.colcon_core.verb:set package 'turtlebot3_simulations' build argument 'cmake_target_skip_unavailable' from command line to 'False'
[0.334s] Level 5:colcon.colcon_core.verb:set package 'turtlebot3_simulations' build argument 'cmake_clean_cache' from command line to 'False'
[0.334s] Level 5:colcon.colcon_core.verb:set package 'turtlebot3_simulations' build argument 'cmake_clean_first' from command line to 'False'
[0.334s] Level 5:colcon.colcon_core.verb:set package 'turtlebot3_simulations' build argument 'cmake_force_configure' from command line to 'False'
[0.334s] Level 5:colcon.colcon_core.verb:set package 'turtlebot3_simulations' build argument 'ament_cmake_args' from command line to 'None'
[0.335s] Level 5:colcon.colcon_core.verb:set package 'turtlebot3_simulations' build argument 'catkin_cmake_args' from command line to 'None'
[0.335s] Level 5:colcon.colcon_core.verb:set package 'turtlebot3_simulations' build argument 'catkin_skip_building_tests' from command line to 'False'
[0.335s] DEBUG:colcon.colcon_core.verb:Building package 'turtlebot3_simulations' with the following arguments: {'ament_cmake_args': None, 'build_base': '/home/rcpsl/Xue_Yanyaobo_ws/build/turtlebot3_simulations', 'catkin_cmake_args': None, 'catkin_skip_building_tests': False, 'cmake_args': None, 'cmake_clean_cache': False, 'cmake_clean_first': False, 'cmake_force_configure': False, 'cmake_target': None, 'cmake_target_skip_unavailable': False, 'install_base': '/home/rcpsl/Xue_Yanyaobo_ws/install/turtlebot3_simulations', 'merge_install': False, 'path': '/home/rcpsl/Xue_Yanyaobo_ws/src/turtlebot3_simulations/turtlebot3_simulations', 'symlink_install': False, 'test_result_base': None}
[0.335s] INFO:colcon.colcon_core.executor:Executing jobs using 'parallel' executor
[0.336s] DEBUG:colcon.colcon_parallel_executor.executor.parallel:run_until_complete
[0.336s] INFO:colcon.colcon_ros.task.ament_cmake.build:Building ROS package in '/home/rcpsl/Xue_Yanyaobo_ws/src/turtlebot3_simulations/turtlebot3_fake_node' with build type 'ament_cmake'
[0.336s] INFO:colcon.colcon_cmake.task.cmake.build:Building CMake package in '/home/rcpsl/Xue_Yanyaobo_ws/src/turtlebot3_simulations/turtlebot3_fake_node'
[0.337s] INFO:colcon.colcon_core.plugin_system:Skipping extension 'colcon_core.shell.bat': Not used on non-Windows systems
[0.337s] INFO:colcon.colcon_core.shell:Skip shell extension 'powershell' for command environment: Not usable outside of PowerShell
[0.337s] DEBUG:colcon.colcon_core.shell:Skip shell extension 'dsv' for command environment
[0.344s] INFO:colcon.colcon_ros.task.ament_cmake.build:Building ROS package in '/home/rcpsl/Xue_Yanyaobo_ws/src/turtlebot3_simulations/turtlebot3_gazebo' with build type 'ament_cmake'
[0.344s] INFO:colcon.colcon_cmake.task.cmake.build:Building CMake package in '/home/rcpsl/Xue_Yanyaobo_ws/src/turtlebot3_simulations/turtlebot3_gazebo'
[0.344s] INFO:colcon.colcon_core.shell:Skip shell extension 'powershell' for command environment: Not usable outside of PowerShell
[0.344s] DEBUG:colcon.colcon_core.shell:Skip shell extension 'dsv' for command environment
[0.353s] DEBUG:colcon.colcon_core.event_handler.log_command:Invoking command in '/home/rcpsl/Xue_Yanyaobo_ws/build/turtlebot3_fake_node': CMAKE_PREFIX_PATH=${CMAKE_PREFIX_PATH}:/home/rcpsl/Xue_Yanyaobo_ws/install/turtlebot_rrt:/home/rcpsl/Xue_Yanyaobo_ws/install/TurtleBot:/opt/ros/humble /usr/bin/cmake --build /home/rcpsl/Xue_Yanyaobo_ws/build/turtlebot3_fake_node -- -j2 -l2
[0.385s] DEBUG:colcon.colcon_core.event_handler.log_command:Invoking command in '/home/rcpsl/Xue_Yanyaobo_ws/build/turtlebot3_gazebo': CMAKE_PREFIX_PATH=${CMAKE_PREFIX_PATH}:/home/rcpsl/Xue_Yanyaobo_ws/install/turtlebot_rrt:/home/rcpsl/Xue_Yanyaobo_ws/install/TurtleBot:/opt/ros/humble /usr/bin/cmake --build /home/rcpsl/Xue_Yanyaobo_ws/build/turtlebot3_gazebo -- -j2 -l2
[0.564s] DEBUG:colcon.colcon_core.event_handler.log_command:Invoked command in '/home/rcpsl/Xue_Yanyaobo_ws/build/turtlebot3_fake_node' returned '0': CMAKE_PREFIX_PATH=${CMAKE_PREFIX_PATH}:/home/rcpsl/Xue_Yanyaobo_ws/install/turtlebot_rrt:/home/rcpsl/Xue_Yanyaobo_ws/install/TurtleBot:/opt/ros/humble /usr/bin/cmake --build /home/rcpsl/Xue_Yanyaobo_ws/build/turtlebot3_fake_node -- -j2 -l2
[0.692s] DEBUG:colcon.colcon_core.event_handler.log_command:Invoking command in '/home/rcpsl/Xue_Yanyaobo_ws/build/turtlebot3_fake_node': CMAKE_PREFIX_PATH=${CMAKE_PREFIX_PATH}:/home/rcpsl/Xue_Yanyaobo_ws/install/turtlebot_rrt:/home/rcpsl/Xue_Yanyaobo_ws/install/TurtleBot:/opt/ros/humble /usr/bin/cmake --install /home/rcpsl/Xue_Yanyaobo_ws/build/turtlebot3_fake_node
[0.710s] Level 1:colcon.colcon_core.environment:create_environment_scripts_only(turtlebot3_fake_node)
[0.713s] Level 1:colcon.colcon_core.environment:checking '/home/rcpsl/Xue_Yanyaobo_ws/install/turtlebot3_fake_node' for CMake module files
[0.713s] DEBUG:colcon.colcon_core.event_handler.log_command:Invoked command in '/home/rcpsl/Xue_Yanyaobo_ws/build/turtlebot3_fake_node' returned '0': CMAKE_PREFIX_PATH=${CMAKE_PREFIX_PATH}:/home/rcpsl/Xue_Yanyaobo_ws/install/turtlebot_rrt:/home/rcpsl/Xue_Yanyaobo_ws/install/TurtleBot:/opt/ros/humble /usr/bin/cmake --install /home/rcpsl/Xue_Yanyaobo_ws/build/turtlebot3_fake_node
[0.713s] Level 1:colcon.colcon_core.environment:checking '/home/rcpsl/Xue_Yanyaobo_ws/install/turtlebot3_fake_node' for CMake config files
[0.714s] Level 1:colcon.colcon_core.shell:create_environment_hook('turtlebot3_fake_node', 'cmake_prefix_path')
[0.714s] INFO:colcon.colcon_core.shell:Creating environment hook '/home/rcpsl/Xue_Yanyaobo_ws/install/turtlebot3_fake_node/share/turtlebot3_fake_node/hook/cmake_prefix_path.ps1'
[0.715s] INFO:colcon.colcon_core.shell:Creating environment descriptor '/home/rcpsl/Xue_Yanyaobo_ws/install/turtlebot3_fake_node/share/turtlebot3_fake_node/hook/cmake_prefix_path.dsv'
[0.715s] INFO:colcon.colcon_core.shell:Creating environment hook '/home/rcpsl/Xue_Yanyaobo_ws/install/turtlebot3_fake_node/share/turtlebot3_fake_node/hook/cmake_prefix_path.sh'
[0.716s] Level 1:colcon.colcon_core.environment:checking '/home/rcpsl/Xue_Yanyaobo_ws/install/turtlebot3_fake_node/lib'
[0.716s] Level 1:colcon.colcon_core.environment:checking '/home/rcpsl/Xue_Yanyaobo_ws/install/turtlebot3_fake_node/bin'
[0.716s] Level 1:colcon.colcon_core.environment:checking '/home/rcpsl/Xue_Yanyaobo_ws/install/turtlebot3_fake_node/lib/pkgconfig/turtlebot3_fake_node.pc'
[0.717s] Level 1:colcon.colcon_core.environment:checking '/home/rcpsl/Xue_Yanyaobo_ws/install/turtlebot3_fake_node/lib/python3.10/site-packages'
[0.717s] Level 1:colcon.colcon_core.environment:checking '/home/rcpsl/Xue_Yanyaobo_ws/install/turtlebot3_fake_node/bin'
[0.717s] INFO:colcon.colcon_core.shell:Creating package script '/home/rcpsl/Xue_Yanyaobo_ws/install/turtlebot3_fake_node/share/turtlebot3_fake_node/package.ps1'
[0.717s] INFO:colcon.colcon_core.shell:Creating package descriptor '/home/rcpsl/Xue_Yanyaobo_ws/install/turtlebot3_fake_node/share/turtlebot3_fake_node/package.dsv'
[0.718s] INFO:colcon.colcon_core.shell:Creating package script '/home/rcpsl/Xue_Yanyaobo_ws/install/turtlebot3_fake_node/share/turtlebot3_fake_node/package.sh'
[0.719s] INFO:colcon.colcon_core.shell:Creating package script '/home/rcpsl/Xue_Yanyaobo_ws/install/turtlebot3_fake_node/share/turtlebot3_fake_node/package.bash'
[0.719s] INFO:colcon.colcon_core.shell:Creating package script '/home/rcpsl/Xue_Yanyaobo_ws/install/turtlebot3_fake_node/share/turtlebot3_fake_node/package.zsh'
[0.720s] Level 1:colcon.colcon_core.environment:create_file_with_runtime_dependencies(/home/rcpsl/Xue_Yanyaobo_ws/install/turtlebot3_fake_node/share/colcon-core/packages/turtlebot3_fake_node)
[0.808s] DEBUG:colcon.colcon_core.event_handler.log_command:Invoked command in '/home/rcpsl/Xue_Yanyaobo_ws/build/turtlebot3_gazebo' returned '0': CMAKE_PREFIX_PATH=${CMAKE_PREFIX_PATH}:/home/rcpsl/Xue_Yanyaobo_ws/install/turtlebot_rrt:/home/rcpsl/Xue_Yanyaobo_ws/install/TurtleBot:/opt/ros/humble /usr/bin/cmake --build /home/rcpsl/Xue_Yanyaobo_ws/build/turtlebot3_gazebo -- -j2 -l2
[0.818s] Level 1:colcon.colcon_core.environment:create_environment_scripts_only(turtlebot3_fake_node)
[0.819s] Level 1:colcon.colcon_core.environment:checking '/home/rcpsl/Xue_Yanyaobo_ws/install/turtlebot3_fake_node' for CMake module files
[0.819s] Level 1:colcon.colcon_core.environment:checking '/home/rcpsl/Xue_Yanyaobo_ws/install/turtlebot3_fake_node' for CMake config files
[0.819s] Level 1:colcon.colcon_core.shell:create_environment_hook('turtlebot3_fake_node', 'cmake_prefix_path')
[0.820s] INFO:colcon.colcon_core.shell:Creating environment hook '/home/rcpsl/Xue_Yanyaobo_ws/install/turtlebot3_fake_node/share/turtlebot3_fake_node/hook/cmake_prefix_path.ps1'
[0.820s] INFO:colcon.colcon_core.shell:Creating environment descriptor '/home/rcpsl/Xue_Yanyaobo_ws/install/turtlebot3_fake_node/share/turtlebot3_fake_node/hook/cmake_prefix_path.dsv'
[0.821s] INFO:colcon.colcon_core.shell:Creating environment hook '/home/rcpsl/Xue_Yanyaobo_ws/install/turtlebot3_fake_node/share/turtlebot3_fake_node/hook/cmake_prefix_path.sh'
[0.822s] Level 1:colcon.colcon_core.environment:checking '/home/rcpsl/Xue_Yanyaobo_ws/install/turtlebot3_fake_node/lib'
[0.822s] Level 1:colcon.colcon_core.environment:checking '/home/rcpsl/Xue_Yanyaobo_ws/install/turtlebot3_fake_node/bin'
[0.822s] Level 1:colcon.colcon_core.environment:checking '/home/rcpsl/Xue_Yanyaobo_ws/install/turtlebot3_fake_node/lib/pkgconfig/turtlebot3_fake_node.pc'
[0.822s] Level 1:colcon.colcon_core.environment:checking '/home/rcpsl/Xue_Yanyaobo_ws/install/turtlebot3_fake_node/lib/python3.10/site-packages'
[0.822s] Level 1:colcon.colcon_core.environment:checking '/home/rcpsl/Xue_Yanyaobo_ws/install/turtlebot3_fake_node/bin'
[0.822s] INFO:colcon.colcon_core.shell:Creating package script '/home/rcpsl/Xue_Yanyaobo_ws/install/turtlebot3_fake_node/share/turtlebot3_fake_node/package.ps1'
[0.823s] INFO:colcon.colcon_core.shell:Creating package descriptor '/home/rcpsl/Xue_Yanyaobo_ws/install/turtlebot3_fake_node/share/turtlebot3_fake_node/package.dsv'
[0.823s] INFO:colcon.colcon_core.shell:Creating package script '/home/rcpsl/Xue_Yanyaobo_ws/install/turtlebot3_fake_node/share/turtlebot3_fake_node/package.sh'
[0.824s] INFO:colcon.colcon_core.shell:Creating package script '/home/rcpsl/Xue_Yanyaobo_ws/install/turtlebot3_fake_node/share/turtlebot3_fake_node/package.bash'
[0.829s] INFO:colcon.colcon_core.shell:Creating package script '/home/rcpsl/Xue_Yanyaobo_ws/install/turtlebot3_fake_node/share/turtlebot3_fake_node/package.zsh'
[0.829s] Level 1:colcon.colcon_core.environment:create_file_with_runtime_dependencies(/home/rcpsl/Xue_Yanyaobo_ws/install/turtlebot3_fake_node/share/colcon-core/packages/turtlebot3_fake_node)
[0.830s] INFO:colcon.colcon_ros.task.ament_python.build:Building ROS package in '/home/rcpsl/Xue_Yanyaobo_ws/src/TurtleBot' with build type 'ament_python'
[0.831s] Level 1:colcon.colcon_core.shell:create_environment_hook('TurtleBot', 'ament_prefix_path')
[0.831s] INFO:colcon.colcon_core.shell:Creating environment hook '/home/rcpsl/Xue_Yanyaobo_ws/install/TurtleBot/share/TurtleBot/hook/ament_prefix_path.ps1'
[0.831s] INFO:colcon.colcon_core.shell:Creating environment descriptor '/home/rcpsl/Xue_Yanyaobo_ws/install/TurtleBot/share/TurtleBot/hook/ament_prefix_path.dsv'
[0.832s] INFO:colcon.colcon_core.shell:Creating environment hook '/home/rcpsl/Xue_Yanyaobo_ws/install/TurtleBot/share/TurtleBot/hook/ament_prefix_path.sh'
[0.833s] INFO:colcon.colcon_core.shell:Skip shell extension 'powershell' for command environment: Not usable outside of PowerShell
[0.833s] DEBUG:colcon.colcon_core.shell:Skip shell extension 'dsv' for command environment
[1.145s] INFO:colcon.colcon_core.task.python.build:Building Python package in '/home/rcpsl/Xue_Yanyaobo_ws/src/TurtleBot'
[1.146s] INFO:colcon.colcon_core.shell:Skip shell extension 'powershell' for command environment: Not usable outside of PowerShell
[1.146s] DEBUG:colcon.colcon_core.shell:Skip shell extension 'dsv' for command environment
[1.154s] DEBUG:colcon.colcon_core.event_handler.log_command:Invoking command in '/home/rcpsl/Xue_Yanyaobo_ws/build/turtlebot3_gazebo': CMAKE_PREFIX_PATH=${CMAKE_PREFIX_PATH}:/home/rcpsl/Xue_Yanyaobo_ws/install/turtlebot_rrt:/home/rcpsl/Xue_Yanyaobo_ws/install/TurtleBot:/opt/ros/humble /usr/bin/cmake --install /home/rcpsl/Xue_Yanyaobo_ws/build/turtlebot3_gazebo
[1.205s] Level 1:colcon.colcon_core.environment:create_environment_scripts_only(turtlebot3_gazebo)
[1.205s] Level 1:colcon.colcon_core.environment:checking '/home/rcpsl/Xue_Yanyaobo_ws/install/turtlebot3_gazebo' for CMake module files
[1.206s] Level 1:colcon.colcon_core.environment:checking '/home/rcpsl/Xue_Yanyaobo_ws/install/turtlebot3_gazebo' for CMake config files
[1.207s] Level 1:colcon.colcon_core.shell:create_environment_hook('turtlebot3_gazebo', 'cmake_prefix_path')
[1.207s] INFO:colcon.colcon_core.shell:Creating environment hook '/home/rcpsl/Xue_Yanyaobo_ws/install/turtlebot3_gazebo/share/turtlebot3_gazebo/hook/cmake_prefix_path.ps1'
[1.207s] INFO:colcon.colcon_core.shell:Creating environment descriptor '/home/rcpsl/Xue_Yanyaobo_ws/install/turtlebot3_gazebo/share/turtlebot3_gazebo/hook/cmake_prefix_path.dsv'
[1.208s] INFO:colcon.colcon_core.shell:Creating environment hook '/home/rcpsl/Xue_Yanyaobo_ws/install/turtlebot3_gazebo/share/turtlebot3_gazebo/hook/cmake_prefix_path.sh'
[1.208s] DEBUG:colcon.colcon_core.event_handler.log_command:Invoked command in '/home/rcpsl/Xue_Yanyaobo_ws/build/turtlebot3_gazebo' returned '0': CMAKE_PREFIX_PATH=${CMAKE_PREFIX_PATH}:/home/rcpsl/Xue_Yanyaobo_ws/install/turtlebot_rrt:/home/rcpsl/Xue_Yanyaobo_ws/install/TurtleBot:/opt/ros/humble /usr/bin/cmake --install /home/rcpsl/Xue_Yanyaobo_ws/build/turtlebot3_gazebo
[1.209s] Level 1:colcon.colcon_core.environment:checking '/home/rcpsl/Xue_Yanyaobo_ws/install/turtlebot3_gazebo/lib'
[1.209s] Level 1:colcon.colcon_core.environment:checking '/home/rcpsl/Xue_Yanyaobo_ws/install/turtlebot3_gazebo/bin'
[1.209s] Level 1:colcon.colcon_core.environment:checking '/home/rcpsl/Xue_Yanyaobo_ws/install/turtlebot3_gazebo/lib/pkgconfig/turtlebot3_gazebo.pc'
[1.209s] Level 1:colcon.colcon_core.environment:checking '/home/rcpsl/Xue_Yanyaobo_ws/install/turtlebot3_gazebo/lib/python3.10/site-packages'
[1.209s] Level 1:colcon.colcon_core.environment:checking '/home/rcpsl/Xue_Yanyaobo_ws/install/turtlebot3_gazebo/bin'
[1.209s] INFO:colcon.colcon_core.shell:Creating package script '/home/rcpsl/Xue_Yanyaobo_ws/install/turtlebot3_gazebo/share/turtlebot3_gazebo/package.ps1'
[1.210s] INFO:colcon.colcon_core.shell:Creating package descriptor '/home/rcpsl/Xue_Yanyaobo_ws/install/turtlebot3_gazebo/share/turtlebot3_gazebo/package.dsv'
[1.210s] INFO:colcon.colcon_core.shell:Creating package script '/home/rcpsl/Xue_Yanyaobo_ws/install/turtlebot3_gazebo/share/turtlebot3_gazebo/package.sh'
[1.211s] INFO:colcon.colcon_core.shell:Creating package script '/home/rcpsl/Xue_Yanyaobo_ws/install/turtlebot3_gazebo/share/turtlebot3_gazebo/package.bash'
[1.211s] INFO:colcon.colcon_core.shell:Creating package script '/home/rcpsl/Xue_Yanyaobo_ws/install/turtlebot3_gazebo/share/turtlebot3_gazebo/package.zsh'
[1.213s] Level 1:colcon.colcon_core.environment:create_file_with_runtime_dependencies(/home/rcpsl/Xue_Yanyaobo_ws/install/turtlebot3_gazebo/share/colcon-core/packages/turtlebot3_gazebo)
[1.417s] Level 1:colcon.colcon_core.environment:create_environment_scripts_only(turtlebot3_gazebo)
[1.417s] Level 1:colcon.colcon_core.environment:checking '/home/rcpsl/Xue_Yanyaobo_ws/install/turtlebot3_gazebo' for CMake module files
[1.417s] Level 1:colcon.colcon_core.environment:checking '/home/rcpsl/Xue_Yanyaobo_ws/install/turtlebot3_gazebo' for CMake config files
[1.418s] Level 1:colcon.colcon_core.shell:create_environment_hook('turtlebot3_gazebo', 'cmake_prefix_path')
[1.418s] INFO:colcon.colcon_core.shell:Creating environment hook '/home/rcpsl/Xue_Yanyaobo_ws/install/turtlebot3_gazebo/share/turtlebot3_gazebo/hook/cmake_prefix_path.ps1'
[1.419s] INFO:colcon.colcon_core.shell:Creating environment descriptor '/home/rcpsl/Xue_Yanyaobo_ws/install/turtlebot3_gazebo/share/turtlebot3_gazebo/hook/cmake_prefix_path.dsv'
[1.419s] INFO:colcon.colcon_core.shell:Creating environment hook '/home/rcpsl/Xue_Yanyaobo_ws/install/turtlebot3_gazebo/share/turtlebot3_gazebo/hook/cmake_prefix_path.sh'
[1.420s] Level 1:colcon.colcon_core.environment:checking '/home/rcpsl/Xue_Yanyaobo_ws/install/turtlebot3_gazebo/lib'
[1.420s] Level 1:colcon.colcon_core.environment:checking '/home/rcpsl/Xue_Yanyaobo_ws/install/turtlebot3_gazebo/bin'
[1.420s] Level 1:colcon.colcon_core.environment:checking '/home/rcpsl/Xue_Yanyaobo_ws/install/turtlebot3_gazebo/lib/pkgconfig/turtlebot3_gazebo.pc'
[1.420s] Level 1:colcon.colcon_core.environment:checking '/home/rcpsl/Xue_Yanyaobo_ws/install/turtlebot3_gazebo/lib/python3.10/site-packages'
[1.420s] Level 1:colcon.colcon_core.environment:checking '/home/rcpsl/Xue_Yanyaobo_ws/install/turtlebot3_gazebo/bin'
[1.420s] INFO:colcon.colcon_core.shell:Creating package script '/home/rcpsl/Xue_Yanyaobo_ws/install/turtlebot3_gazebo/share/turtlebot3_gazebo/package.ps1'
[1.421s] INFO:colcon.colcon_core.shell:Creating package descriptor '/home/rcpsl/Xue_Yanyaobo_ws/install/turtlebot3_gazebo/share/turtlebot3_gazebo/package.dsv'
[1.422s] INFO:colcon.colcon_core.shell:Creating package script '/home/rcpsl/Xue_Yanyaobo_ws/install/turtlebot3_gazebo/share/turtlebot3_gazebo/package.sh'
[1.423s] INFO:colcon.colcon_core.shell:Creating package script '/home/rcpsl/Xue_Yanyaobo_ws/install/turtlebot3_gazebo/share/turtlebot3_gazebo/package.bash'
[1.424s] INFO:colcon.colcon_core.shell:Creating package script '/home/rcpsl/Xue_Yanyaobo_ws/install/turtlebot3_gazebo/share/turtlebot3_gazebo/package.zsh'
[1.425s] Level 1:colcon.colcon_core.environment:create_file_with_runtime_dependencies(/home/rcpsl/Xue_Yanyaobo_ws/install/turtlebot3_gazebo/share/colcon-core/packages/turtlebot3_gazebo)
[1.429s] INFO:colcon.colcon_ros.task.ament_python.build:Building ROS package in '/home/rcpsl/Xue_Yanyaobo_ws/src/turtlebot_rrt' with build type 'ament_python'
[1.430s] Level 1:colcon.colcon_core.shell:create_environment_hook('turtlebot_rrt', 'ament_prefix_path')
[1.430s] INFO:colcon.colcon_core.shell:Creating environment hook '/home/rcpsl/Xue_Yanyaobo_ws/install/turtlebot_rrt/share/turtlebot_rrt/hook/ament_prefix_path.ps1'
[1.430s] INFO:colcon.colcon_core.shell:Creating environment descriptor '/home/rcpsl/Xue_Yanyaobo_ws/install/turtlebot_rrt/share/turtlebot_rrt/hook/ament_prefix_path.dsv'
[1.431s] INFO:colcon.colcon_core.shell:Creating environment hook '/home/rcpsl/Xue_Yanyaobo_ws/install/turtlebot_rrt/share/turtlebot_rrt/hook/ament_prefix_path.sh'
[1.431s] INFO:colcon.colcon_core.shell:Skip shell extension 'powershell' for command environment: Not usable outside of PowerShell
[1.431s] DEBUG:colcon.colcon_core.shell:Skip shell extension 'dsv' for command environment
[1.843s] INFO:colcon.colcon_core.task.python.build:Building Python package in '/home/rcpsl/Xue_Yanyaobo_ws/src/turtlebot_rrt'
[1.843s] INFO:colcon.colcon_core.shell:Skip shell extension 'powershell' for command environment: Not usable outside of PowerShell
[1.843s] DEBUG:colcon.colcon_core.shell:Skip shell extension 'dsv' for command environment
[1.851s] DEBUG:colcon.colcon_core.event_handler.log_command:Invoking command in '/home/rcpsl/Xue_Yanyaobo_ws/src/TurtleBot': PYTHONPATH=/home/rcpsl/Xue_Yanyaobo_ws/build/TurtleBot/prefix_override:/home/rcpsl/Xue_Yanyaobo_ws/install/TurtleBot/lib/python3.10/site-packages:${PYTHONPATH} /usr/bin/python3 -W ignore:setup.py install is deprecated setup.py egg_info --egg-base ../../build/TurtleBot build --build-base /home/rcpsl/Xue_Yanyaobo_ws/build/TurtleBot/build install --record /home/rcpsl/Xue_Yanyaobo_ws/build/TurtleBot/install.log --single-version-externally-managed install_data
[2.330s] Level 1:colcon.colcon_core.environment:checking '/home/rcpsl/Xue_Yanyaobo_ws/install/TurtleBot' for CMake module files
[2.331s] DEBUG:colcon.colcon_core.event_handler.log_command:Invoked command in '/home/rcpsl/Xue_Yanyaobo_ws/src/TurtleBot' returned '0': PYTHONPATH=/home/rcpsl/Xue_Yanyaobo_ws/build/TurtleBot/prefix_override:/home/rcpsl/Xue_Yanyaobo_ws/install/TurtleBot/lib/python3.10/site-packages:${PYTHONPATH} /usr/bin/python3 -W ignore:setup.py install is deprecated setup.py egg_info --egg-base ../../build/TurtleBot build --build-base /home/rcpsl/Xue_Yanyaobo_ws/build/TurtleBot/build install --record /home/rcpsl/Xue_Yanyaobo_ws/build/TurtleBot/install.log --single-version-externally-managed install_data
[2.332s] Level 1:colcon.colcon_core.environment:checking '/home/rcpsl/Xue_Yanyaobo_ws/install/TurtleBot' for CMake config files
[2.333s] Level 1:colcon.colcon_core.environment:checking '/home/rcpsl/Xue_Yanyaobo_ws/install/TurtleBot/lib'
[2.333s] Level 1:colcon.colcon_core.environment:checking '/home/rcpsl/Xue_Yanyaobo_ws/install/TurtleBot/bin'
[2.333s] Level 1:colcon.colcon_core.environment:checking '/home/rcpsl/Xue_Yanyaobo_ws/install/TurtleBot/lib/pkgconfig/TurtleBot.pc'
[2.333s] Level 1:colcon.colcon_core.environment:checking '/home/rcpsl/Xue_Yanyaobo_ws/install/TurtleBot/lib/python3.10/site-packages'
[2.333s] Level 1:colcon.colcon_core.shell:create_environment_hook('TurtleBot', 'pythonpath')
[2.334s] INFO:colcon.colcon_core.shell:Creating environment hook '/home/rcpsl/Xue_Yanyaobo_ws/install/TurtleBot/share/TurtleBot/hook/pythonpath.ps1'
[2.334s] INFO:colcon.colcon_core.shell:Creating environment descriptor '/home/rcpsl/Xue_Yanyaobo_ws/install/TurtleBot/share/TurtleBot/hook/pythonpath.dsv'
[2.337s] INFO:colcon.colcon_core.shell:Creating environment hook '/home/rcpsl/Xue_Yanyaobo_ws/install/TurtleBot/share/TurtleBot/hook/pythonpath.sh'
[2.338s] Level 1:colcon.colcon_core.environment:checking '/home/rcpsl/Xue_Yanyaobo_ws/install/TurtleBot/bin'
[2.338s] Level 1:colcon.colcon_core.environment:create_environment_scripts_only(TurtleBot)
[2.338s] INFO:colcon.colcon_core.shell:Creating package script '/home/rcpsl/Xue_Yanyaobo_ws/install/TurtleBot/share/TurtleBot/package.ps1'
[2.342s] INFO:colcon.colcon_core.shell:Creating package descriptor '/home/rcpsl/Xue_Yanyaobo_ws/install/TurtleBot/share/TurtleBot/package.dsv'
[2.346s] INFO:colcon.colcon_core.shell:Creating package script '/home/rcpsl/Xue_Yanyaobo_ws/install/TurtleBot/share/TurtleBot/package.sh'
[2.346s] INFO:colcon.colcon_core.shell:Creating package script '/home/rcpsl/Xue_Yanyaobo_ws/install/TurtleBot/share/TurtleBot/package.bash'
[2.347s] INFO:colcon.colcon_core.shell:Creating package script '/home/rcpsl/Xue_Yanyaobo_ws/install/TurtleBot/share/TurtleBot/package.zsh'
[2.347s] Level 1:colcon.colcon_core.environment:create_file_with_runtime_dependencies(/home/rcpsl/Xue_Yanyaobo_ws/install/TurtleBot/share/colcon-core/packages/TurtleBot)
[2.349s] INFO:colcon.colcon_ros.task.ament_cmake.build:Building ROS package in '/home/rcpsl/Xue_Yanyaobo_ws/src/turtlebot3_simulations/turtlebot3_simulations' with build type 'ament_cmake'
[2.349s] INFO:colcon.colcon_cmake.task.cmake.build:Building CMake package in '/home/rcpsl/Xue_Yanyaobo_ws/src/turtlebot3_simulations/turtlebot3_simulations'
[2.349s] INFO:colcon.colcon_core.shell:Skip shell extension 'powershell' for command environment: Not usable outside of PowerShell
[2.349s] DEBUG:colcon.colcon_core.shell:Skip shell extension 'dsv' for command environment
[2.395s] DEBUG:colcon.colcon_core.event_handler.log_command:Invoking command in '/home/rcpsl/Xue_Yanyaobo_ws/build/turtlebot3_simulations': CMAKE_PREFIX_PATH=/home/rcpsl/Xue_Yanyaobo_ws/install/turtlebot3_gazebo:/home/rcpsl/Xue_Yanyaobo_ws/install/turtlebot3_fake_node:/home/rcpsl/Xue_Yanyaobo_ws/install/turtlebot3_simulations:/home/rcpsl/Xue_Yanyaobo_ws/install/turtlebot_rrt:/home/rcpsl/Xue_Yanyaobo_ws/install/TurtleBot:/opt/ros/humble /usr/bin/cmake --build /home/rcpsl/Xue_Yanyaobo_ws/build/turtlebot3_simulations -- -j2 -l2
[2.512s] DEBUG:colcon.colcon_core.event_handler.log_command:Invoked command in '/home/rcpsl/Xue_Yanyaobo_ws/build/turtlebot3_simulations' returned '0': CMAKE_PREFIX_PATH=/home/rcpsl/Xue_Yanyaobo_ws/install/turtlebot3_gazebo:/home/rcpsl/Xue_Yanyaobo_ws/install/turtlebot3_fake_node:/home/rcpsl/Xue_Yanyaobo_ws/install/turtlebot3_simulations:/home/rcpsl/Xue_Yanyaobo_ws/install/turtlebot_rrt:/home/rcpsl/Xue_Yanyaobo_ws/install/TurtleBot:/opt/ros/humble /usr/bin/cmake --build /home/rcpsl/Xue_Yanyaobo_ws/build/turtlebot3_simulations -- -j2 -l2
[2.603s] DEBUG:colcon.colcon_core.event_handler.log_command:Invoking command in '/home/rcpsl/Xue_Yanyaobo_ws/src/turtlebot_rrt': PYTHONPATH=/home/rcpsl/Xue_Yanyaobo_ws/build/turtlebot_rrt/prefix_override:/home/rcpsl/Xue_Yanyaobo_ws/install/turtlebot_rrt/lib/python3.10/site-packages:${PYTHONPATH} /usr/bin/python3 -W ignore:setup.py install is deprecated setup.py egg_info --egg-base ../../build/turtlebot_rrt build --build-base /home/rcpsl/Xue_Yanyaobo_ws/build/turtlebot_rrt/build install --record /home/rcpsl/Xue_Yanyaobo_ws/build/turtlebot_rrt/install.log --single-version-externally-managed install_data
[2.631s] DEBUG:colcon.colcon_core.event_handler.log_command:Invoking command in '/home/rcpsl/Xue_Yanyaobo_ws/build/turtlebot3_simulations': CMAKE_PREFIX_PATH=/home/rcpsl/Xue_Yanyaobo_ws/install/turtlebot3_gazebo:/home/rcpsl/Xue_Yanyaobo_ws/install/turtlebot3_fake_node:/home/rcpsl/Xue_Yanyaobo_ws/install/turtlebot3_simulations:/home/rcpsl/Xue_Yanyaobo_ws/install/turtlebot_rrt:/home/rcpsl/Xue_Yanyaobo_ws/install/TurtleBot:/opt/ros/humble /usr/bin/cmake --install /home/rcpsl/Xue_Yanyaobo_ws/build/turtlebot3_simulations
[2.666s] Level 1:colcon.colcon_core.environment:create_environment_scripts_only(turtlebot3_simulations)
[2.667s] Level 1:colcon.colcon_core.environment:checking '/home/rcpsl/Xue_Yanyaobo_ws/install/turtlebot3_simulations' for CMake module files
[2.667s] DEBUG:colcon.colcon_core.event_handler.log_command:Invoked command in '/home/rcpsl/Xue_Yanyaobo_ws/build/turtlebot3_simulations' returned '0': CMAKE_PREFIX_PATH=/home/rcpsl/Xue_Yanyaobo_ws/install/turtlebot3_gazebo:/home/rcpsl/Xue_Yanyaobo_ws/install/turtlebot3_fake_node:/home/rcpsl/Xue_Yanyaobo_ws/install/turtlebot3_simulations:/home/rcpsl/Xue_Yanyaobo_ws/install/turtlebot_rrt:/home/rcpsl/Xue_Yanyaobo_ws/install/TurtleBot:/opt/ros/humble /usr/bin/cmake --install /home/rcpsl/Xue_Yanyaobo_ws/build/turtlebot3_simulations
[2.668s] Level 1:colcon.colcon_core.environment:checking '/home/rcpsl/Xue_Yanyaobo_ws/install/turtlebot3_simulations' for CMake config files
[2.668s] Level 1:colcon.colcon_core.shell:create_environment_hook('turtlebot3_simulations', 'cmake_prefix_path')
[2.669s] INFO:colcon.colcon_core.shell:Creating environment hook '/home/rcpsl/Xue_Yanyaobo_ws/install/turtlebot3_simulations/share/turtlebot3_simulations/hook/cmake_prefix_path.ps1'
[2.669s] INFO:colcon.colcon_core.shell:Creating environment descriptor '/home/rcpsl/Xue_Yanyaobo_ws/install/turtlebot3_simulations/share/turtlebot3_simulations/hook/cmake_prefix_path.dsv'
[2.670s] INFO:colcon.colcon_core.shell:Creating environment hook '/home/rcpsl/Xue_Yanyaobo_ws/install/turtlebot3_simulations/share/turtlebot3_simulations/hook/cmake_prefix_path.sh'
[2.670s] Level 1:colcon.colcon_core.environment:checking '/home/rcpsl/Xue_Yanyaobo_ws/install/turtlebot3_simulations/bin'
[2.670s] Level 1:colcon.colcon_core.environment:checking '/home/rcpsl/Xue_Yanyaobo_ws/install/turtlebot3_simulations/lib/pkgconfig/turtlebot3_simulations.pc'
[2.670s] Level 1:colcon.colcon_core.environment:checking '/home/rcpsl/Xue_Yanyaobo_ws/install/turtlebot3_simulations/lib/python3.10/site-packages'
[2.670s] Level 1:colcon.colcon_core.environment:checking '/home/rcpsl/Xue_Yanyaobo_ws/install/turtlebot3_simulations/bin'
[2.671s] INFO:colcon.colcon_core.shell:Creating package script '/home/rcpsl/Xue_Yanyaobo_ws/install/turtlebot3_simulations/share/turtlebot3_simulations/package.ps1'
[2.671s] INFO:colcon.colcon_core.shell:Creating package descriptor '/home/rcpsl/Xue_Yanyaobo_ws/install/turtlebot3_simulations/share/turtlebot3_simulations/package.dsv'
[2.676s] INFO:colcon.colcon_core.shell:Creating package script '/home/rcpsl/Xue_Yanyaobo_ws/install/turtlebot3_simulations/share/turtlebot3_simulations/package.sh'
[2.677s] INFO:colcon.colcon_core.shell:Creating package script '/home/rcpsl/Xue_Yanyaobo_ws/install/turtlebot3_simulations/share/turtlebot3_simulations/package.bash'
[2.677s] INFO:colcon.colcon_core.shell:Creating package script '/home/rcpsl/Xue_Yanyaobo_ws/install/turtlebot3_simulations/share/turtlebot3_simulations/package.zsh'
[2.677s] Level 1:colcon.colcon_core.environment:create_file_with_runtime_dependencies(/home/rcpsl/Xue_Yanyaobo_ws/install/turtlebot3_simulations/share/colcon-core/packages/turtlebot3_simulations)
[2.823s] Level 1:colcon.colcon_core.environment:create_environment_scripts_only(turtlebot3_simulations)
[2.823s] Level 1:colcon.colcon_core.environment:checking '/home/rcpsl/Xue_Yanyaobo_ws/install/turtlebot3_simulations' for CMake module files
[2.823s] Level 1:colcon.colcon_core.environment:checking '/home/rcpsl/Xue_Yanyaobo_ws/install/turtlebot3_simulations' for CMake config files
[2.824s] Level 1:colcon.colcon_core.shell:create_environment_hook('turtlebot3_simulations', 'cmake_prefix_path')
[2.824s] INFO:colcon.colcon_core.shell:Creating environment hook '/home/rcpsl/Xue_Yanyaobo_ws/install/turtlebot3_simulations/share/turtlebot3_simulations/hook/cmake_prefix_path.ps1'
[2.826s] INFO:colcon.colcon_core.shell:Creating environment descriptor '/home/rcpsl/Xue_Yanyaobo_ws/install/turtlebot3_simulations/share/turtlebot3_simulations/hook/cmake_prefix_path.dsv'
[2.827s] INFO:colcon.colcon_core.shell:Creating environment hook '/home/rcpsl/Xue_Yanyaobo_ws/install/turtlebot3_simulations/share/turtlebot3_simulations/hook/cmake_prefix_path.sh'
[2.833s] Level 1:colcon.colcon_core.environment:checking '/home/rcpsl/Xue_Yanyaobo_ws/install/turtlebot3_simulations/bin'
[2.833s] Level 1:colcon.colcon_core.environment:checking '/home/rcpsl/Xue_Yanyaobo_ws/install/turtlebot3_simulations/lib/pkgconfig/turtlebot3_simulations.pc'
[2.833s] Level 1:colcon.colcon_core.environment:checking '/home/rcpsl/Xue_Yanyaobo_ws/install/turtlebot3_simulations/lib/python3.10/site-packages'
[2.833s] Level 1:colcon.colcon_core.environment:checking '/home/rcpsl/Xue_Yanyaobo_ws/install/turtlebot3_simulations/bin'
[2.833s] INFO:colcon.colcon_core.shell:Creating package script '/home/rcpsl/Xue_Yanyaobo_ws/install/turtlebot3_simulations/share/turtlebot3_simulations/package.ps1'
[2.835s] INFO:colcon.colcon_core.shell:Creating package descriptor '/home/rcpsl/Xue_Yanyaobo_ws/install/turtlebot3_simulations/share/turtlebot3_simulations/package.dsv'
[2.836s] INFO:colcon.colcon_core.shell:Creating package script '/home/rcpsl/Xue_Yanyaobo_ws/install/turtlebot3_simulations/share/turtlebot3_simulations/package.sh'
[2.840s] INFO:colcon.colcon_core.shell:Creating package script '/home/rcpsl/Xue_Yanyaobo_ws/install/turtlebot3_simulations/share/turtlebot3_simulations/package.bash'
[2.841s] INFO:colcon.colcon_core.shell:Creating package script '/home/rcpsl/Xue_Yanyaobo_ws/install/turtlebot3_simulations/share/turtlebot3_simulations/package.zsh'
[2.842s] Level 1:colcon.colcon_core.environment:create_file_with_runtime_dependencies(/home/rcpsl/Xue_Yanyaobo_ws/install/turtlebot3_simulations/share/colcon-core/packages/turtlebot3_simulations)
[3.018s] Level 1:colcon.colcon_core.environment:checking '/home/rcpsl/Xue_Yanyaobo_ws/install/turtlebot_rrt' for CMake module files
[3.019s] DEBUG:colcon.colcon_core.event_handler.log_command:Invoked command in '/home/rcpsl/Xue_Yanyaobo_ws/src/turtlebot_rrt' returned '0': PYTHONPATH=/home/rcpsl/Xue_Yanyaobo_ws/build/turtlebot_rrt/prefix_override:/home/rcpsl/Xue_Yanyaobo_ws/install/turtlebot_rrt/lib/python3.10/site-packages:${PYTHONPATH} /usr/bin/python3 -W ignore:setup.py install is deprecated setup.py egg_info --egg-base ../../build/turtlebot_rrt build --build-base /home/rcpsl/Xue_Yanyaobo_ws/build/turtlebot_rrt/build install --record /home/rcpsl/Xue_Yanyaobo_ws/build/turtlebot_rrt/install.log --single-version-externally-managed install_data
[3.019s] Level 1:colcon.colcon_core.environment:checking '/home/rcpsl/Xue_Yanyaobo_ws/install/turtlebot_rrt' for CMake config files
[3.019s] Level 1:colcon.colcon_core.environment:checking '/home/rcpsl/Xue_Yanyaobo_ws/install/turtlebot_rrt/lib'
[3.019s] Level 1:colcon.colcon_core.environment:checking '/home/rcpsl/Xue_Yanyaobo_ws/install/turtlebot_rrt/bin'
[3.020s] Level 1:colcon.colcon_core.environment:checking '/home/rcpsl/Xue_Yanyaobo_ws/install/turtlebot_rrt/lib/pkgconfig/turtlebot_rrt.pc'
[3.020s] Level 1:colcon.colcon_core.environment:checking '/home/rcpsl/Xue_Yanyaobo_ws/install/turtlebot_rrt/lib/python3.10/site-packages'
[3.020s] Level 1:colcon.colcon_core.shell:create_environment_hook('turtlebot_rrt', 'pythonpath')
[3.020s] INFO:colcon.colcon_core.shell:Creating environment hook '/home/rcpsl/Xue_Yanyaobo_ws/install/turtlebot_rrt/share/turtlebot_rrt/hook/pythonpath.ps1'
[3.020s] INFO:colcon.colcon_core.shell:Creating environment descriptor '/home/rcpsl/Xue_Yanyaobo_ws/install/turtlebot_rrt/share/turtlebot_rrt/hook/pythonpath.dsv'
[3.021s] INFO:colcon.colcon_core.shell:Creating environment hook '/home/rcpsl/Xue_Yanyaobo_ws/install/turtlebot_rrt/share/turtlebot_rrt/hook/pythonpath.sh'
[3.021s] Level 1:colcon.colcon_core.environment:checking '/home/rcpsl/Xue_Yanyaobo_ws/install/turtlebot_rrt/bin'
[3.021s] Level 1:colcon.colcon_core.environment:create_environment_scripts_only(turtlebot_rrt)
[3.021s] INFO:colcon.colcon_core.shell:Creating package script '/home/rcpsl/Xue_Yanyaobo_ws/install/turtlebot_rrt/share/turtlebot_rrt/package.ps1'
[3.022s] INFO:colcon.colcon_core.shell:Creating package descriptor '/home/rcpsl/Xue_Yanyaobo_ws/install/turtlebot_rrt/share/turtlebot_rrt/package.dsv'
[3.022s] INFO:colcon.colcon_core.shell:Creating package script '/home/rcpsl/Xue_Yanyaobo_ws/install/turtlebot_rrt/share/turtlebot_rrt/package.sh'
[3.023s] INFO:colcon.colcon_core.shell:Creating package script '/home/rcpsl/Xue_Yanyaobo_ws/install/turtlebot_rrt/share/turtlebot_rrt/package.bash'
[3.023s] INFO:colcon.colcon_core.shell:Creating package script '/home/rcpsl/Xue_Yanyaobo_ws/install/turtlebot_rrt/share/turtlebot_rrt/package.zsh'
[3.023s] Level 1:colcon.colcon_core.environment:create_file_with_runtime_dependencies(/home/rcpsl/Xue_Yanyaobo_ws/install/turtlebot_rrt/share/colcon-core/packages/turtlebot_rrt)
[3.024s] DEBUG:colcon.colcon_parallel_executor.executor.parallel:closing loop
[3.025s] DEBUG:colcon.colcon_parallel_executor.executor.parallel:loop closed
[3.025s] DEBUG:colcon.colcon_parallel_executor.executor.parallel:run_until_complete finished with '0'
[3.025s] DEBUG:colcon.colcon_core.event_reactor:joining thread
[3.029s] INFO:colcon.colcon_core.plugin_system:Skipping extension 'colcon_notification.desktop_notification.terminal_notifier': Not used on non-Darwin systems
[3.029s] INFO:colcon.colcon_core.plugin_system:Skipping extension 'colcon_notification.desktop_notification.win32': Not used on non-Windows systems
[3.029s] INFO:colcon.colcon_notification.desktop_notification:Sending desktop notification using 'notify2'
[3.045s] DEBUG:colcon.colcon_core.event_reactor:joined thread
[3.045s] INFO:colcon.colcon_core.shell:Creating prefix script '/home/rcpsl/Xue_Yanyaobo_ws/install/local_setup.ps1'
[3.046s] INFO:colcon.colcon_core.shell:Creating prefix util module '/home/rcpsl/Xue_Yanyaobo_ws/install/_local_setup_util_ps1.py'
[3.048s] INFO:colcon.colcon_core.shell:Creating prefix chain script '/home/rcpsl/Xue_Yanyaobo_ws/install/setup.ps1'
[3.053s] INFO:colcon.colcon_core.shell:Creating prefix script '/home/rcpsl/Xue_Yanyaobo_ws/install/local_setup.sh'
[3.053s] INFO:colcon.colcon_core.shell:Creating prefix util module '/home/rcpsl/Xue_Yanyaobo_ws/install/_local_setup_util_sh.py'
[3.056s] INFO:colcon.colcon_core.shell:Creating prefix chain script '/home/rcpsl/Xue_Yanyaobo_ws/install/setup.sh'
[3.059s] INFO:colcon.colcon_core.shell:Creating prefix script '/home/rcpsl/Xue_Yanyaobo_ws/install/local_setup.bash'
[3.060s] INFO:colcon.colcon_core.shell:Creating prefix chain script '/home/rcpsl/Xue_Yanyaobo_ws/install/setup.bash'
[3.061s] INFO:colcon.colcon_core.shell:Creating prefix script '/home/rcpsl/Xue_Yanyaobo_ws/install/local_setup.zsh'
[3.065s] INFO:colcon.colcon_core.shell:Creating prefix chain script '/home/rcpsl/Xue_Yanyaobo_ws/install/setup.zsh'
