[0.033s] Invoking command in '/home/rcpsl/Xue_Yanyaobo_ws/build/turtlebot3_gazebo': CMAKE_PREFIX_PATH=${CMAKE_PREFIX_PATH}:/home/rcpsl/Xue_Yanyaobo_ws/install/turtlebot_rrt:/home/rcpsl/Xue_Yanyaobo_ws/install/TurtleBot:/opt/ros/humble /usr/bin/cmake --build /home/rcpsl/Xue_Yanyaobo_ws/build/turtlebot3_gazebo -- -j2 -l2
[0.204s] [ 25%] Built target turtlebot3_drive
[0.340s] [ 50%] Built target obstacle1
[0.454s] [ 75%] Built target obstacle2
[0.555s] [100%] Built target obstacles
[0.804s] Invoked command in '/home/rcpsl/Xue_Yanyaobo_ws/build/turtlebot3_gazebo' returned '0': CMAKE_PREFIX_PATH=${CMAKE_PREFIX_PATH}:/home/rcpsl/Xue_Yanyaobo_ws/install/turtlebot_rrt:/home/rcpsl/Xue_Yanyaobo_ws/install/TurtleBot:/opt/ros/humble /usr/bin/cmake --build /home/rcpsl/Xue_Yanyaobo_ws/build/turtlebot3_gazebo -- -j2 -l2
[1.022s] Invoking command in '/home/rcpsl/Xue_Yanyaobo_ws/build/turtlebot3_gazebo': CMAKE_PREFIX_PATH=${CMAKE_PREFIX_PATH}:/home/rcpsl/Xue_Yanyaobo_ws/install/turtlebot_rrt:/home/rcpsl/Xue_Yanyaobo_ws/install/TurtleBot:/opt/ros/humble /usr/bin/cmake --install /home/rcpsl/Xue_Yanyaobo_ws/build/turtlebot3_gazebo
[1.049s] -- Install configuration: ""
[1.055s] -- Up-to-date: /home/rcpsl/Xue_Yanyaobo_ws/install/turtlebot3_gazebo/lib/turtlebot3_gazebo/turtlebot3_drive
[1.055s] -- Up-to-date: /home/rcpsl/Xue_Yanyaobo_ws/install/turtlebot3_gazebo/share/turtlebot3_gazebo//launch
[1.056s] -- Up-to-date: /home/rcpsl/Xue_Yanyaobo_ws/install/turtlebot3_gazebo/share/turtlebot3_gazebo//launch/empty_world.launch.py
[1.056s] -- Up-to-date: /home/rcpsl/Xue_Yanyaobo_ws/install/turtlebot3_gazebo/share/turtlebot3_gazebo//launch/robot_state_publisher.launch.py
[1.056s] -- Up-to-date: /home/rcpsl/Xue_Yanyaobo_ws/install/turtlebot3_gazebo/share/turtlebot3_gazebo//launch/turtlebot3_world.launch.py
[1.056s] -- Up-to-date: /home/rcpsl/Xue_Yanyaobo_ws/install/turtlebot3_gazebo/share/turtlebot3_gazebo//launch/turtlebot3_dqn_stage2.launch.py
[1.056s] -- Up-to-date: /home/rcpsl/Xue_Yanyaobo_ws/install/turtlebot3_gazebo/share/turtlebot3_gazebo//launch/turtlebot3_dqn_stage1.launch.py
[1.056s] -- Up-to-date: /home/rcpsl/Xue_Yanyaobo_ws/install/turtlebot3_gazebo/share/turtlebot3_gazebo//launch/turtlebot3_dqn_stage4.launch.py
[1.057s] -- Up-to-date: /home/rcpsl/Xue_Yanyaobo_ws/install/turtlebot3_gazebo/share/turtlebot3_gazebo//launch/spawn_turtlebot3.launch.py
[1.057s] -- Up-to-date: /home/rcpsl/Xue_Yanyaobo_ws/install/turtlebot3_gazebo/share/turtlebot3_gazebo//launch/turtlebot3_dqn_stage3.launch.py
[1.057s] -- Up-to-date: /home/rcpsl/Xue_Yanyaobo_ws/install/turtlebot3_gazebo/share/turtlebot3_gazebo//launch/turtlebot3_house.launch.py
[1.057s] -- Up-to-date: /home/rcpsl/Xue_Yanyaobo_ws/install/turtlebot3_gazebo/share/turtlebot3_gazebo//models
[1.057s] -- Up-to-date: /home/rcpsl/Xue_Yanyaobo_ws/install/turtlebot3_gazebo/share/turtlebot3_gazebo//models/turtlebot3_house
[1.057s] -- Up-to-date: /home/rcpsl/Xue_Yanyaobo_ws/install/turtlebot3_gazebo/share/turtlebot3_gazebo//models/turtlebot3_house/model.sdf
[1.057s] -- Up-to-date: /home/rcpsl/Xue_Yanyaobo_ws/install/turtlebot3_gazebo/share/turtlebot3_gazebo//models/turtlebot3_house/model.config
[1.057s] -- Up-to-date: /home/rcpsl/Xue_Yanyaobo_ws/install/turtlebot3_gazebo/share/turtlebot3_gazebo//models/turtlebot3_waffle
[1.058s] -- Up-to-date: /home/rcpsl/Xue_Yanyaobo_ws/install/turtlebot3_gazebo/share/turtlebot3_gazebo//models/turtlebot3_waffle/model.sdf
[1.058s] -- Up-to-date: /home/rcpsl/Xue_Yanyaobo_ws/install/turtlebot3_gazebo/share/turtlebot3_gazebo//models/turtlebot3_waffle/model-1_4.sdf
[1.058s] -- Up-to-date: /home/rcpsl/Xue_Yanyaobo_ws/install/turtlebot3_gazebo/share/turtlebot3_gazebo//models/turtlebot3_waffle/model.config
[1.058s] -- Up-to-date: /home/rcpsl/Xue_Yanyaobo_ws/install/turtlebot3_gazebo/share/turtlebot3_gazebo//models/turtlebot3_dqn_world
[1.058s] -- Up-to-date: /home/rcpsl/Xue_Yanyaobo_ws/install/turtlebot3_gazebo/share/turtlebot3_gazebo//models/turtlebot3_dqn_world/goal_box
[1.058s] -- Up-to-date: /home/rcpsl/Xue_Yanyaobo_ws/install/turtlebot3_gazebo/share/turtlebot3_gazebo//models/turtlebot3_dqn_world/goal_box/model.sdf
[1.059s] -- Up-to-date: /home/rcpsl/Xue_Yanyaobo_ws/install/turtlebot3_gazebo/share/turtlebot3_gazebo//models/turtlebot3_dqn_world/goal_box/model.config
[1.059s] -- Up-to-date: /home/rcpsl/Xue_Yanyaobo_ws/install/turtlebot3_gazebo/share/turtlebot3_gazebo//models/turtlebot3_dqn_world/obstacle2
[1.059s] -- Up-to-date: /home/rcpsl/Xue_Yanyaobo_ws/install/turtlebot3_gazebo/share/turtlebot3_gazebo//models/turtlebot3_dqn_world/obstacle2/model.sdf
[1.059s] -- Up-to-date: /home/rcpsl/Xue_Yanyaobo_ws/install/turtlebot3_gazebo/share/turtlebot3_gazebo//models/turtlebot3_dqn_world/obstacle2/model.config
[1.059s] -- Up-to-date: /home/rcpsl/Xue_Yanyaobo_ws/install/turtlebot3_gazebo/share/turtlebot3_gazebo//models/turtlebot3_dqn_world/obstacles
[1.060s] -- Up-to-date: /home/rcpsl/Xue_Yanyaobo_ws/install/turtlebot3_gazebo/share/turtlebot3_gazebo//models/turtlebot3_dqn_world/obstacles/model.sdf
[1.060s] -- Up-to-date: /home/rcpsl/Xue_Yanyaobo_ws/install/turtlebot3_gazebo/share/turtlebot3_gazebo//models/turtlebot3_dqn_world/obstacles/model.config
[1.060s] -- Up-to-date: /home/rcpsl/Xue_Yanyaobo_ws/install/turtlebot3_gazebo/share/turtlebot3_gazebo//models/turtlebot3_dqn_world/model.sdf
[1.060s] -- Up-to-date: /home/rcpsl/Xue_Yanyaobo_ws/install/turtlebot3_gazebo/share/turtlebot3_gazebo//models/turtlebot3_dqn_world/obstacle_plugin
[1.060s] -- Up-to-date: /home/rcpsl/Xue_Yanyaobo_ws/install/turtlebot3_gazebo/share/turtlebot3_gazebo//models/turtlebot3_dqn_world/obstacle_plugin/CMakeLists.txt
[1.062s] -- Up-to-date: /home/rcpsl/Xue_Yanyaobo_ws/install/turtlebot3_gazebo/share/turtlebot3_gazebo//models/turtlebot3_dqn_world/obstacle_plugin/obstacle1.cc
[1.062s] -- Up-to-date: /home/rcpsl/Xue_Yanyaobo_ws/install/turtlebot3_gazebo/share/turtlebot3_gazebo//models/turtlebot3_dqn_world/obstacle_plugin/obstacles.cc
[1.062s] -- Up-to-date: /home/rcpsl/Xue_Yanyaobo_ws/install/turtlebot3_gazebo/share/turtlebot3_gazebo//models/turtlebot3_dqn_world/obstacle_plugin/obstacle2.cc
[1.062s] -- Up-to-date: /home/rcpsl/Xue_Yanyaobo_ws/install/turtlebot3_gazebo/share/turtlebot3_gazebo//models/turtlebot3_dqn_world/inner_walls
[1.063s] -- Up-to-date: /home/rcpsl/Xue_Yanyaobo_ws/install/turtlebot3_gazebo/share/turtlebot3_gazebo//models/turtlebot3_dqn_world/inner_walls/model.sdf
[1.063s] -- Up-to-date: /home/rcpsl/Xue_Yanyaobo_ws/install/turtlebot3_gazebo/share/turtlebot3_gazebo//models/turtlebot3_dqn_world/inner_walls/model.config
[1.063s] -- Up-to-date: /home/rcpsl/Xue_Yanyaobo_ws/install/turtlebot3_gazebo/share/turtlebot3_gazebo//models/turtlebot3_dqn_world/obstacle1
[1.063s] -- Up-to-date: /home/rcpsl/Xue_Yanyaobo_ws/install/turtlebot3_gazebo/share/turtlebot3_gazebo//models/turtlebot3_dqn_world/obstacle1/model.sdf
[1.063s] -- Up-to-date: /home/rcpsl/Xue_Yanyaobo_ws/install/turtlebot3_gazebo/share/turtlebot3_gazebo//models/turtlebot3_dqn_world/obstacle1/model.config
[1.063s] -- Up-to-date: /home/rcpsl/Xue_Yanyaobo_ws/install/turtlebot3_gazebo/share/turtlebot3_gazebo//models/turtlebot3_dqn_world/model.config
[1.064s] -- Up-to-date: /home/rcpsl/Xue_Yanyaobo_ws/install/turtlebot3_gazebo/share/turtlebot3_gazebo//models/turtlebot3_burger
[1.064s] -- Up-to-date: /home/rcpsl/Xue_Yanyaobo_ws/install/turtlebot3_gazebo/share/turtlebot3_gazebo//models/turtlebot3_burger/model.sdf
[1.064s] -- Up-to-date: /home/rcpsl/Xue_Yanyaobo_ws/install/turtlebot3_gazebo/share/turtlebot3_gazebo//models/turtlebot3_burger/model-1_4.sdf
[1.064s] -- Up-to-date: /home/rcpsl/Xue_Yanyaobo_ws/install/turtlebot3_gazebo/share/turtlebot3_gazebo//models/turtlebot3_burger/model.config
[1.064s] -- Up-to-date: /home/rcpsl/Xue_Yanyaobo_ws/install/turtlebot3_gazebo/share/turtlebot3_gazebo//models/turtlebot3_world
[1.065s] -- Up-to-date: /home/rcpsl/Xue_Yanyaobo_ws/install/turtlebot3_gazebo/share/turtlebot3_gazebo//models/turtlebot3_world/meshes
[1.065s] -- Up-to-date: /home/rcpsl/Xue_Yanyaobo_ws/install/turtlebot3_gazebo/share/turtlebot3_gazebo//models/turtlebot3_world/meshes/wall.dae
[1.065s] -- Up-to-date: /home/rcpsl/Xue_Yanyaobo_ws/install/turtlebot3_gazebo/share/turtlebot3_gazebo//models/turtlebot3_world/meshes/hexagon.dae
[1.065s] -- Up-to-date: /home/rcpsl/Xue_Yanyaobo_ws/install/turtlebot3_gazebo/share/turtlebot3_gazebo//models/turtlebot3_world/model.sdf
[1.065s] -- Up-to-date: /home/rcpsl/Xue_Yanyaobo_ws/install/turtlebot3_gazebo/share/turtlebot3_gazebo//models/turtlebot3_world/model-1_4.sdf
[1.065s] -- Up-to-date: /home/rcpsl/Xue_Yanyaobo_ws/install/turtlebot3_gazebo/share/turtlebot3_gazebo//models/turtlebot3_world/model.config
[1.065s] -- Up-to-date: /home/rcpsl/Xue_Yanyaobo_ws/install/turtlebot3_gazebo/share/turtlebot3_gazebo//models/turtlebot3_common
[1.065s] -- Up-to-date: /home/rcpsl/Xue_Yanyaobo_ws/install/turtlebot3_gazebo/share/turtlebot3_gazebo//models/turtlebot3_common/meshes
[1.066s] -- Up-to-date: /home/rcpsl/Xue_Yanyaobo_ws/install/turtlebot3_gazebo/share/turtlebot3_gazebo//models/turtlebot3_common/meshes/waffle_base.dae
[1.066s] -- Up-to-date: /home/rcpsl/Xue_Yanyaobo_ws/install/turtlebot3_gazebo/share/turtlebot3_gazebo//models/turtlebot3_common/meshes/waffle_pi_base.dae
[1.066s] -- Up-to-date: /home/rcpsl/Xue_Yanyaobo_ws/install/turtlebot3_gazebo/share/turtlebot3_gazebo//models/turtlebot3_common/meshes/lds.dae
[1.066s] -- Up-to-date: /home/rcpsl/Xue_Yanyaobo_ws/install/turtlebot3_gazebo/share/turtlebot3_gazebo//models/turtlebot3_common/meshes/tire.dae
[1.066s] -- Up-to-date: /home/rcpsl/Xue_Yanyaobo_ws/install/turtlebot3_gazebo/share/turtlebot3_gazebo//models/turtlebot3_common/meshes/burger_base.dae
[1.067s] -- Up-to-date: /home/rcpsl/Xue_Yanyaobo_ws/install/turtlebot3_gazebo/share/turtlebot3_gazebo//models/turtlebot3_common/meshes/r200.dae
[1.067s] -- Up-to-date: /home/rcpsl/Xue_Yanyaobo_ws/install/turtlebot3_gazebo/share/turtlebot3_gazebo//models/turtlebot3_common/model.config
[1.067s] -- Up-to-date: /home/rcpsl/Xue_Yanyaobo_ws/install/turtlebot3_gazebo/share/turtlebot3_gazebo//models/turtlebot3_waffle_pi
[1.071s] -- Up-to-date: /home/rcpsl/Xue_Yanyaobo_ws/install/turtlebot3_gazebo/share/turtlebot3_gazebo//models/turtlebot3_waffle_pi/model-1_4_.sdf
[1.071s] -- Up-to-date: /home/rcpsl/Xue_Yanyaobo_ws/install/turtlebot3_gazebo/share/turtlebot3_gazebo//models/turtlebot3_waffle_pi/model.sdf
[1.071s] -- Up-to-date: /home/rcpsl/Xue_Yanyaobo_ws/install/turtlebot3_gazebo/share/turtlebot3_gazebo//models/turtlebot3_waffle_pi/model.config
[1.071s] -- Up-to-date: /home/rcpsl/Xue_Yanyaobo_ws/install/turtlebot3_gazebo/share/turtlebot3_gazebo//rviz
[1.071s] -- Up-to-date: /home/rcpsl/Xue_Yanyaobo_ws/install/turtlebot3_gazebo/share/turtlebot3_gazebo//rviz/tb3_gazebo.rviz
[1.071s] -- Up-to-date: /home/rcpsl/Xue_Yanyaobo_ws/install/turtlebot3_gazebo/share/turtlebot3_gazebo//urdf
[1.071s] -- Up-to-date: /home/rcpsl/Xue_Yanyaobo_ws/install/turtlebot3_gazebo/share/turtlebot3_gazebo//urdf/turtlebot3_burger.urdf
[1.072s] -- Up-to-date: /home/rcpsl/Xue_Yanyaobo_ws/install/turtlebot3_gazebo/share/turtlebot3_gazebo//urdf/turtlebot3_waffle.urdf
[1.072s] -- Up-to-date: /home/rcpsl/Xue_Yanyaobo_ws/install/turtlebot3_gazebo/share/turtlebot3_gazebo//urdf/turtlebot3_waffle_pi.urdf
[1.072s] -- Up-to-date: /home/rcpsl/Xue_Yanyaobo_ws/install/turtlebot3_gazebo/share/turtlebot3_gazebo//urdf/common_properties.urdf
[1.072s] -- Up-to-date: /home/rcpsl/Xue_Yanyaobo_ws/install/turtlebot3_gazebo/share/turtlebot3_gazebo//worlds
[1.072s] -- Up-to-date: /home/rcpsl/Xue_Yanyaobo_ws/install/turtlebot3_gazebo/share/turtlebot3_gazebo//worlds/empty_world.world
[1.072s] -- Up-to-date: /home/rcpsl/Xue_Yanyaobo_ws/install/turtlebot3_gazebo/share/turtlebot3_gazebo//worlds/turtlebot3_world.world
[1.072s] -- Up-to-date: /home/rcpsl/Xue_Yanyaobo_ws/install/turtlebot3_gazebo/share/turtlebot3_gazebo//worlds/turtlebot3_dqn_stage3.world
[1.073s] -- Up-to-date: /home/rcpsl/Xue_Yanyaobo_ws/install/turtlebot3_gazebo/share/turtlebot3_gazebo//worlds/turtlebot3_dqn_stage4.world
[1.074s] -- Up-to-date: /home/rcpsl/Xue_Yanyaobo_ws/install/turtlebot3_gazebo/share/turtlebot3_gazebo//worlds/turtlebot3_dqn_stage2.world
[1.074s] -- Up-to-date: /home/rcpsl/Xue_Yanyaobo_ws/install/turtlebot3_gazebo/share/turtlebot3_gazebo//worlds/turtlebot3_dqn_stage1.world
[1.074s] -- Up-to-date: /home/rcpsl/Xue_Yanyaobo_ws/install/turtlebot3_gazebo/share/turtlebot3_gazebo//worlds/turtlebot3_house.world
[1.074s] -- Up-to-date: /home/rcpsl/Xue_Yanyaobo_ws/install/turtlebot3_gazebo/include/
[1.074s] -- Up-to-date: /home/rcpsl/Xue_Yanyaobo_ws/install/turtlebot3_gazebo/include//turtlebot3_gazebo
[1.074s] -- Up-to-date: /home/rcpsl/Xue_Yanyaobo_ws/install/turtlebot3_gazebo/include//turtlebot3_gazebo/turtlebot3_drive.hpp
[1.074s] -- Up-to-date: /home/rcpsl/Xue_Yanyaobo_ws/install/turtlebot3_gazebo/share/ament_index/resource_index/package_run_dependencies/turtlebot3_gazebo
[1.075s] -- Up-to-date: /home/rcpsl/Xue_Yanyaobo_ws/install/turtlebot3_gazebo/share/ament_index/resource_index/parent_prefix_path/turtlebot3_gazebo
[1.075s] -- Up-to-date: /home/rcpsl/Xue_Yanyaobo_ws/install/turtlebot3_gazebo/share/turtlebot3_gazebo/environment/ament_prefix_path.sh
[1.075s] -- Up-to-date: /home/rcpsl/Xue_Yanyaobo_ws/install/turtlebot3_gazebo/share/turtlebot3_gazebo/environment/ament_prefix_path.dsv
[1.075s] -- Up-to-date: /home/rcpsl/Xue_Yanyaobo_ws/install/turtlebot3_gazebo/share/turtlebot3_gazebo/environment/path.sh
[1.075s] -- Up-to-date: /home/rcpsl/Xue_Yanyaobo_ws/install/turtlebot3_gazebo/share/turtlebot3_gazebo/environment/path.dsv
[1.075s] -- Up-to-date: /home/rcpsl/Xue_Yanyaobo_ws/install/turtlebot3_gazebo/share/turtlebot3_gazebo/local_setup.bash
[1.075s] -- Up-to-date: /home/rcpsl/Xue_Yanyaobo_ws/install/turtlebot3_gazebo/share/turtlebot3_gazebo/local_setup.sh
[1.075s] -- Up-to-date: /home/rcpsl/Xue_Yanyaobo_ws/install/turtlebot3_gazebo/share/turtlebot3_gazebo/local_setup.zsh
[1.075s] -- Up-to-date: /home/rcpsl/Xue_Yanyaobo_ws/install/turtlebot3_gazebo/share/turtlebot3_gazebo/local_setup.dsv
[1.075s] -- Installing: /home/rcpsl/Xue_Yanyaobo_ws/install/turtlebot3_gazebo/share/turtlebot3_gazebo/package.dsv
[1.075s] -- Up-to-date: /home/rcpsl/Xue_Yanyaobo_ws/install/turtlebot3_gazebo/share/ament_index/resource_index/packages/turtlebot3_gazebo
[1.075s] -- Up-to-date: /home/rcpsl/Xue_Yanyaobo_ws/install/turtlebot3_gazebo/share/turtlebot3_gazebo/cmake/ament_cmake_export_include_directories-extras.cmake
[1.075s] -- Up-to-date: /home/rcpsl/Xue_Yanyaobo_ws/install/turtlebot3_gazebo/share/turtlebot3_gazebo/cmake/ament_cmake_export_dependencies-extras.cmake
[1.075s] -- Up-to-date: /home/rcpsl/Xue_Yanyaobo_ws/install/turtlebot3_gazebo/share/turtlebot3_gazebo/cmake/turtlebot3_gazeboConfig.cmake
[1.075s] -- Up-to-date: /home/rcpsl/Xue_Yanyaobo_ws/install/turtlebot3_gazebo/share/turtlebot3_gazebo/cmake/turtlebot3_gazeboConfig-version.cmake
[1.075s] -- Up-to-date: /home/rcpsl/Xue_Yanyaobo_ws/install/turtlebot3_gazebo/share/turtlebot3_gazebo/package.xml
[1.082s] Invoked command in '/home/rcpsl/Xue_Yanyaobo_ws/build/turtlebot3_gazebo' returned '0': CMAKE_PREFIX_PATH=${CMAKE_PREFIX_PATH}:/home/rcpsl/Xue_Yanyaobo_ws/install/turtlebot_rrt:/home/rcpsl/Xue_Yanyaobo_ws/install/TurtleBot:/opt/ros/humble /usr/bin/cmake --install /home/rcpsl/Xue_Yanyaobo_ws/build/turtlebot3_gazebo
