[0.093s] DEBUG:colcon:Command line arguments: ['/usr/bin/colcon', 'build']
[0.093s] DEBUG:colcon:Parsed command line arguments: Namespace(log_base=None, log_level=None, verb_name='build', build_base='build', install_base='install', merge_install=False, symlink_install=False, test_result_base=None, continue_on_error=False, executor='parallel', parallel_workers=2, event_handlers=None, ignore_user_meta=False, metas=['./colcon.meta'], base_paths=['.'], packages_ignore=None, packages_ignore_regex=None, paths=None, packages_up_to=None, packages_up_to_regex=None, packages_above=None, packages_above_and_dependencies=None, packages_above_depth=None, packages_select_by_dep=None, packages_skip_by_dep=None, packages_skip_up_to=None, packages_select_build_failed=False, packages_skip_build_finished=False, packages_select_test_failures=False, packages_skip_test_passed=False, packages_select=None, packages_skip=None, packages_select_regex=None, packages_skip_regex=None, packages_start=None, packages_end=None, allow_overriding=[], cmake_args=None, cmake_target=None, cmake_target_skip_unavailable=False, cmake_clean_cache=False, cmake_clean_first=False, cmake_force_configure=False, ament_cmake_args=None, catkin_cmake_args=None, catkin_skip_building_tests=False, verb_parser=<colcon_defaults.argument_parser.defaults.DefaultArgumentsDecorator object at 0x79ea40515180>, verb_extension=<colcon_core.verb.build.BuildVerb object at 0x79ea40514bb0>, main=<bound method BuildVerb.main of <colcon_core.verb.build.BuildVerb object at 0x79ea40514bb0>>)
[0.223s] Level 1:colcon.colcon_core.package_discovery:discover_packages(colcon_meta) check parameters
[0.223s] Level 1:colcon.colcon_core.package_discovery:discover_packages(recursive) check parameters
[0.223s] Level 1:colcon.colcon_core.package_discovery:discover_packages(ignore) check parameters
[0.223s] Level 1:colcon.colcon_core.package_discovery:discover_packages(path) check parameters
[0.223s] Level 1:colcon.colcon_core.package_discovery:discover_packages(colcon_meta) discover
[0.223s] Level 1:colcon.colcon_core.package_discovery:discover_packages(recursive) discover
[0.223s] INFO:colcon.colcon_core.package_discovery:Crawling recursively for packages in '/home/rcpsl/Xue_Yanyaobo_ws'
[0.223s] Level 1:colcon.colcon_core.package_identification:_identify(.) by extensions ['ignore', 'ignore_ament_install']
[0.223s] Level 1:colcon.colcon_core.package_identification:_identify(.) by extension 'ignore'
[0.223s] Level 1:colcon.colcon_core.package_identification:_identify(.) by extension 'ignore_ament_install'
[0.224s] Level 1:colcon.colcon_core.package_identification:_identify(.) by extensions ['colcon_pkg']
[0.224s] Level 1:colcon.colcon_core.package_identification:_identify(.) by extension 'colcon_pkg'
[0.224s] Level 1:colcon.colcon_core.package_identification:_identify(.) by extensions ['colcon_meta']
[0.224s] Level 1:colcon.colcon_core.package_identification:_identify(.) by extension 'colcon_meta'
[0.224s] Level 1:colcon.colcon_core.package_identification:_identify(.) by extensions ['ros']
[0.224s] Level 1:colcon.colcon_core.package_identification:_identify(.) by extension 'ros'
[0.231s] Level 1:colcon.colcon_core.package_identification:_identify(.) by extensions ['cmake', 'python']
[0.231s] Level 1:colcon.colcon_core.package_identification:_identify(.) by extension 'cmake'
[0.231s] Level 1:colcon.colcon_core.package_identification:_identify(.) by extension 'python'
[0.231s] Level 1:colcon.colcon_core.package_identification:_identify(.) by extensions ['python_setup_py']
[0.231s] Level 1:colcon.colcon_core.package_identification:_identify(.) by extension 'python_setup_py'
[0.231s] Level 1:colcon.colcon_core.package_identification:_identify(build) by extensions ['ignore', 'ignore_ament_install']
[0.231s] Level 1:colcon.colcon_core.package_identification:_identify(build) by extension 'ignore'
[0.232s] Level 1:colcon.colcon_core.package_identification:_identify(build) ignored
[0.232s] Level 1:colcon.colcon_core.package_identification:_identify(install) by extensions ['ignore', 'ignore_ament_install']
[0.232s] Level 1:colcon.colcon_core.package_identification:_identify(install) by extension 'ignore'
[0.232s] Level 1:colcon.colcon_core.package_identification:_identify(install) ignored
[0.232s] Level 1:colcon.colcon_core.package_identification:_identify(log) by extensions ['ignore', 'ignore_ament_install']
[0.232s] Level 1:colcon.colcon_core.package_identification:_identify(log) by extension 'ignore'
[0.232s] Level 1:colcon.colcon_core.package_identification:_identify(log) ignored
[0.232s] Level 1:colcon.colcon_core.package_identification:_identify(src) by extensions ['ignore', 'ignore_ament_install']
[0.232s] Level 1:colcon.colcon_core.package_identification:_identify(src) by extension 'ignore'
[0.232s] Level 1:colcon.colcon_core.package_identification:_identify(src) by extension 'ignore_ament_install'
[0.232s] Level 1:colcon.colcon_core.package_identification:_identify(src) by extensions ['colcon_pkg']
[0.232s] Level 1:colcon.colcon_core.package_identification:_identify(src) by extension 'colcon_pkg'
[0.232s] Level 1:colcon.colcon_core.package_identification:_identify(src) by extensions ['colcon_meta']
[0.232s] Level 1:colcon.colcon_core.package_identification:_identify(src) by extension 'colcon_meta'
[0.232s] Level 1:colcon.colcon_core.package_identification:_identify(src) by extensions ['ros']
[0.232s] Level 1:colcon.colcon_core.package_identification:_identify(src) by extension 'ros'
[0.232s] Level 1:colcon.colcon_core.package_identification:_identify(src) by extensions ['cmake', 'python']
[0.232s] Level 1:colcon.colcon_core.package_identification:_identify(src) by extension 'cmake'
[0.232s] Level 1:colcon.colcon_core.package_identification:_identify(src) by extension 'python'
[0.232s] Level 1:colcon.colcon_core.package_identification:_identify(src) by extensions ['python_setup_py']
[0.232s] Level 1:colcon.colcon_core.package_identification:_identify(src) by extension 'python_setup_py'
[0.233s] Level 1:colcon.colcon_core.package_identification:_identify(src/TurtleBot) by extensions ['ignore', 'ignore_ament_install']
[0.233s] Level 1:colcon.colcon_core.package_identification:_identify(src/TurtleBot) by extension 'ignore'
[0.233s] Level 1:colcon.colcon_core.package_identification:_identify(src/TurtleBot) by extension 'ignore_ament_install'
[0.233s] Level 1:colcon.colcon_core.package_identification:_identify(src/TurtleBot) by extensions ['colcon_pkg']
[0.233s] Level 1:colcon.colcon_core.package_identification:_identify(src/TurtleBot) by extension 'colcon_pkg'
[0.233s] Level 1:colcon.colcon_core.package_identification:_identify(src/TurtleBot) by extensions ['colcon_meta']
[0.233s] Level 1:colcon.colcon_core.package_identification:_identify(src/TurtleBot) by extension 'colcon_meta'
[0.233s] Level 1:colcon.colcon_core.package_identification:_identify(src/TurtleBot) by extensions ['ros']
[0.233s] Level 1:colcon.colcon_core.package_identification:_identify(src/TurtleBot) by extension 'ros'
[0.235s] DEBUG:colcon.colcon_core.package_identification:Package 'src/TurtleBot' with type 'ros.ament_python' and name 'TurtleBot'
[0.235s] Level 1:colcon.colcon_core.package_identification:_identify(src/maps) by extensions ['ignore', 'ignore_ament_install']
[0.235s] Level 1:colcon.colcon_core.package_identification:_identify(src/maps) by extension 'ignore'
[0.235s] Level 1:colcon.colcon_core.package_identification:_identify(src/maps) by extension 'ignore_ament_install'
[0.235s] Level 1:colcon.colcon_core.package_identification:_identify(src/maps) by extensions ['colcon_pkg']
[0.235s] Level 1:colcon.colcon_core.package_identification:_identify(src/maps) by extension 'colcon_pkg'
[0.235s] Level 1:colcon.colcon_core.package_identification:_identify(src/maps) by extensions ['colcon_meta']
[0.235s] Level 1:colcon.colcon_core.package_identification:_identify(src/maps) by extension 'colcon_meta'
[0.235s] Level 1:colcon.colcon_core.package_identification:_identify(src/maps) by extensions ['ros']
[0.235s] Level 1:colcon.colcon_core.package_identification:_identify(src/maps) by extension 'ros'
[0.235s] Level 1:colcon.colcon_core.package_identification:_identify(src/maps) by extensions ['cmake', 'python']
[0.235s] Level 1:colcon.colcon_core.package_identification:_identify(src/maps) by extension 'cmake'
[0.235s] Level 1:colcon.colcon_core.package_identification:_identify(src/maps) by extension 'python'
[0.235s] Level 1:colcon.colcon_core.package_identification:_identify(src/maps) by extensions ['python_setup_py']
[0.235s] Level 1:colcon.colcon_core.package_identification:_identify(src/maps) by extension 'python_setup_py'
[0.235s] Level 1:colcon.colcon_core.package_identification:_identify(src/turtlebot3_simulations) by extensions ['ignore', 'ignore_ament_install']
[0.235s] Level 1:colcon.colcon_core.package_identification:_identify(src/turtlebot3_simulations) by extension 'ignore'
[0.235s] Level 1:colcon.colcon_core.package_identification:_identify(src/turtlebot3_simulations) by extension 'ignore_ament_install'
[0.235s] Level 1:colcon.colcon_core.package_identification:_identify(src/turtlebot3_simulations) by extensions ['colcon_pkg']
[0.235s] Level 1:colcon.colcon_core.package_identification:_identify(src/turtlebot3_simulations) by extension 'colcon_pkg'
[0.235s] Level 1:colcon.colcon_core.package_identification:_identify(src/turtlebot3_simulations) by extensions ['colcon_meta']
[0.235s] Level 1:colcon.colcon_core.package_identification:_identify(src/turtlebot3_simulations) by extension 'colcon_meta'
[0.235s] Level 1:colcon.colcon_core.package_identification:_identify(src/turtlebot3_simulations) by extensions ['ros']
[0.235s] Level 1:colcon.colcon_core.package_identification:_identify(src/turtlebot3_simulations) by extension 'ros'
[0.235s] Level 1:colcon.colcon_core.package_identification:_identify(src/turtlebot3_simulations) by extensions ['cmake', 'python']
[0.235s] Level 1:colcon.colcon_core.package_identification:_identify(src/turtlebot3_simulations) by extension 'cmake'
[0.235s] Level 1:colcon.colcon_core.package_identification:_identify(src/turtlebot3_simulations) by extension 'python'
[0.236s] Level 1:colcon.colcon_core.package_identification:_identify(src/turtlebot3_simulations) by extensions ['python_setup_py']
[0.236s] Level 1:colcon.colcon_core.package_identification:_identify(src/turtlebot3_simulations) by extension 'python_setup_py'
[0.236s] Level 1:colcon.colcon_core.package_identification:_identify(src/turtlebot3_simulations/turtlebot3_fake_node) by extensions ['ignore', 'ignore_ament_install']
[0.236s] Level 1:colcon.colcon_core.package_identification:_identify(src/turtlebot3_simulations/turtlebot3_fake_node) by extension 'ignore'
[0.236s] Level 1:colcon.colcon_core.package_identification:_identify(src/turtlebot3_simulations/turtlebot3_fake_node) by extension 'ignore_ament_install'
[0.236s] Level 1:colcon.colcon_core.package_identification:_identify(src/turtlebot3_simulations/turtlebot3_fake_node) by extensions ['colcon_pkg']
[0.236s] Level 1:colcon.colcon_core.package_identification:_identify(src/turtlebot3_simulations/turtlebot3_fake_node) by extension 'colcon_pkg'
[0.237s] Level 1:colcon.colcon_core.package_identification:_identify(src/turtlebot3_simulations/turtlebot3_fake_node) by extensions ['colcon_meta']
[0.237s] Level 1:colcon.colcon_core.package_identification:_identify(src/turtlebot3_simulations/turtlebot3_fake_node) by extension 'colcon_meta'
[0.237s] Level 1:colcon.colcon_core.package_identification:_identify(src/turtlebot3_simulations/turtlebot3_fake_node) by extensions ['ros']
[0.237s] Level 1:colcon.colcon_core.package_identification:_identify(src/turtlebot3_simulations/turtlebot3_fake_node) by extension 'ros'
[0.238s] DEBUG:colcon.colcon_core.package_identification:Package 'src/turtlebot3_simulations/turtlebot3_fake_node' with type 'ros.ament_cmake' and name 'turtlebot3_fake_node'
[0.238s] Level 1:colcon.colcon_core.package_identification:_identify(src/turtlebot3_simulations/turtlebot3_gazebo) by extensions ['ignore', 'ignore_ament_install']
[0.238s] Level 1:colcon.colcon_core.package_identification:_identify(src/turtlebot3_simulations/turtlebot3_gazebo) by extension 'ignore'
[0.238s] Level 1:colcon.colcon_core.package_identification:_identify(src/turtlebot3_simulations/turtlebot3_gazebo) by extension 'ignore_ament_install'
[0.238s] Level 1:colcon.colcon_core.package_identification:_identify(src/turtlebot3_simulations/turtlebot3_gazebo) by extensions ['colcon_pkg']
[0.238s] Level 1:colcon.colcon_core.package_identification:_identify(src/turtlebot3_simulations/turtlebot3_gazebo) by extension 'colcon_pkg'
[0.238s] Level 1:colcon.colcon_core.package_identification:_identify(src/turtlebot3_simulations/turtlebot3_gazebo) by extensions ['colcon_meta']
[0.238s] Level 1:colcon.colcon_core.package_identification:_identify(src/turtlebot3_simulations/turtlebot3_gazebo) by extension 'colcon_meta'
[0.238s] Level 1:colcon.colcon_core.package_identification:_identify(src/turtlebot3_simulations/turtlebot3_gazebo) by extensions ['ros']
[0.238s] Level 1:colcon.colcon_core.package_identification:_identify(src/turtlebot3_simulations/turtlebot3_gazebo) by extension 'ros'
[0.239s] DEBUG:colcon.colcon_core.package_identification:Package 'src/turtlebot3_simulations/turtlebot3_gazebo' with type 'ros.ament_cmake' and name 'turtlebot3_gazebo'
[0.239s] Level 1:colcon.colcon_core.package_identification:_identify(src/turtlebot3_simulations/turtlebot3_simulations) by extensions ['ignore', 'ignore_ament_install']
[0.239s] Level 1:colcon.colcon_core.package_identification:_identify(src/turtlebot3_simulations/turtlebot3_simulations) by extension 'ignore'
[0.239s] Level 1:colcon.colcon_core.package_identification:_identify(src/turtlebot3_simulations/turtlebot3_simulations) by extension 'ignore_ament_install'
[0.239s] Level 1:colcon.colcon_core.package_identification:_identify(src/turtlebot3_simulations/turtlebot3_simulations) by extensions ['colcon_pkg']
[0.239s] Level 1:colcon.colcon_core.package_identification:_identify(src/turtlebot3_simulations/turtlebot3_simulations) by extension 'colcon_pkg'
[0.239s] Level 1:colcon.colcon_core.package_identification:_identify(src/turtlebot3_simulations/turtlebot3_simulations) by extensions ['colcon_meta']
[0.239s] Level 1:colcon.colcon_core.package_identification:_identify(src/turtlebot3_simulations/turtlebot3_simulations) by extension 'colcon_meta'
[0.239s] Level 1:colcon.colcon_core.package_identification:_identify(src/turtlebot3_simulations/turtlebot3_simulations) by extensions ['ros']
[0.239s] Level 1:colcon.colcon_core.package_identification:_identify(src/turtlebot3_simulations/turtlebot3_simulations) by extension 'ros'
[0.240s] DEBUG:colcon.colcon_core.package_identification:Package 'src/turtlebot3_simulations/turtlebot3_simulations' with type 'ros.ament_cmake' and name 'turtlebot3_simulations'
[0.240s] Level 1:colcon.colcon_core.package_identification:_identify(src/turtlebot_rrt) by extensions ['ignore', 'ignore_ament_install']
[0.240s] Level 1:colcon.colcon_core.package_identification:_identify(src/turtlebot_rrt) by extension 'ignore'
[0.240s] Level 1:colcon.colcon_core.package_identification:_identify(src/turtlebot_rrt) by extension 'ignore_ament_install'
[0.240s] Level 1:colcon.colcon_core.package_identification:_identify(src/turtlebot_rrt) by extensions ['colcon_pkg']
[0.240s] Level 1:colcon.colcon_core.package_identification:_identify(src/turtlebot_rrt) by extension 'colcon_pkg'
[0.240s] Level 1:colcon.colcon_core.package_identification:_identify(src/turtlebot_rrt) by extensions ['colcon_meta']
[0.240s] Level 1:colcon.colcon_core.package_identification:_identify(src/turtlebot_rrt) by extension 'colcon_meta'
[0.240s] Level 1:colcon.colcon_core.package_identification:_identify(src/turtlebot_rrt) by extensions ['ros']
[0.240s] Level 1:colcon.colcon_core.package_identification:_identify(src/turtlebot_rrt) by extension 'ros'
[0.241s] DEBUG:colcon.colcon_core.package_identification:Package 'src/turtlebot_rrt' with type 'ros.ament_python' and name 'turtlebot_rrt'
[0.241s] Level 1:colcon.colcon_core.package_discovery:discover_packages(recursive) using defaults
[0.241s] Level 1:colcon.colcon_core.package_discovery:discover_packages(ignore) discover
[0.241s] Level 1:colcon.colcon_core.package_discovery:discover_packages(ignore) using defaults
[0.241s] Level 1:colcon.colcon_core.package_discovery:discover_packages(path) discover
[0.241s] Level 1:colcon.colcon_core.package_discovery:discover_packages(path) using defaults
[0.266s] Level 1:colcon.colcon_core.package_discovery:discover_packages(prefix_path) check parameters
[0.266s] Level 1:colcon.colcon_core.package_discovery:discover_packages(prefix_path) discover
[0.267s] DEBUG:colcon.colcon_installed_package_information.package_discovery:Found 5 installed packages in /home/rcpsl/Xue_Yanyaobo_ws/install
[0.270s] DEBUG:colcon.colcon_installed_package_information.package_discovery:Found 370 installed packages in /opt/ros/humble
[0.271s] Level 1:colcon.colcon_core.package_discovery:discover_packages(prefix_path) using defaults
[0.310s] Level 5:colcon.colcon_core.verb:set package 'TurtleBot' build argument 'cmake_args' from command line to 'None'
[0.310s] Level 5:colcon.colcon_core.verb:set package 'TurtleBot' build argument 'cmake_target' from command line to 'None'
[0.310s] Level 5:colcon.colcon_core.verb:set package 'TurtleBot' build argument 'cmake_target_skip_unavailable' from command line to 'False'
[0.310s] Level 5:colcon.colcon_core.verb:set package 'TurtleBot' build argument 'cmake_clean_cache' from command line to 'False'
[0.310s] Level 5:colcon.colcon_core.verb:set package 'TurtleBot' build argument 'cmake_clean_first' from command line to 'False'
[0.310s] Level 5:colcon.colcon_core.verb:set package 'TurtleBot' build argument 'cmake_force_configure' from command line to 'False'
[0.310s] Level 5:colcon.colcon_core.verb:set package 'TurtleBot' build argument 'ament_cmake_args' from command line to 'None'
[0.310s] Level 5:colcon.colcon_core.verb:set package 'TurtleBot' build argument 'catkin_cmake_args' from command line to 'None'
[0.310s] Level 5:colcon.colcon_core.verb:set package 'TurtleBot' build argument 'catkin_skip_building_tests' from command line to 'False'
[0.310s] DEBUG:colcon.colcon_core.verb:Building package 'TurtleBot' with the following arguments: {'ament_cmake_args': None, 'build_base': '/home/rcpsl/Xue_Yanyaobo_ws/build/TurtleBot', 'catkin_cmake_args': None, 'catkin_skip_building_tests': False, 'cmake_args': None, 'cmake_clean_cache': False, 'cmake_clean_first': False, 'cmake_force_configure': False, 'cmake_target': None, 'cmake_target_skip_unavailable': False, 'install_base': '/home/rcpsl/Xue_Yanyaobo_ws/install/TurtleBot', 'merge_install': False, 'path': '/home/rcpsl/Xue_Yanyaobo_ws/src/TurtleBot', 'symlink_install': False, 'test_result_base': None}
[0.310s] Level 5:colcon.colcon_core.verb:set package 'turtlebot3_fake_node' build argument 'cmake_args' from command line to 'None'
[0.310s] Level 5:colcon.colcon_core.verb:set package 'turtlebot3_fake_node' build argument 'cmake_target' from command line to 'None'
[0.310s] Level 5:colcon.colcon_core.verb:set package 'turtlebot3_fake_node' build argument 'cmake_target_skip_unavailable' from command line to 'False'
[0.310s] Level 5:colcon.colcon_core.verb:set package 'turtlebot3_fake_node' build argument 'cmake_clean_cache' from command line to 'False'
[0.310s] Level 5:colcon.colcon_core.verb:set package 'turtlebot3_fake_node' build argument 'cmake_clean_first' from command line to 'False'
[0.310s] Level 5:colcon.colcon_core.verb:set package 'turtlebot3_fake_node' build argument 'cmake_force_configure' from command line to 'False'
[0.310s] Level 5:colcon.colcon_core.verb:set package 'turtlebot3_fake_node' build argument 'ament_cmake_args' from command line to 'None'
[0.310s] Level 5:colcon.colcon_core.verb:set package 'turtlebot3_fake_node' build argument 'catkin_cmake_args' from command line to 'None'
[0.310s] Level 5:colcon.colcon_core.verb:set package 'turtlebot3_fake_node' build argument 'catkin_skip_building_tests' from command line to 'False'
[0.310s] DEBUG:colcon.colcon_core.verb:Building package 'turtlebot3_fake_node' with the following arguments: {'ament_cmake_args': None, 'build_base': '/home/rcpsl/Xue_Yanyaobo_ws/build/turtlebot3_fake_node', 'catkin_cmake_args': None, 'catkin_skip_building_tests': False, 'cmake_args': None, 'cmake_clean_cache': False, 'cmake_clean_first': False, 'cmake_force_configure': False, 'cmake_target': None, 'cmake_target_skip_unavailable': False, 'install_base': '/home/rcpsl/Xue_Yanyaobo_ws/install/turtlebot3_fake_node', 'merge_install': False, 'path': '/home/rcpsl/Xue_Yanyaobo_ws/src/turtlebot3_simulations/turtlebot3_fake_node', 'symlink_install': False, 'test_result_base': None}
[0.310s] Level 5:colcon.colcon_core.verb:set package 'turtlebot3_gazebo' build argument 'cmake_args' from command line to 'None'
[0.310s] Level 5:colcon.colcon_core.verb:set package 'turtlebot3_gazebo' build argument 'cmake_target' from command line to 'None'
[0.310s] Level 5:colcon.colcon_core.verb:set package 'turtlebot3_gazebo' build argument 'cmake_target_skip_unavailable' from command line to 'False'
[0.310s] Level 5:colcon.colcon_core.verb:set package 'turtlebot3_gazebo' build argument 'cmake_clean_cache' from command line to 'False'
[0.311s] Level 5:colcon.colcon_core.verb:set package 'turtlebot3_gazebo' build argument 'cmake_clean_first' from command line to 'False'
[0.311s] Level 5:colcon.colcon_core.verb:set package 'turtlebot3_gazebo' build argument 'cmake_force_configure' from command line to 'False'
[0.311s] Level 5:colcon.colcon_core.verb:set package 'turtlebot3_gazebo' build argument 'ament_cmake_args' from command line to 'None'
[0.311s] Level 5:colcon.colcon_core.verb:set package 'turtlebot3_gazebo' build argument 'catkin_cmake_args' from command line to 'None'
[0.311s] Level 5:colcon.colcon_core.verb:set package 'turtlebot3_gazebo' build argument 'catkin_skip_building_tests' from command line to 'False'
[0.311s] DEBUG:colcon.colcon_core.verb:Building package 'turtlebot3_gazebo' with the following arguments: {'ament_cmake_args': None, 'build_base': '/home/rcpsl/Xue_Yanyaobo_ws/build/turtlebot3_gazebo', 'catkin_cmake_args': None, 'catkin_skip_building_tests': False, 'cmake_args': None, 'cmake_clean_cache': False, 'cmake_clean_first': False, 'cmake_force_configure': False, 'cmake_target': None, 'cmake_target_skip_unavailable': False, 'install_base': '/home/rcpsl/Xue_Yanyaobo_ws/install/turtlebot3_gazebo', 'merge_install': False, 'path': '/home/rcpsl/Xue_Yanyaobo_ws/src/turtlebot3_simulations/turtlebot3_gazebo', 'symlink_install': False, 'test_result_base': None}
[0.311s] Level 5:colcon.colcon_core.verb:set package 'turtlebot_rrt' build argument 'cmake_args' from command line to 'None'
[0.311s] Level 5:colcon.colcon_core.verb:set package 'turtlebot_rrt' build argument 'cmake_target' from command line to 'None'
[0.311s] Level 5:colcon.colcon_core.verb:set package 'turtlebot_rrt' build argument 'cmake_target_skip_unavailable' from command line to 'False'
[0.311s] Level 5:colcon.colcon_core.verb:set package 'turtlebot_rrt' build argument 'cmake_clean_cache' from command line to 'False'
[0.311s] Level 5:colcon.colcon_core.verb:set package 'turtlebot_rrt' build argument 'cmake_clean_first' from command line to 'False'
[0.311s] Level 5:colcon.colcon_core.verb:set package 'turtlebot_rrt' build argument 'cmake_force_configure' from command line to 'False'
[0.311s] Level 5:colcon.colcon_core.verb:set package 'turtlebot_rrt' build argument 'ament_cmake_args' from command line to 'None'
[0.311s] Level 5:colcon.colcon_core.verb:set package 'turtlebot_rrt' build argument 'catkin_cmake_args' from command line to 'None'
[0.311s] Level 5:colcon.colcon_core.verb:set package 'turtlebot_rrt' build argument 'catkin_skip_building_tests' from command line to 'False'
[0.311s] DEBUG:colcon.colcon_core.verb:Building package 'turtlebot_rrt' with the following arguments: {'ament_cmake_args': None, 'build_base': '/home/rcpsl/Xue_Yanyaobo_ws/build/turtlebot_rrt', 'catkin_cmake_args': None, 'catkin_skip_building_tests': False, 'cmake_args': None, 'cmake_clean_cache': False, 'cmake_clean_first': False, 'cmake_force_configure': False, 'cmake_target': None, 'cmake_target_skip_unavailable': False, 'install_base': '/home/rcpsl/Xue_Yanyaobo_ws/install/turtlebot_rrt', 'merge_install': False, 'path': '/home/rcpsl/Xue_Yanyaobo_ws/src/turtlebot_rrt', 'symlink_install': False, 'test_result_base': None}
[0.311s] Level 5:colcon.colcon_core.verb:set package 'turtlebot3_simulations' build argument 'cmake_args' from command line to 'None'
[0.311s] Level 5:colcon.colcon_core.verb:set package 'turtlebot3_simulations' build argument 'cmake_target' from command line to 'None'
[0.311s] Level 5:colcon.colcon_core.verb:set package 'turtlebot3_simulations' build argument 'cmake_target_skip_unavailable' from command line to 'False'
[0.311s] Level 5:colcon.colcon_core.verb:set package 'turtlebot3_simulations' build argument 'cmake_clean_cache' from command line to 'False'
[0.311s] Level 5:colcon.colcon_core.verb:set package 'turtlebot3_simulations' build argument 'cmake_clean_first' from command line to 'False'
[0.311s] Level 5:colcon.colcon_core.verb:set package 'turtlebot3_simulations' build argument 'cmake_force_configure' from command line to 'False'
[0.311s] Level 5:colcon.colcon_core.verb:set package 'turtlebot3_simulations' build argument 'ament_cmake_args' from command line to 'None'
[0.311s] Level 5:colcon.colcon_core.verb:set package 'turtlebot3_simulations' build argument 'catkin_cmake_args' from command line to 'None'
[0.311s] Level 5:colcon.colcon_core.verb:set package 'turtlebot3_simulations' build argument 'catkin_skip_building_tests' from command line to 'False'
[0.311s] DEBUG:colcon.colcon_core.verb:Building package 'turtlebot3_simulations' with the following arguments: {'ament_cmake_args': None, 'build_base': '/home/rcpsl/Xue_Yanyaobo_ws/build/turtlebot3_simulations', 'catkin_cmake_args': None, 'catkin_skip_building_tests': False, 'cmake_args': None, 'cmake_clean_cache': False, 'cmake_clean_first': False, 'cmake_force_configure': False, 'cmake_target': None, 'cmake_target_skip_unavailable': False, 'install_base': '/home/rcpsl/Xue_Yanyaobo_ws/install/turtlebot3_simulations', 'merge_install': False, 'path': '/home/rcpsl/Xue_Yanyaobo_ws/src/turtlebot3_simulations/turtlebot3_simulations', 'symlink_install': False, 'test_result_base': None}
[0.312s] INFO:colcon.colcon_core.executor:Executing jobs using 'parallel' executor
[0.313s] DEBUG:colcon.colcon_parallel_executor.executor.parallel:run_until_complete
[0.313s] INFO:colcon.colcon_ros.task.ament_cmake.build:Building ROS package in '/home/rcpsl/Xue_Yanyaobo_ws/src/turtlebot3_simulations/turtlebot3_fake_node' with build type 'ament_cmake'
[0.313s] INFO:colcon.colcon_cmake.task.cmake.build:Building CMake package in '/home/rcpsl/Xue_Yanyaobo_ws/src/turtlebot3_simulations/turtlebot3_fake_node'
[0.315s] INFO:colcon.colcon_core.plugin_system:Skipping extension 'colcon_core.shell.bat': Not used on non-Windows systems
[0.315s] INFO:colcon.colcon_core.shell:Skip shell extension 'powershell' for command environment: Not usable outside of PowerShell
[0.315s] DEBUG:colcon.colcon_core.shell:Skip shell extension 'dsv' for command environment
[0.319s] INFO:colcon.colcon_ros.task.ament_cmake.build:Building ROS package in '/home/rcpsl/Xue_Yanyaobo_ws/src/turtlebot3_simulations/turtlebot3_gazebo' with build type 'ament_cmake'
[0.319s] INFO:colcon.colcon_cmake.task.cmake.build:Building CMake package in '/home/rcpsl/Xue_Yanyaobo_ws/src/turtlebot3_simulations/turtlebot3_gazebo'
[0.319s] INFO:colcon.colcon_core.shell:Skip shell extension 'powershell' for command environment: Not usable outside of PowerShell
[0.320s] DEBUG:colcon.colcon_core.shell:Skip shell extension 'dsv' for command environment
[0.334s] DEBUG:colcon.colcon_core.event_handler.log_command:Invoking command in '/home/rcpsl/Xue_Yanyaobo_ws/build/turtlebot3_fake_node': CMAKE_PREFIX_PATH=${CMAKE_PREFIX_PATH}:/home/rcpsl/Xue_Yanyaobo_ws/install/turtlebot_rrt:/home/rcpsl/Xue_Yanyaobo_ws/install/TurtleBot:/opt/ros/humble /usr/bin/cmake --build /home/rcpsl/Xue_Yanyaobo_ws/build/turtlebot3_fake_node -- -j2 -l2
[0.343s] DEBUG:colcon.colcon_core.event_handler.log_command:Invoking command in '/home/rcpsl/Xue_Yanyaobo_ws/build/turtlebot3_gazebo': CMAKE_PREFIX_PATH=${CMAKE_PREFIX_PATH}:/home/rcpsl/Xue_Yanyaobo_ws/install/turtlebot_rrt:/home/rcpsl/Xue_Yanyaobo_ws/install/TurtleBot:/opt/ros/humble /usr/bin/cmake --build /home/rcpsl/Xue_Yanyaobo_ws/build/turtlebot3_gazebo -- -j2 -l2
[0.470s] DEBUG:colcon.colcon_core.event_handler.log_command:Invoked command in '/home/rcpsl/Xue_Yanyaobo_ws/build/turtlebot3_fake_node' returned '0': CMAKE_PREFIX_PATH=${CMAKE_PREFIX_PATH}:/home/rcpsl/Xue_Yanyaobo_ws/install/turtlebot_rrt:/home/rcpsl/Xue_Yanyaobo_ws/install/TurtleBot:/opt/ros/humble /usr/bin/cmake --build /home/rcpsl/Xue_Yanyaobo_ws/build/turtlebot3_fake_node -- -j2 -l2
[0.613s] DEBUG:colcon.colcon_core.event_handler.log_command:Invoking command in '/home/rcpsl/Xue_Yanyaobo_ws/build/turtlebot3_fake_node': CMAKE_PREFIX_PATH=${CMAKE_PREFIX_PATH}:/home/rcpsl/Xue_Yanyaobo_ws/install/turtlebot_rrt:/home/rcpsl/Xue_Yanyaobo_ws/install/TurtleBot:/opt/ros/humble /usr/bin/cmake --install /home/rcpsl/Xue_Yanyaobo_ws/build/turtlebot3_fake_node
[0.620s] Level 1:colcon.colcon_core.environment:create_environment_scripts_only(turtlebot3_fake_node)
[0.622s] DEBUG:colcon.colcon_core.event_handler.log_command:Invoked command in '/home/rcpsl/Xue_Yanyaobo_ws/build/turtlebot3_fake_node' returned '0': CMAKE_PREFIX_PATH=${CMAKE_PREFIX_PATH}:/home/rcpsl/Xue_Yanyaobo_ws/install/turtlebot_rrt:/home/rcpsl/Xue_Yanyaobo_ws/install/TurtleBot:/opt/ros/humble /usr/bin/cmake --install /home/rcpsl/Xue_Yanyaobo_ws/build/turtlebot3_fake_node
[0.623s] Level 1:colcon.colcon_core.environment:checking '/home/rcpsl/Xue_Yanyaobo_ws/install/turtlebot3_fake_node' for CMake module files
[0.624s] Level 1:colcon.colcon_core.environment:checking '/home/rcpsl/Xue_Yanyaobo_ws/install/turtlebot3_fake_node' for CMake config files
[0.625s] Level 1:colcon.colcon_core.shell:create_environment_hook('turtlebot3_fake_node', 'cmake_prefix_path')
[0.625s] INFO:colcon.colcon_core.shell:Creating environment hook '/home/rcpsl/Xue_Yanyaobo_ws/install/turtlebot3_fake_node/share/turtlebot3_fake_node/hook/cmake_prefix_path.ps1'
[0.625s] INFO:colcon.colcon_core.shell:Creating environment descriptor '/home/rcpsl/Xue_Yanyaobo_ws/install/turtlebot3_fake_node/share/turtlebot3_fake_node/hook/cmake_prefix_path.dsv'
[0.626s] INFO:colcon.colcon_core.shell:Creating environment hook '/home/rcpsl/Xue_Yanyaobo_ws/install/turtlebot3_fake_node/share/turtlebot3_fake_node/hook/cmake_prefix_path.sh'
[0.626s] Level 1:colcon.colcon_core.environment:checking '/home/rcpsl/Xue_Yanyaobo_ws/install/turtlebot3_fake_node/lib'
[0.626s] Level 1:colcon.colcon_core.environment:checking '/home/rcpsl/Xue_Yanyaobo_ws/install/turtlebot3_fake_node/bin'
[0.626s] Level 1:colcon.colcon_core.environment:checking '/home/rcpsl/Xue_Yanyaobo_ws/install/turtlebot3_fake_node/lib/pkgconfig/turtlebot3_fake_node.pc'
[0.627s] Level 1:colcon.colcon_core.environment:checking '/home/rcpsl/Xue_Yanyaobo_ws/install/turtlebot3_fake_node/lib/python3.10/site-packages'
[0.627s] Level 1:colcon.colcon_core.environment:checking '/home/rcpsl/Xue_Yanyaobo_ws/install/turtlebot3_fake_node/bin'
[0.627s] INFO:colcon.colcon_core.shell:Creating package script '/home/rcpsl/Xue_Yanyaobo_ws/install/turtlebot3_fake_node/share/turtlebot3_fake_node/package.ps1'
[0.628s] INFO:colcon.colcon_core.shell:Creating package descriptor '/home/rcpsl/Xue_Yanyaobo_ws/install/turtlebot3_fake_node/share/turtlebot3_fake_node/package.dsv'
[0.628s] INFO:colcon.colcon_core.shell:Creating package script '/home/rcpsl/Xue_Yanyaobo_ws/install/turtlebot3_fake_node/share/turtlebot3_fake_node/package.sh'
[0.629s] INFO:colcon.colcon_core.shell:Creating package script '/home/rcpsl/Xue_Yanyaobo_ws/install/turtlebot3_fake_node/share/turtlebot3_fake_node/package.bash'
[0.630s] INFO:colcon.colcon_core.shell:Creating package script '/home/rcpsl/Xue_Yanyaobo_ws/install/turtlebot3_fake_node/share/turtlebot3_fake_node/package.zsh'
[0.631s] Level 1:colcon.colcon_core.environment:create_file_with_runtime_dependencies(/home/rcpsl/Xue_Yanyaobo_ws/install/turtlebot3_fake_node/share/colcon-core/packages/turtlebot3_fake_node)
[0.638s] DEBUG:colcon.colcon_core.event_handler.log_command:Invoked command in '/home/rcpsl/Xue_Yanyaobo_ws/build/turtlebot3_gazebo' returned '0': CMAKE_PREFIX_PATH=${CMAKE_PREFIX_PATH}:/home/rcpsl/Xue_Yanyaobo_ws/install/turtlebot_rrt:/home/rcpsl/Xue_Yanyaobo_ws/install/TurtleBot:/opt/ros/humble /usr/bin/cmake --build /home/rcpsl/Xue_Yanyaobo_ws/build/turtlebot3_gazebo -- -j2 -l2
[0.702s] Level 1:colcon.colcon_core.environment:create_environment_scripts_only(turtlebot3_fake_node)
[0.704s] Level 1:colcon.colcon_core.environment:checking '/home/rcpsl/Xue_Yanyaobo_ws/install/turtlebot3_fake_node' for CMake module files
[0.704s] Level 1:colcon.colcon_core.environment:checking '/home/rcpsl/Xue_Yanyaobo_ws/install/turtlebot3_fake_node' for CMake config files
[0.705s] Level 1:colcon.colcon_core.shell:create_environment_hook('turtlebot3_fake_node', 'cmake_prefix_path')
[0.705s] INFO:colcon.colcon_core.shell:Creating environment hook '/home/rcpsl/Xue_Yanyaobo_ws/install/turtlebot3_fake_node/share/turtlebot3_fake_node/hook/cmake_prefix_path.ps1'
[0.706s] INFO:colcon.colcon_core.shell:Creating environment descriptor '/home/rcpsl/Xue_Yanyaobo_ws/install/turtlebot3_fake_node/share/turtlebot3_fake_node/hook/cmake_prefix_path.dsv'
[0.706s] INFO:colcon.colcon_core.shell:Creating environment hook '/home/rcpsl/Xue_Yanyaobo_ws/install/turtlebot3_fake_node/share/turtlebot3_fake_node/hook/cmake_prefix_path.sh'
[0.707s] Level 1:colcon.colcon_core.environment:checking '/home/rcpsl/Xue_Yanyaobo_ws/install/turtlebot3_fake_node/lib'
[0.707s] Level 1:colcon.colcon_core.environment:checking '/home/rcpsl/Xue_Yanyaobo_ws/install/turtlebot3_fake_node/bin'
[0.707s] Level 1:colcon.colcon_core.environment:checking '/home/rcpsl/Xue_Yanyaobo_ws/install/turtlebot3_fake_node/lib/pkgconfig/turtlebot3_fake_node.pc'
[0.707s] Level 1:colcon.colcon_core.environment:checking '/home/rcpsl/Xue_Yanyaobo_ws/install/turtlebot3_fake_node/lib/python3.10/site-packages'
[0.707s] Level 1:colcon.colcon_core.environment:checking '/home/rcpsl/Xue_Yanyaobo_ws/install/turtlebot3_fake_node/bin'
[0.708s] INFO:colcon.colcon_core.shell:Creating package script '/home/rcpsl/Xue_Yanyaobo_ws/install/turtlebot3_fake_node/share/turtlebot3_fake_node/package.ps1'
[0.708s] INFO:colcon.colcon_core.shell:Creating package descriptor '/home/rcpsl/Xue_Yanyaobo_ws/install/turtlebot3_fake_node/share/turtlebot3_fake_node/package.dsv'
[0.709s] INFO:colcon.colcon_core.shell:Creating package script '/home/rcpsl/Xue_Yanyaobo_ws/install/turtlebot3_fake_node/share/turtlebot3_fake_node/package.sh'
[0.710s] INFO:colcon.colcon_core.shell:Creating package script '/home/rcpsl/Xue_Yanyaobo_ws/install/turtlebot3_fake_node/share/turtlebot3_fake_node/package.bash'
[0.710s] INFO:colcon.colcon_core.shell:Creating package script '/home/rcpsl/Xue_Yanyaobo_ws/install/turtlebot3_fake_node/share/turtlebot3_fake_node/package.zsh'
[0.711s] Level 1:colcon.colcon_core.environment:create_file_with_runtime_dependencies(/home/rcpsl/Xue_Yanyaobo_ws/install/turtlebot3_fake_node/share/colcon-core/packages/turtlebot3_fake_node)
[0.711s] INFO:colcon.colcon_ros.task.ament_python.build:Building ROS package in '/home/rcpsl/Xue_Yanyaobo_ws/src/TurtleBot' with build type 'ament_python'
[0.712s] Level 1:colcon.colcon_core.shell:create_environment_hook('TurtleBot', 'ament_prefix_path')
[0.712s] INFO:colcon.colcon_core.shell:Creating environment hook '/home/rcpsl/Xue_Yanyaobo_ws/install/TurtleBot/share/TurtleBot/hook/ament_prefix_path.ps1'
[0.713s] INFO:colcon.colcon_core.shell:Creating environment descriptor '/home/rcpsl/Xue_Yanyaobo_ws/install/TurtleBot/share/TurtleBot/hook/ament_prefix_path.dsv'
[0.714s] INFO:colcon.colcon_core.shell:Creating environment hook '/home/rcpsl/Xue_Yanyaobo_ws/install/TurtleBot/share/TurtleBot/hook/ament_prefix_path.sh'
[0.715s] INFO:colcon.colcon_core.shell:Skip shell extension 'powershell' for command environment: Not usable outside of PowerShell
[0.715s] DEBUG:colcon.colcon_core.shell:Skip shell extension 'dsv' for command environment
[0.963s] INFO:colcon.colcon_core.task.python.build:Building Python package in '/home/rcpsl/Xue_Yanyaobo_ws/src/TurtleBot'
[0.963s] INFO:colcon.colcon_core.shell:Skip shell extension 'powershell' for command environment: Not usable outside of PowerShell
[0.963s] DEBUG:colcon.colcon_core.shell:Skip shell extension 'dsv' for command environment
[0.970s] DEBUG:colcon.colcon_core.event_handler.log_command:Invoking command in '/home/rcpsl/Xue_Yanyaobo_ws/build/turtlebot3_gazebo': CMAKE_PREFIX_PATH=${CMAKE_PREFIX_PATH}:/home/rcpsl/Xue_Yanyaobo_ws/install/turtlebot_rrt:/home/rcpsl/Xue_Yanyaobo_ws/install/TurtleBot:/opt/ros/humble /usr/bin/cmake --install /home/rcpsl/Xue_Yanyaobo_ws/build/turtlebot3_gazebo
[1.014s] Level 1:colcon.colcon_core.environment:create_environment_scripts_only(turtlebot3_gazebo)
[1.015s] Level 1:colcon.colcon_core.environment:checking '/home/rcpsl/Xue_Yanyaobo_ws/install/turtlebot3_gazebo' for CMake module files
[1.015s] Level 1:colcon.colcon_core.environment:checking '/home/rcpsl/Xue_Yanyaobo_ws/install/turtlebot3_gazebo' for CMake config files
[1.016s] DEBUG:colcon.colcon_core.event_handler.log_command:Invoked command in '/home/rcpsl/Xue_Yanyaobo_ws/build/turtlebot3_gazebo' returned '0': CMAKE_PREFIX_PATH=${CMAKE_PREFIX_PATH}:/home/rcpsl/Xue_Yanyaobo_ws/install/turtlebot_rrt:/home/rcpsl/Xue_Yanyaobo_ws/install/TurtleBot:/opt/ros/humble /usr/bin/cmake --install /home/rcpsl/Xue_Yanyaobo_ws/build/turtlebot3_gazebo
[1.017s] Level 1:colcon.colcon_core.shell:create_environment_hook('turtlebot3_gazebo', 'cmake_prefix_path')
[1.017s] INFO:colcon.colcon_core.shell:Creating environment hook '/home/rcpsl/Xue_Yanyaobo_ws/install/turtlebot3_gazebo/share/turtlebot3_gazebo/hook/cmake_prefix_path.ps1'
[1.018s] INFO:colcon.colcon_core.shell:Creating environment descriptor '/home/rcpsl/Xue_Yanyaobo_ws/install/turtlebot3_gazebo/share/turtlebot3_gazebo/hook/cmake_prefix_path.dsv'
[1.018s] INFO:colcon.colcon_core.shell:Creating environment hook '/home/rcpsl/Xue_Yanyaobo_ws/install/turtlebot3_gazebo/share/turtlebot3_gazebo/hook/cmake_prefix_path.sh'
[1.019s] Level 1:colcon.colcon_core.environment:checking '/home/rcpsl/Xue_Yanyaobo_ws/install/turtlebot3_gazebo/lib'
[1.019s] Level 1:colcon.colcon_core.environment:checking '/home/rcpsl/Xue_Yanyaobo_ws/install/turtlebot3_gazebo/bin'
[1.019s] Level 1:colcon.colcon_core.environment:checking '/home/rcpsl/Xue_Yanyaobo_ws/install/turtlebot3_gazebo/lib/pkgconfig/turtlebot3_gazebo.pc'
[1.019s] Level 1:colcon.colcon_core.environment:checking '/home/rcpsl/Xue_Yanyaobo_ws/install/turtlebot3_gazebo/lib/python3.10/site-packages'
[1.019s] Level 1:colcon.colcon_core.environment:checking '/home/rcpsl/Xue_Yanyaobo_ws/install/turtlebot3_gazebo/bin'
[1.019s] INFO:colcon.colcon_core.shell:Creating package script '/home/rcpsl/Xue_Yanyaobo_ws/install/turtlebot3_gazebo/share/turtlebot3_gazebo/package.ps1'
[1.020s] INFO:colcon.colcon_core.shell:Creating package descriptor '/home/rcpsl/Xue_Yanyaobo_ws/install/turtlebot3_gazebo/share/turtlebot3_gazebo/package.dsv'
[1.021s] INFO:colcon.colcon_core.shell:Creating package script '/home/rcpsl/Xue_Yanyaobo_ws/install/turtlebot3_gazebo/share/turtlebot3_gazebo/package.sh'
[1.022s] INFO:colcon.colcon_core.shell:Creating package script '/home/rcpsl/Xue_Yanyaobo_ws/install/turtlebot3_gazebo/share/turtlebot3_gazebo/package.bash'
[1.024s] INFO:colcon.colcon_core.shell:Creating package script '/home/rcpsl/Xue_Yanyaobo_ws/install/turtlebot3_gazebo/share/turtlebot3_gazebo/package.zsh'
[1.024s] Level 1:colcon.colcon_core.environment:create_file_with_runtime_dependencies(/home/rcpsl/Xue_Yanyaobo_ws/install/turtlebot3_gazebo/share/colcon-core/packages/turtlebot3_gazebo)
[1.146s] Level 1:colcon.colcon_core.environment:create_environment_scripts_only(turtlebot3_gazebo)
[1.146s] Level 1:colcon.colcon_core.environment:checking '/home/rcpsl/Xue_Yanyaobo_ws/install/turtlebot3_gazebo' for CMake module files
[1.152s] Level 1:colcon.colcon_core.environment:checking '/home/rcpsl/Xue_Yanyaobo_ws/install/turtlebot3_gazebo' for CMake config files
[1.154s] Level 1:colcon.colcon_core.shell:create_environment_hook('turtlebot3_gazebo', 'cmake_prefix_path')
[1.154s] INFO:colcon.colcon_core.shell:Creating environment hook '/home/rcpsl/Xue_Yanyaobo_ws/install/turtlebot3_gazebo/share/turtlebot3_gazebo/hook/cmake_prefix_path.ps1'
[1.155s] INFO:colcon.colcon_core.shell:Creating environment descriptor '/home/rcpsl/Xue_Yanyaobo_ws/install/turtlebot3_gazebo/share/turtlebot3_gazebo/hook/cmake_prefix_path.dsv'
[1.156s] INFO:colcon.colcon_core.shell:Creating environment hook '/home/rcpsl/Xue_Yanyaobo_ws/install/turtlebot3_gazebo/share/turtlebot3_gazebo/hook/cmake_prefix_path.sh'
[1.157s] Level 1:colcon.colcon_core.environment:checking '/home/rcpsl/Xue_Yanyaobo_ws/install/turtlebot3_gazebo/lib'
[1.157s] Level 1:colcon.colcon_core.environment:checking '/home/rcpsl/Xue_Yanyaobo_ws/install/turtlebot3_gazebo/bin'
[1.157s] Level 1:colcon.colcon_core.environment:checking '/home/rcpsl/Xue_Yanyaobo_ws/install/turtlebot3_gazebo/lib/pkgconfig/turtlebot3_gazebo.pc'
[1.158s] Level 1:colcon.colcon_core.environment:checking '/home/rcpsl/Xue_Yanyaobo_ws/install/turtlebot3_gazebo/lib/python3.10/site-packages'
[1.158s] Level 1:colcon.colcon_core.environment:checking '/home/rcpsl/Xue_Yanyaobo_ws/install/turtlebot3_gazebo/bin'
[1.159s] INFO:colcon.colcon_core.shell:Creating package script '/home/rcpsl/Xue_Yanyaobo_ws/install/turtlebot3_gazebo/share/turtlebot3_gazebo/package.ps1'
[1.160s] INFO:colcon.colcon_core.shell:Creating package descriptor '/home/rcpsl/Xue_Yanyaobo_ws/install/turtlebot3_gazebo/share/turtlebot3_gazebo/package.dsv'
[1.160s] INFO:colcon.colcon_core.shell:Creating package script '/home/rcpsl/Xue_Yanyaobo_ws/install/turtlebot3_gazebo/share/turtlebot3_gazebo/package.sh'
[1.161s] INFO:colcon.colcon_core.shell:Creating package script '/home/rcpsl/Xue_Yanyaobo_ws/install/turtlebot3_gazebo/share/turtlebot3_gazebo/package.bash'
[1.161s] INFO:colcon.colcon_core.shell:Creating package script '/home/rcpsl/Xue_Yanyaobo_ws/install/turtlebot3_gazebo/share/turtlebot3_gazebo/package.zsh'
[1.162s] Level 1:colcon.colcon_core.environment:create_file_with_runtime_dependencies(/home/rcpsl/Xue_Yanyaobo_ws/install/turtlebot3_gazebo/share/colcon-core/packages/turtlebot3_gazebo)
[1.163s] INFO:colcon.colcon_ros.task.ament_python.build:Building ROS package in '/home/rcpsl/Xue_Yanyaobo_ws/src/turtlebot_rrt' with build type 'ament_python'
[1.164s] Level 1:colcon.colcon_core.shell:create_environment_hook('turtlebot_rrt', 'ament_prefix_path')
[1.164s] INFO:colcon.colcon_core.shell:Creating environment hook '/home/rcpsl/Xue_Yanyaobo_ws/install/turtlebot_rrt/share/turtlebot_rrt/hook/ament_prefix_path.ps1'
[1.164s] INFO:colcon.colcon_core.shell:Creating environment descriptor '/home/rcpsl/Xue_Yanyaobo_ws/install/turtlebot_rrt/share/turtlebot_rrt/hook/ament_prefix_path.dsv'
[1.167s] INFO:colcon.colcon_core.shell:Creating environment hook '/home/rcpsl/Xue_Yanyaobo_ws/install/turtlebot_rrt/share/turtlebot_rrt/hook/ament_prefix_path.sh'
[1.168s] INFO:colcon.colcon_core.shell:Skip shell extension 'powershell' for command environment: Not usable outside of PowerShell
[1.168s] DEBUG:colcon.colcon_core.shell:Skip shell extension 'dsv' for command environment
[1.502s] INFO:colcon.colcon_core.task.python.build:Building Python package in '/home/rcpsl/Xue_Yanyaobo_ws/src/turtlebot_rrt'
[1.502s] INFO:colcon.colcon_core.shell:Skip shell extension 'powershell' for command environment: Not usable outside of PowerShell
[1.502s] DEBUG:colcon.colcon_core.shell:Skip shell extension 'dsv' for command environment
[1.509s] DEBUG:colcon.colcon_core.event_handler.log_command:Invoking command in '/home/rcpsl/Xue_Yanyaobo_ws/src/TurtleBot': PYTHONPATH=/home/rcpsl/Xue_Yanyaobo_ws/build/TurtleBot/prefix_override:/home/rcpsl/Xue_Yanyaobo_ws/install/TurtleBot/lib/python3.10/site-packages:${PYTHONPATH} /usr/bin/python3 -W ignore:setup.py install is deprecated setup.py egg_info --egg-base ../../build/TurtleBot build --build-base /home/rcpsl/Xue_Yanyaobo_ws/build/TurtleBot/build install --record /home/rcpsl/Xue_Yanyaobo_ws/build/TurtleBot/install.log --single-version-externally-managed install_data
[1.853s] DEBUG:colcon.colcon_core.event_handler.log_command:Invoking command in '/home/rcpsl/Xue_Yanyaobo_ws/src/turtlebot_rrt': PYTHONPATH=/home/rcpsl/Xue_Yanyaobo_ws/build/turtlebot_rrt/prefix_override:/home/rcpsl/Xue_Yanyaobo_ws/install/turtlebot_rrt/lib/python3.10/site-packages:${PYTHONPATH} /usr/bin/python3 -W ignore:setup.py install is deprecated setup.py egg_info --egg-base ../../build/turtlebot_rrt build --build-base /home/rcpsl/Xue_Yanyaobo_ws/build/turtlebot_rrt/build install --record /home/rcpsl/Xue_Yanyaobo_ws/build/turtlebot_rrt/install.log --single-version-externally-managed install_data
[2.028s] Level 1:colcon.colcon_core.environment:checking '/home/rcpsl/Xue_Yanyaobo_ws/install/TurtleBot' for CMake module files
[2.028s] DEBUG:colcon.colcon_core.event_handler.log_command:Invoked command in '/home/rcpsl/Xue_Yanyaobo_ws/src/TurtleBot' returned '0': PYTHONPATH=/home/rcpsl/Xue_Yanyaobo_ws/build/TurtleBot/prefix_override:/home/rcpsl/Xue_Yanyaobo_ws/install/TurtleBot/lib/python3.10/site-packages:${PYTHONPATH} /usr/bin/python3 -W ignore:setup.py install is deprecated setup.py egg_info --egg-base ../../build/TurtleBot build --build-base /home/rcpsl/Xue_Yanyaobo_ws/build/TurtleBot/build install --record /home/rcpsl/Xue_Yanyaobo_ws/build/TurtleBot/install.log --single-version-externally-managed install_data
[2.029s] Level 1:colcon.colcon_core.environment:checking '/home/rcpsl/Xue_Yanyaobo_ws/install/TurtleBot' for CMake config files
[2.031s] Level 1:colcon.colcon_core.environment:checking '/home/rcpsl/Xue_Yanyaobo_ws/install/TurtleBot/lib'
[2.031s] Level 1:colcon.colcon_core.environment:checking '/home/rcpsl/Xue_Yanyaobo_ws/install/TurtleBot/bin'
[2.031s] Level 1:colcon.colcon_core.environment:checking '/home/rcpsl/Xue_Yanyaobo_ws/install/TurtleBot/lib/pkgconfig/TurtleBot.pc'
[2.031s] Level 1:colcon.colcon_core.environment:checking '/home/rcpsl/Xue_Yanyaobo_ws/install/TurtleBot/lib/python3.10/site-packages'
[2.031s] Level 1:colcon.colcon_core.shell:create_environment_hook('TurtleBot', 'pythonpath')
[2.032s] INFO:colcon.colcon_core.shell:Creating environment hook '/home/rcpsl/Xue_Yanyaobo_ws/install/TurtleBot/share/TurtleBot/hook/pythonpath.ps1'
[2.035s] INFO:colcon.colcon_core.shell:Creating environment descriptor '/home/rcpsl/Xue_Yanyaobo_ws/install/TurtleBot/share/TurtleBot/hook/pythonpath.dsv'
[2.036s] INFO:colcon.colcon_core.shell:Creating environment hook '/home/rcpsl/Xue_Yanyaobo_ws/install/TurtleBot/share/TurtleBot/hook/pythonpath.sh'
[2.038s] Level 1:colcon.colcon_core.environment:checking '/home/rcpsl/Xue_Yanyaobo_ws/install/TurtleBot/bin'
[2.038s] Level 1:colcon.colcon_core.environment:create_environment_scripts_only(TurtleBot)
[2.039s] INFO:colcon.colcon_core.shell:Creating package script '/home/rcpsl/Xue_Yanyaobo_ws/install/TurtleBot/share/TurtleBot/package.ps1'
[2.041s] INFO:colcon.colcon_core.shell:Creating package descriptor '/home/rcpsl/Xue_Yanyaobo_ws/install/TurtleBot/share/TurtleBot/package.dsv'
[2.041s] INFO:colcon.colcon_core.shell:Creating package script '/home/rcpsl/Xue_Yanyaobo_ws/install/TurtleBot/share/TurtleBot/package.sh'
[2.042s] INFO:colcon.colcon_core.shell:Creating package script '/home/rcpsl/Xue_Yanyaobo_ws/install/TurtleBot/share/TurtleBot/package.bash'
[2.043s] INFO:colcon.colcon_core.shell:Creating package script '/home/rcpsl/Xue_Yanyaobo_ws/install/TurtleBot/share/TurtleBot/package.zsh'
[2.044s] Level 1:colcon.colcon_core.environment:create_file_with_runtime_dependencies(/home/rcpsl/Xue_Yanyaobo_ws/install/TurtleBot/share/colcon-core/packages/TurtleBot)
[2.045s] INFO:colcon.colcon_ros.task.ament_cmake.build:Building ROS package in '/home/rcpsl/Xue_Yanyaobo_ws/src/turtlebot3_simulations/turtlebot3_simulations' with build type 'ament_cmake'
[2.045s] INFO:colcon.colcon_cmake.task.cmake.build:Building CMake package in '/home/rcpsl/Xue_Yanyaobo_ws/src/turtlebot3_simulations/turtlebot3_simulations'
[2.046s] INFO:colcon.colcon_core.shell:Skip shell extension 'powershell' for command environment: Not usable outside of PowerShell
[2.046s] DEBUG:colcon.colcon_core.shell:Skip shell extension 'dsv' for command environment
[2.084s] DEBUG:colcon.colcon_core.event_handler.log_command:Invoking command in '/home/rcpsl/Xue_Yanyaobo_ws/build/turtlebot3_simulations': CMAKE_PREFIX_PATH=/home/rcpsl/Xue_Yanyaobo_ws/install/turtlebot3_gazebo:/home/rcpsl/Xue_Yanyaobo_ws/install/turtlebot3_fake_node:/home/rcpsl/Xue_Yanyaobo_ws/install/turtlebot3_simulations:/home/rcpsl/Xue_Yanyaobo_ws/install/turtlebot_rrt:/home/rcpsl/Xue_Yanyaobo_ws/install/TurtleBot:/opt/ros/humble /usr/bin/cmake --build /home/rcpsl/Xue_Yanyaobo_ws/build/turtlebot3_simulations -- -j2 -l2
[2.191s] Level 1:colcon.colcon_core.environment:checking '/home/rcpsl/Xue_Yanyaobo_ws/install/turtlebot_rrt' for CMake module files
[2.192s] Level 1:colcon.colcon_core.environment:checking '/home/rcpsl/Xue_Yanyaobo_ws/install/turtlebot_rrt' for CMake config files
[2.192s] DEBUG:colcon.colcon_core.event_handler.log_command:Invoked command in '/home/rcpsl/Xue_Yanyaobo_ws/src/turtlebot_rrt' returned '0': PYTHONPATH=/home/rcpsl/Xue_Yanyaobo_ws/build/turtlebot_rrt/prefix_override:/home/rcpsl/Xue_Yanyaobo_ws/install/turtlebot_rrt/lib/python3.10/site-packages:${PYTHONPATH} /usr/bin/python3 -W ignore:setup.py install is deprecated setup.py egg_info --egg-base ../../build/turtlebot_rrt build --build-base /home/rcpsl/Xue_Yanyaobo_ws/build/turtlebot_rrt/build install --record /home/rcpsl/Xue_Yanyaobo_ws/build/turtlebot_rrt/install.log --single-version-externally-managed install_data
[2.193s] Level 1:colcon.colcon_core.environment:checking '/home/rcpsl/Xue_Yanyaobo_ws/install/turtlebot_rrt/lib'
[2.193s] Level 1:colcon.colcon_core.environment:checking '/home/rcpsl/Xue_Yanyaobo_ws/install/turtlebot_rrt/bin'
[2.193s] Level 1:colcon.colcon_core.environment:checking '/home/rcpsl/Xue_Yanyaobo_ws/install/turtlebot_rrt/lib/pkgconfig/turtlebot_rrt.pc'
[2.193s] Level 1:colcon.colcon_core.environment:checking '/home/rcpsl/Xue_Yanyaobo_ws/install/turtlebot_rrt/lib/python3.10/site-packages'
[2.193s] Level 1:colcon.colcon_core.shell:create_environment_hook('turtlebot_rrt', 'pythonpath')
[2.193s] INFO:colcon.colcon_core.shell:Creating environment hook '/home/rcpsl/Xue_Yanyaobo_ws/install/turtlebot_rrt/share/turtlebot_rrt/hook/pythonpath.ps1'
[2.194s] INFO:colcon.colcon_core.shell:Creating environment descriptor '/home/rcpsl/Xue_Yanyaobo_ws/install/turtlebot_rrt/share/turtlebot_rrt/hook/pythonpath.dsv'
[2.194s] INFO:colcon.colcon_core.shell:Creating environment hook '/home/rcpsl/Xue_Yanyaobo_ws/install/turtlebot_rrt/share/turtlebot_rrt/hook/pythonpath.sh'
[2.195s] Level 1:colcon.colcon_core.environment:checking '/home/rcpsl/Xue_Yanyaobo_ws/install/turtlebot_rrt/bin'
[2.195s] Level 1:colcon.colcon_core.environment:create_environment_scripts_only(turtlebot_rrt)
[2.195s] INFO:colcon.colcon_core.shell:Creating package script '/home/rcpsl/Xue_Yanyaobo_ws/install/turtlebot_rrt/share/turtlebot_rrt/package.ps1'
[2.195s] INFO:colcon.colcon_core.shell:Creating package descriptor '/home/rcpsl/Xue_Yanyaobo_ws/install/turtlebot_rrt/share/turtlebot_rrt/package.dsv'
[2.196s] INFO:colcon.colcon_core.shell:Creating package script '/home/rcpsl/Xue_Yanyaobo_ws/install/turtlebot_rrt/share/turtlebot_rrt/package.sh'
[2.196s] INFO:colcon.colcon_core.shell:Creating package script '/home/rcpsl/Xue_Yanyaobo_ws/install/turtlebot_rrt/share/turtlebot_rrt/package.bash'
[2.197s] INFO:colcon.colcon_core.shell:Creating package script '/home/rcpsl/Xue_Yanyaobo_ws/install/turtlebot_rrt/share/turtlebot_rrt/package.zsh'
[2.197s] Level 1:colcon.colcon_core.environment:create_file_with_runtime_dependencies(/home/rcpsl/Xue_Yanyaobo_ws/install/turtlebot_rrt/share/colcon-core/packages/turtlebot_rrt)
[2.200s] DEBUG:colcon.colcon_core.event_handler.log_command:Invoked command in '/home/rcpsl/Xue_Yanyaobo_ws/build/turtlebot3_simulations' returned '0': CMAKE_PREFIX_PATH=/home/rcpsl/Xue_Yanyaobo_ws/install/turtlebot3_gazebo:/home/rcpsl/Xue_Yanyaobo_ws/install/turtlebot3_fake_node:/home/rcpsl/Xue_Yanyaobo_ws/install/turtlebot3_simulations:/home/rcpsl/Xue_Yanyaobo_ws/install/turtlebot_rrt:/home/rcpsl/Xue_Yanyaobo_ws/install/TurtleBot:/opt/ros/humble /usr/bin/cmake --build /home/rcpsl/Xue_Yanyaobo_ws/build/turtlebot3_simulations -- -j2 -l2
[2.252s] DEBUG:colcon.colcon_core.event_handler.log_command:Invoking command in '/home/rcpsl/Xue_Yanyaobo_ws/build/turtlebot3_simulations': CMAKE_PREFIX_PATH=/home/rcpsl/Xue_Yanyaobo_ws/install/turtlebot3_gazebo:/home/rcpsl/Xue_Yanyaobo_ws/install/turtlebot3_fake_node:/home/rcpsl/Xue_Yanyaobo_ws/install/turtlebot3_simulations:/home/rcpsl/Xue_Yanyaobo_ws/install/turtlebot_rrt:/home/rcpsl/Xue_Yanyaobo_ws/install/TurtleBot:/opt/ros/humble /usr/bin/cmake --install /home/rcpsl/Xue_Yanyaobo_ws/build/turtlebot3_simulations
[2.268s] Level 1:colcon.colcon_core.environment:create_environment_scripts_only(turtlebot3_simulations)
[2.268s] Level 1:colcon.colcon_core.environment:checking '/home/rcpsl/Xue_Yanyaobo_ws/install/turtlebot3_simulations' for CMake module files
[2.269s] Level 1:colcon.colcon_core.environment:checking '/home/rcpsl/Xue_Yanyaobo_ws/install/turtlebot3_simulations' for CMake config files
[2.269s] Level 1:colcon.colcon_core.shell:create_environment_hook('turtlebot3_simulations', 'cmake_prefix_path')
[2.269s] INFO:colcon.colcon_core.shell:Creating environment hook '/home/rcpsl/Xue_Yanyaobo_ws/install/turtlebot3_simulations/share/turtlebot3_simulations/hook/cmake_prefix_path.ps1'
[2.269s] INFO:colcon.colcon_core.shell:Creating environment descriptor '/home/rcpsl/Xue_Yanyaobo_ws/install/turtlebot3_simulations/share/turtlebot3_simulations/hook/cmake_prefix_path.dsv'
[2.270s] INFO:colcon.colcon_core.shell:Creating environment hook '/home/rcpsl/Xue_Yanyaobo_ws/install/turtlebot3_simulations/share/turtlebot3_simulations/hook/cmake_prefix_path.sh'
[2.270s] Level 1:colcon.colcon_core.environment:checking '/home/rcpsl/Xue_Yanyaobo_ws/install/turtlebot3_simulations/bin'
[2.270s] Level 1:colcon.colcon_core.environment:checking '/home/rcpsl/Xue_Yanyaobo_ws/install/turtlebot3_simulations/lib/pkgconfig/turtlebot3_simulations.pc'
[2.270s] Level 1:colcon.colcon_core.environment:checking '/home/rcpsl/Xue_Yanyaobo_ws/install/turtlebot3_simulations/lib/python3.10/site-packages'
[2.271s] Level 1:colcon.colcon_core.environment:checking '/home/rcpsl/Xue_Yanyaobo_ws/install/turtlebot3_simulations/bin'
[2.271s] INFO:colcon.colcon_core.shell:Creating package script '/home/rcpsl/Xue_Yanyaobo_ws/install/turtlebot3_simulations/share/turtlebot3_simulations/package.ps1'
[2.271s] DEBUG:colcon.colcon_core.event_handler.log_command:Invoked command in '/home/rcpsl/Xue_Yanyaobo_ws/build/turtlebot3_simulations' returned '0': CMAKE_PREFIX_PATH=/home/rcpsl/Xue_Yanyaobo_ws/install/turtlebot3_gazebo:/home/rcpsl/Xue_Yanyaobo_ws/install/turtlebot3_fake_node:/home/rcpsl/Xue_Yanyaobo_ws/install/turtlebot3_simulations:/home/rcpsl/Xue_Yanyaobo_ws/install/turtlebot_rrt:/home/rcpsl/Xue_Yanyaobo_ws/install/TurtleBot:/opt/ros/humble /usr/bin/cmake --install /home/rcpsl/Xue_Yanyaobo_ws/build/turtlebot3_simulations
[2.272s] INFO:colcon.colcon_core.shell:Creating package descriptor '/home/rcpsl/Xue_Yanyaobo_ws/install/turtlebot3_simulations/share/turtlebot3_simulations/package.dsv'
[2.272s] INFO:colcon.colcon_core.shell:Creating package script '/home/rcpsl/Xue_Yanyaobo_ws/install/turtlebot3_simulations/share/turtlebot3_simulations/package.sh'
[2.274s] INFO:colcon.colcon_core.shell:Creating package script '/home/rcpsl/Xue_Yanyaobo_ws/install/turtlebot3_simulations/share/turtlebot3_simulations/package.bash'
[2.274s] INFO:colcon.colcon_core.shell:Creating package script '/home/rcpsl/Xue_Yanyaobo_ws/install/turtlebot3_simulations/share/turtlebot3_simulations/package.zsh'
[2.274s] Level 1:colcon.colcon_core.environment:create_file_with_runtime_dependencies(/home/rcpsl/Xue_Yanyaobo_ws/install/turtlebot3_simulations/share/colcon-core/packages/turtlebot3_simulations)
[2.319s] Level 1:colcon.colcon_core.environment:create_environment_scripts_only(turtlebot3_simulations)
[2.319s] Level 1:colcon.colcon_core.environment:checking '/home/rcpsl/Xue_Yanyaobo_ws/install/turtlebot3_simulations' for CMake module files
[2.320s] Level 1:colcon.colcon_core.environment:checking '/home/rcpsl/Xue_Yanyaobo_ws/install/turtlebot3_simulations' for CMake config files
[2.320s] Level 1:colcon.colcon_core.shell:create_environment_hook('turtlebot3_simulations', 'cmake_prefix_path')
[2.320s] INFO:colcon.colcon_core.shell:Creating environment hook '/home/rcpsl/Xue_Yanyaobo_ws/install/turtlebot3_simulations/share/turtlebot3_simulations/hook/cmake_prefix_path.ps1'
[2.321s] INFO:colcon.colcon_core.shell:Creating environment descriptor '/home/rcpsl/Xue_Yanyaobo_ws/install/turtlebot3_simulations/share/turtlebot3_simulations/hook/cmake_prefix_path.dsv'
[2.321s] INFO:colcon.colcon_core.shell:Creating environment hook '/home/rcpsl/Xue_Yanyaobo_ws/install/turtlebot3_simulations/share/turtlebot3_simulations/hook/cmake_prefix_path.sh'
[2.322s] Level 1:colcon.colcon_core.environment:checking '/home/rcpsl/Xue_Yanyaobo_ws/install/turtlebot3_simulations/bin'
[2.322s] Level 1:colcon.colcon_core.environment:checking '/home/rcpsl/Xue_Yanyaobo_ws/install/turtlebot3_simulations/lib/pkgconfig/turtlebot3_simulations.pc'
[2.322s] Level 1:colcon.colcon_core.environment:checking '/home/rcpsl/Xue_Yanyaobo_ws/install/turtlebot3_simulations/lib/python3.10/site-packages'
[2.322s] Level 1:colcon.colcon_core.environment:checking '/home/rcpsl/Xue_Yanyaobo_ws/install/turtlebot3_simulations/bin'
[2.322s] INFO:colcon.colcon_core.shell:Creating package script '/home/rcpsl/Xue_Yanyaobo_ws/install/turtlebot3_simulations/share/turtlebot3_simulations/package.ps1'
[2.323s] INFO:colcon.colcon_core.shell:Creating package descriptor '/home/rcpsl/Xue_Yanyaobo_ws/install/turtlebot3_simulations/share/turtlebot3_simulations/package.dsv'
[2.324s] INFO:colcon.colcon_core.shell:Creating package script '/home/rcpsl/Xue_Yanyaobo_ws/install/turtlebot3_simulations/share/turtlebot3_simulations/package.sh'
[2.324s] INFO:colcon.colcon_core.shell:Creating package script '/home/rcpsl/Xue_Yanyaobo_ws/install/turtlebot3_simulations/share/turtlebot3_simulations/package.bash'
[2.325s] INFO:colcon.colcon_core.shell:Creating package script '/home/rcpsl/Xue_Yanyaobo_ws/install/turtlebot3_simulations/share/turtlebot3_simulations/package.zsh'
[2.326s] Level 1:colcon.colcon_core.environment:create_file_with_runtime_dependencies(/home/rcpsl/Xue_Yanyaobo_ws/install/turtlebot3_simulations/share/colcon-core/packages/turtlebot3_simulations)
[2.327s] DEBUG:colcon.colcon_parallel_executor.executor.parallel:closing loop
[2.327s] DEBUG:colcon.colcon_parallel_executor.executor.parallel:loop closed
[2.327s] DEBUG:colcon.colcon_parallel_executor.executor.parallel:run_until_complete finished with '0'
[2.327s] DEBUG:colcon.colcon_core.event_reactor:joining thread
[2.332s] INFO:colcon.colcon_core.plugin_system:Skipping extension 'colcon_notification.desktop_notification.terminal_notifier': Not used on non-Darwin systems
[2.332s] INFO:colcon.colcon_core.plugin_system:Skipping extension 'colcon_notification.desktop_notification.win32': Not used on non-Windows systems
[2.332s] INFO:colcon.colcon_notification.desktop_notification:Sending desktop notification using 'notify2'
[2.347s] DEBUG:colcon.colcon_core.event_reactor:joined thread
[2.348s] INFO:colcon.colcon_core.shell:Creating prefix script '/home/rcpsl/Xue_Yanyaobo_ws/install/local_setup.ps1'
[2.348s] INFO:colcon.colcon_core.shell:Creating prefix util module '/home/rcpsl/Xue_Yanyaobo_ws/install/_local_setup_util_ps1.py'
[2.350s] INFO:colcon.colcon_core.shell:Creating prefix chain script '/home/rcpsl/Xue_Yanyaobo_ws/install/setup.ps1'
[2.351s] INFO:colcon.colcon_core.shell:Creating prefix script '/home/rcpsl/Xue_Yanyaobo_ws/install/local_setup.sh'
[2.351s] INFO:colcon.colcon_core.shell:Creating prefix util module '/home/rcpsl/Xue_Yanyaobo_ws/install/_local_setup_util_sh.py'
[2.354s] INFO:colcon.colcon_core.shell:Creating prefix chain script '/home/rcpsl/Xue_Yanyaobo_ws/install/setup.sh'
[2.356s] INFO:colcon.colcon_core.shell:Creating prefix script '/home/rcpsl/Xue_Yanyaobo_ws/install/local_setup.bash'
[2.359s] INFO:colcon.colcon_core.shell:Creating prefix chain script '/home/rcpsl/Xue_Yanyaobo_ws/install/setup.bash'
[2.361s] INFO:colcon.colcon_core.shell:Creating prefix script '/home/rcpsl/Xue_Yanyaobo_ws/install/local_setup.zsh'
[2.363s] INFO:colcon.colcon_core.shell:Creating prefix chain script '/home/rcpsl/Xue_Yanyaobo_ws/install/setup.zsh'
