[0.638s] Invoking command in '/home/rcpsl/Xue_Yanyaobo_ws/src/TurtleBot': PYTHONPATH=/home/rcpsl/Xue_Yanyaobo_ws/build/TurtleBot/prefix_override:/home/rcpsl/Xue_Yanyaobo_ws/install/TurtleBot/lib/python3.10/site-packages:${PYTHONPATH} /usr/bin/python3 -W ignore:setup.py install is deprecated setup.py egg_info --egg-base ../../build/TurtleBot build --build-base /home/rcpsl/Xue_Yanyaobo_ws/build/TurtleBot/build install --record /home/rcpsl/Xue_Yanyaobo_ws/build/TurtleBot/install.log --single-version-externally-managed install_data
[0.870s] running egg_info
[0.871s] writing ../../build/TurtleBot/TurtleBot.egg-info/PKG-INFO
[0.871s] writing dependency_links to ../../build/TurtleBot/TurtleBot.egg-info/dependency_links.txt
[0.872s] writing entry points to ../../build/TurtleBot/TurtleBot.egg-info/entry_points.txt
[0.872s] writing requirements to ../../build/TurtleBot/TurtleBot.egg-info/requires.txt
[0.873s] writing top-level names to ../../build/TurtleBot/TurtleBot.egg-info/top_level.txt
[0.875s] reading manifest file '../../build/TurtleBot/TurtleBot.egg-info/SOURCES.txt'
[0.876s] writing manifest file '../../build/TurtleBot/TurtleBot.egg-info/SOURCES.txt'
[0.876s] running build
[0.876s] running build_py
[0.877s] copying TurtleBot/scripts/Motion_Planner.py -> /home/rcpsl/Xue_Yanyaobo_ws/build/TurtleBot/build/lib/TurtleBot/scripts
[0.877s] copying TurtleBot/scripts/PID_Controller.py -> /home/rcpsl/Xue_Yanyaobo_ws/build/TurtleBot/build/lib/TurtleBot/scripts
[0.878s] running install
[0.878s] running install_lib
[0.879s] copying /home/rcpsl/Xue_Yanyaobo_ws/build/TurtleBot/build/lib/TurtleBot/scripts/Motion_Planner.py -> /home/rcpsl/Xue_Yanyaobo_ws/install/TurtleBot/lib/python3.10/site-packages/TurtleBot/scripts
[0.880s] copying /home/rcpsl/Xue_Yanyaobo_ws/build/TurtleBot/build/lib/TurtleBot/scripts/PID_Controller.py -> /home/rcpsl/Xue_Yanyaobo_ws/install/TurtleBot/lib/python3.10/site-packages/TurtleBot/scripts
[0.880s] byte-compiling /home/rcpsl/Xue_Yanyaobo_ws/install/TurtleBot/lib/python3.10/site-packages/TurtleBot/scripts/Motion_Planner.py to Motion_Planner.cpython-310.pyc
[0.881s] byte-compiling /home/rcpsl/Xue_Yanyaobo_ws/install/TurtleBot/lib/python3.10/site-packages/TurtleBot/scripts/PID_Controller.py to PID_Controller.cpython-310.pyc
[0.883s] running install_data
[0.883s] running install_egg_info
[0.884s] removing '/home/rcpsl/Xue_Yanyaobo_ws/install/TurtleBot/lib/python3.10/site-packages/TurtleBot-0.0.0-py3.10.egg-info' (and everything under it)
[0.885s] Copying ../../build/TurtleBot/TurtleBot.egg-info to /home/rcpsl/Xue_Yanyaobo_ws/install/TurtleBot/lib/python3.10/site-packages/TurtleBot-0.0.0-py3.10.egg-info
[0.886s] running install_scripts
[0.909s] Installing motion_planner script to /home/rcpsl/Xue_Yanyaobo_ws/install/TurtleBot/lib/TurtleBot
[0.909s] Installing pid_controller script to /home/rcpsl/Xue_Yanyaobo_ws/install/TurtleBot/lib/TurtleBot
[0.910s] Installing rrt_node script to /home/rcpsl/Xue_Yanyaobo_ws/install/TurtleBot/lib/TurtleBot
[0.911s] writing list of installed files to '/home/rcpsl/Xue_Yanyaobo_ws/build/TurtleBot/install.log'
[0.948s] Invoked command in '/home/rcpsl/Xue_Yanyaobo_ws/src/TurtleBot' returned '0': PYTHONPATH=/home/rcpsl/Xue_Yanyaobo_ws/build/TurtleBot/prefix_override:/home/rcpsl/Xue_Yanyaobo_ws/install/TurtleBot/lib/python3.10/site-packages:${PYTHONPATH} /usr/bin/python3 -W ignore:setup.py install is deprecated setup.py egg_info --egg-base ../../build/TurtleBot build --build-base /home/rcpsl/Xue_Yanyaobo_ws/build/TurtleBot/build install --record /home/rcpsl/Xue_Yanyaobo_ws/build/TurtleBot/install.log --single-version-externally-managed install_data
