[0.548s] Invoking command in '/home/rcpsl/Xue_Yanyaobo_ws/src/TurtleBot': PYTHONPATH=/home/rcpsl/Xue_Yanyaobo_ws/build/TurtleBot/prefix_override:/home/rcpsl/Xue_Yanyaobo_ws/install/TurtleBot/lib/python3.10/site-packages:${PYTHONPATH} /usr/bin/python3 -W ignore:setup.py install is deprecated setup.py egg_info --egg-base ../../build/TurtleBot build --build-base /home/rcpsl/Xue_Yanyaobo_ws/build/TurtleBot/build install --record /home/rcpsl/Xue_Yanyaobo_ws/build/TurtleBot/install.log --single-version-externally-managed install_data
[0.767s] running egg_info
[0.767s] writing ../../build/TurtleBot/TurtleBot.egg-info/PKG-INFO
[0.768s] writing dependency_links to ../../build/TurtleBot/TurtleBot.egg-info/dependency_links.txt
[0.768s] writing entry points to ../../build/TurtleBot/TurtleBot.egg-info/entry_points.txt
[0.769s] writing requirements to ../../build/TurtleBot/TurtleBot.egg-info/requires.txt
[0.769s] writing top-level names to ../../build/TurtleBot/TurtleBot.egg-info/top_level.txt
[0.770s] reading manifest file '../../build/TurtleBot/TurtleBot.egg-info/SOURCES.txt'
[0.771s] writing manifest file '../../build/TurtleBot/TurtleBot.egg-info/SOURCES.txt'
[0.771s] running build
[0.771s] running build_py
[0.771s] running install
[0.771s] running install_lib
[0.772s] running install_data
[0.772s] running install_egg_info
[0.773s] removing '/home/rcpsl/Xue_Yanyaobo_ws/install/TurtleBot/lib/python3.10/site-packages/TurtleBot-0.0.0-py3.10.egg-info' (and everything under it)
[0.774s] Copying ../../build/TurtleBot/TurtleBot.egg-info to /home/rcpsl/Xue_Yanyaobo_ws/install/TurtleBot/lib/python3.10/site-packages/TurtleBot-0.0.0-py3.10.egg-info
[0.775s] running install_scripts
[0.788s] Installing motion_planner script to /home/rcpsl/Xue_Yanyaobo_ws/install/TurtleBot/lib/TurtleBot
[0.788s] Installing pid_controller script to /home/rcpsl/Xue_Yanyaobo_ws/install/TurtleBot/lib/TurtleBot
[0.788s] Installing rrt_node script to /home/rcpsl/Xue_Yanyaobo_ws/install/TurtleBot/lib/TurtleBot
[0.789s] writing list of installed files to '/home/rcpsl/Xue_Yanyaobo_ws/build/TurtleBot/install.log'
[0.812s] Invoked command in '/home/rcpsl/Xue_Yanyaobo_ws/src/TurtleBot' returned '0': PYTHONPATH=/home/rcpsl/Xue_Yanyaobo_ws/build/TurtleBot/prefix_override:/home/rcpsl/Xue_Yanyaobo_ws/install/TurtleBot/lib/python3.10/site-packages:${PYTHONPATH} /usr/bin/python3 -W ignore:setup.py install is deprecated setup.py egg_info --egg-base ../../build/TurtleBot build --build-base /home/rcpsl/Xue_Yanyaobo_ws/build/TurtleBot/build install --record /home/rcpsl/Xue_Yanyaobo_ws/build/TurtleBot/install.log --single-version-externally-managed install_data
