[0.794s] Invoking command in '/home/rcpsl/Xue_Yanyaobo_ws/src/TurtleBot': PYTHONPATH=/home/rcpsl/Xue_Yanyaobo_ws/build/TurtleBot/prefix_override:/home/rcpsl/Xue_Yanyaobo_ws/install/TurtleBot/lib/python3.10/site-packages:${PYTHONPATH} /usr/bin/python3 -W ignore:setup.py install is deprecated setup.py egg_info --egg-base ../../build/TurtleBot build --build-base /home/rcpsl/Xue_Yanyaobo_ws/build/TurtleBot/build install --record /home/rcpsl/Xue_Yanyaobo_ws/build/TurtleBot/install.log --single-version-externally-managed install_data
[1.205s] running egg_info
[1.205s] writing ../../build/TurtleBot/TurtleBot.egg-info/PKG-INFO
[1.206s] writing dependency_links to ../../build/TurtleBot/TurtleBot.egg-info/dependency_links.txt
[1.206s] writing entry points to ../../build/TurtleBot/TurtleBot.egg-info/entry_points.txt
[1.207s] writing requirements to ../../build/TurtleBot/TurtleBot.egg-info/requires.txt
[1.207s] writing top-level names to ../../build/TurtleBot/TurtleBot.egg-info/top_level.txt
[1.210s] reading manifest file '../../build/TurtleBot/TurtleBot.egg-info/SOURCES.txt'
[1.211s] writing manifest file '../../build/TurtleBot/TurtleBot.egg-info/SOURCES.txt'
[1.211s] running build
[1.211s] running build_py
[1.212s] running install
[1.213s] running install_lib
[1.216s] running install_data
[1.216s] running install_egg_info
[1.218s] removing '/home/rcpsl/Xue_Yanyaobo_ws/install/TurtleBot/lib/python3.10/site-packages/TurtleBot-0.0.0-py3.10.egg-info' (and everything under it)
[1.219s] Copying ../../build/TurtleBot/TurtleBot.egg-info to /home/rcpsl/Xue_Yanyaobo_ws/install/TurtleBot/lib/python3.10/site-packages/TurtleBot-0.0.0-py3.10.egg-info
[1.220s] running install_scripts
[1.264s] Installing motion_planner script to /home/rcpsl/Xue_Yanyaobo_ws/install/TurtleBot/lib/TurtleBot
[1.265s] Installing pid_controller script to /home/rcpsl/Xue_Yanyaobo_ws/install/TurtleBot/lib/TurtleBot
[1.265s] Installing rrt_node script to /home/rcpsl/Xue_Yanyaobo_ws/install/TurtleBot/lib/TurtleBot
[1.266s] writing list of installed files to '/home/rcpsl/Xue_Yanyaobo_ws/build/TurtleBot/install.log'
[1.314s] Invoked command in '/home/rcpsl/Xue_Yanyaobo_ws/src/TurtleBot' returned '0': PYTHONPATH=/home/rcpsl/Xue_Yanyaobo_ws/build/TurtleBot/prefix_override:/home/rcpsl/Xue_Yanyaobo_ws/install/TurtleBot/lib/python3.10/site-packages:${PYTHONPATH} /usr/bin/python3 -W ignore:setup.py install is deprecated setup.py egg_info --egg-base ../../build/TurtleBot build --build-base /home/rcpsl/Xue_Yanyaobo_ws/build/TurtleBot/build install --record /home/rcpsl/Xue_Yanyaobo_ws/build/TurtleBot/install.log --single-version-externally-managed install_data
