[0.819s] Invoking command in '/home/rcpsl/Xue_Yanyaobo_ws/src/TurtleBot': PYTHONPATH=/home/rcpsl/Xue_Yanyaobo_ws/build/TurtleBot/prefix_override:/home/rcpsl/Xue_Yanyaobo_ws/install/TurtleBot/lib/python3.10/site-packages:${PYTHONPATH} /usr/bin/python3 -W ignore:setup.py install is deprecated setup.py egg_info --egg-base ../../build/TurtleBot build --build-base /home/rcpsl/Xue_Yanyaobo_ws/build/TurtleBot/build install --record /home/rcpsl/Xue_Yanyaobo_ws/build/TurtleBot/install.log --single-version-externally-managed install_data
[1.249s] running egg_info
[1.250s] writing ../../build/TurtleBot/TurtleBot.egg-info/PKG-INFO
[1.257s] writing dependency_links to ../../build/TurtleBot/TurtleBot.egg-info/dependency_links.txt
[1.257s] writing entry points to ../../build/TurtleBot/TurtleBot.egg-info/entry_points.txt
[1.258s] writing requirements to ../../build/TurtleBot/TurtleBot.egg-info/requires.txt
[1.258s] writing top-level names to ../../build/TurtleBot/TurtleBot.egg-info/top_level.txt
[1.260s] reading manifest file '../../build/TurtleBot/TurtleBot.egg-info/SOURCES.txt'
[1.261s] writing manifest file '../../build/TurtleBot/TurtleBot.egg-info/SOURCES.txt'
[1.261s] running build
[1.261s] running build_py
[1.261s] running install
[1.262s] running install_lib
[1.263s] running install_data
[1.264s] running install_egg_info
[1.266s] removing '/home/rcpsl/Xue_Yanyaobo_ws/install/TurtleBot/lib/python3.10/site-packages/TurtleBot-0.0.0-py3.10.egg-info' (and everything under it)
[1.272s] Copying ../../build/TurtleBot/TurtleBot.egg-info to /home/rcpsl/Xue_Yanyaobo_ws/install/TurtleBot/lib/python3.10/site-packages/TurtleBot-0.0.0-py3.10.egg-info
[1.273s] running install_scripts
[1.322s] Installing motion_planner script to /home/rcpsl/Xue_Yanyaobo_ws/install/TurtleBot/lib/TurtleBot
[1.322s] Installing pid_controller script to /home/rcpsl/Xue_Yanyaobo_ws/install/TurtleBot/lib/TurtleBot
[1.323s] Installing rrt_node script to /home/rcpsl/Xue_Yanyaobo_ws/install/TurtleBot/lib/TurtleBot
[1.323s] writing list of installed files to '/home/rcpsl/Xue_Yanyaobo_ws/build/TurtleBot/install.log'
[1.408s] Invoked command in '/home/rcpsl/Xue_Yanyaobo_ws/src/TurtleBot' returned '0': PYTHONPATH=/home/rcpsl/Xue_Yanyaobo_ws/build/TurtleBot/prefix_override:/home/rcpsl/Xue_Yanyaobo_ws/install/TurtleBot/lib/python3.10/site-packages:${PYTHONPATH} /usr/bin/python3 -W ignore:setup.py install is deprecated setup.py egg_info --egg-base ../../build/TurtleBot build --build-base /home/rcpsl/Xue_Yanyaobo_ws/build/TurtleBot/build install --record /home/rcpsl/Xue_Yanyaobo_ws/build/TurtleBot/install.log --single-version-externally-managed install_data
