[0.099s] DEBUG:colcon:Command line arguments: ['/usr/bin/colcon', 'build']
[0.099s] DEBUG:colcon:Parsed command line arguments: Namespace(log_base=None, log_level=None, verb_name='build', build_base='build', install_base='install', merge_install=False, symlink_install=False, test_result_base=None, continue_on_error=False, executor='parallel', parallel_workers=2, event_handlers=None, ignore_user_meta=False, metas=['./colcon.meta'], base_paths=['.'], packages_ignore=None, packages_ignore_regex=None, paths=None, packages_up_to=None, packages_up_to_regex=None, packages_above=None, packages_above_and_dependencies=None, packages_above_depth=None, packages_select_by_dep=None, packages_skip_by_dep=None, packages_skip_up_to=None, packages_select_build_failed=False, packages_skip_build_finished=False, packages_select_test_failures=False, packages_skip_test_passed=False, packages_select=None, packages_skip=None, packages_select_regex=None, packages_skip_regex=None, packages_start=None, packages_end=None, allow_overriding=[], cmake_args=None, cmake_target=None, cmake_target_skip_unavailable=False, cmake_clean_cache=False, cmake_clean_first=False, cmake_force_configure=False, ament_cmake_args=None, catkin_cmake_args=None, catkin_skip_building_tests=False, verb_parser=<colcon_defaults.argument_parser.defaults.DefaultArgumentsDecorator object at 0x7afd90eb5180>, verb_extension=<colcon_core.verb.build.BuildVerb object at 0x7afd90eb4bb0>, main=<bound method BuildVerb.main of <colcon_core.verb.build.BuildVerb object at 0x7afd90eb4bb0>>)
[0.244s] Level 1:colcon.colcon_core.package_discovery:discover_packages(colcon_meta) check parameters
[0.244s] Level 1:colcon.colcon_core.package_discovery:discover_packages(recursive) check parameters
[0.244s] Level 1:colcon.colcon_core.package_discovery:discover_packages(ignore) check parameters
[0.244s] Level 1:colcon.colcon_core.package_discovery:discover_packages(path) check parameters
[0.244s] Level 1:colcon.colcon_core.package_discovery:discover_packages(colcon_meta) discover
[0.244s] Level 1:colcon.colcon_core.package_discovery:discover_packages(recursive) discover
[0.244s] INFO:colcon.colcon_core.package_discovery:Crawling recursively for packages in '/home/rcpsl/Xue_Yanyaobo_ws'
[0.244s] Level 1:colcon.colcon_core.package_identification:_identify(.) by extensions ['ignore', 'ignore_ament_install']
[0.244s] Level 1:colcon.colcon_core.package_identification:_identify(.) by extension 'ignore'
[0.245s] Level 1:colcon.colcon_core.package_identification:_identify(.) by extension 'ignore_ament_install'
[0.245s] Level 1:colcon.colcon_core.package_identification:_identify(.) by extensions ['colcon_pkg']
[0.245s] Level 1:colcon.colcon_core.package_identification:_identify(.) by extension 'colcon_pkg'
[0.245s] Level 1:colcon.colcon_core.package_identification:_identify(.) by extensions ['colcon_meta']
[0.245s] Level 1:colcon.colcon_core.package_identification:_identify(.) by extension 'colcon_meta'
[0.245s] Level 1:colcon.colcon_core.package_identification:_identify(.) by extensions ['ros']
[0.245s] Level 1:colcon.colcon_core.package_identification:_identify(.) by extension 'ros'
[0.256s] Level 1:colcon.colcon_core.package_identification:_identify(.) by extensions ['cmake', 'python']
[0.256s] Level 1:colcon.colcon_core.package_identification:_identify(.) by extension 'cmake'
[0.256s] Level 1:colcon.colcon_core.package_identification:_identify(.) by extension 'python'
[0.256s] Level 1:colcon.colcon_core.package_identification:_identify(.) by extensions ['python_setup_py']
[0.256s] Level 1:colcon.colcon_core.package_identification:_identify(.) by extension 'python_setup_py'
[0.256s] Level 1:colcon.colcon_core.package_identification:_identify(build) by extensions ['ignore', 'ignore_ament_install']
[0.257s] Level 1:colcon.colcon_core.package_identification:_identify(build) by extension 'ignore'
[0.257s] Level 1:colcon.colcon_core.package_identification:_identify(build) ignored
[0.257s] Level 1:colcon.colcon_core.package_identification:_identify(install) by extensions ['ignore', 'ignore_ament_install']
[0.257s] Level 1:colcon.colcon_core.package_identification:_identify(install) by extension 'ignore'
[0.257s] Level 1:colcon.colcon_core.package_identification:_identify(install) ignored
[0.257s] Level 1:colcon.colcon_core.package_identification:_identify(log) by extensions ['ignore', 'ignore_ament_install']
[0.257s] Level 1:colcon.colcon_core.package_identification:_identify(log) by extension 'ignore'
[0.257s] Level 1:colcon.colcon_core.package_identification:_identify(log) ignored
[0.257s] Level 1:colcon.colcon_core.package_identification:_identify(src) by extensions ['ignore', 'ignore_ament_install']
[0.257s] Level 1:colcon.colcon_core.package_identification:_identify(src) by extension 'ignore'
[0.258s] Level 1:colcon.colcon_core.package_identification:_identify(src) by extension 'ignore_ament_install'
[0.258s] Level 1:colcon.colcon_core.package_identification:_identify(src) by extensions ['colcon_pkg']
[0.258s] Level 1:colcon.colcon_core.package_identification:_identify(src) by extension 'colcon_pkg'
[0.258s] Level 1:colcon.colcon_core.package_identification:_identify(src) by extensions ['colcon_meta']
[0.258s] Level 1:colcon.colcon_core.package_identification:_identify(src) by extension 'colcon_meta'
[0.258s] Level 1:colcon.colcon_core.package_identification:_identify(src) by extensions ['ros']
[0.258s] Level 1:colcon.colcon_core.package_identification:_identify(src) by extension 'ros'
[0.258s] Level 1:colcon.colcon_core.package_identification:_identify(src) by extensions ['cmake', 'python']
[0.258s] Level 1:colcon.colcon_core.package_identification:_identify(src) by extension 'cmake'
[0.258s] Level 1:colcon.colcon_core.package_identification:_identify(src) by extension 'python'
[0.258s] Level 1:colcon.colcon_core.package_identification:_identify(src) by extensions ['python_setup_py']
[0.258s] Level 1:colcon.colcon_core.package_identification:_identify(src) by extension 'python_setup_py'
[0.258s] Level 1:colcon.colcon_core.package_identification:_identify(src/TurtleBot) by extensions ['ignore', 'ignore_ament_install']
[0.258s] Level 1:colcon.colcon_core.package_identification:_identify(src/TurtleBot) by extension 'ignore'
[0.258s] Level 1:colcon.colcon_core.package_identification:_identify(src/TurtleBot) by extension 'ignore_ament_install'
[0.258s] Level 1:colcon.colcon_core.package_identification:_identify(src/TurtleBot) by extensions ['colcon_pkg']
[0.258s] Level 1:colcon.colcon_core.package_identification:_identify(src/TurtleBot) by extension 'colcon_pkg'
[0.258s] Level 1:colcon.colcon_core.package_identification:_identify(src/TurtleBot) by extensions ['colcon_meta']
[0.258s] Level 1:colcon.colcon_core.package_identification:_identify(src/TurtleBot) by extension 'colcon_meta'
[0.258s] Level 1:colcon.colcon_core.package_identification:_identify(src/TurtleBot) by extensions ['ros']
[0.258s] Level 1:colcon.colcon_core.package_identification:_identify(src/TurtleBot) by extension 'ros'
[0.260s] DEBUG:colcon.colcon_core.package_identification:Package 'src/TurtleBot' with type 'ros.ament_python' and name 'TurtleBot'
[0.261s] Level 1:colcon.colcon_core.package_identification:_identify(src/maps) by extensions ['ignore', 'ignore_ament_install']
[0.261s] Level 1:colcon.colcon_core.package_identification:_identify(src/maps) by extension 'ignore'
[0.261s] Level 1:colcon.colcon_core.package_identification:_identify(src/maps) by extension 'ignore_ament_install'
[0.261s] Level 1:colcon.colcon_core.package_identification:_identify(src/maps) by extensions ['colcon_pkg']
[0.261s] Level 1:colcon.colcon_core.package_identification:_identify(src/maps) by extension 'colcon_pkg'
[0.261s] Level 1:colcon.colcon_core.package_identification:_identify(src/maps) by extensions ['colcon_meta']
[0.261s] Level 1:colcon.colcon_core.package_identification:_identify(src/maps) by extension 'colcon_meta'
[0.261s] Level 1:colcon.colcon_core.package_identification:_identify(src/maps) by extensions ['ros']
[0.261s] Level 1:colcon.colcon_core.package_identification:_identify(src/maps) by extension 'ros'
[0.261s] Level 1:colcon.colcon_core.package_identification:_identify(src/maps) by extensions ['cmake', 'python']
[0.261s] Level 1:colcon.colcon_core.package_identification:_identify(src/maps) by extension 'cmake'
[0.261s] Level 1:colcon.colcon_core.package_identification:_identify(src/maps) by extension 'python'
[0.261s] Level 1:colcon.colcon_core.package_identification:_identify(src/maps) by extensions ['python_setup_py']
[0.261s] Level 1:colcon.colcon_core.package_identification:_identify(src/maps) by extension 'python_setup_py'
[0.261s] Level 1:colcon.colcon_core.package_identification:_identify(src/turtlebot3_simulations) by extensions ['ignore', 'ignore_ament_install']
[0.261s] Level 1:colcon.colcon_core.package_identification:_identify(src/turtlebot3_simulations) by extension 'ignore'
[0.262s] Level 1:colcon.colcon_core.package_identification:_identify(src/turtlebot3_simulations) by extension 'ignore_ament_install'
[0.262s] Level 1:colcon.colcon_core.package_identification:_identify(src/turtlebot3_simulations) by extensions ['colcon_pkg']
[0.262s] Level 1:colcon.colcon_core.package_identification:_identify(src/turtlebot3_simulations) by extension 'colcon_pkg'
[0.262s] Level 1:colcon.colcon_core.package_identification:_identify(src/turtlebot3_simulations) by extensions ['colcon_meta']
[0.262s] Level 1:colcon.colcon_core.package_identification:_identify(src/turtlebot3_simulations) by extension 'colcon_meta'
[0.262s] Level 1:colcon.colcon_core.package_identification:_identify(src/turtlebot3_simulations) by extensions ['ros']
[0.262s] Level 1:colcon.colcon_core.package_identification:_identify(src/turtlebot3_simulations) by extension 'ros'
[0.262s] Level 1:colcon.colcon_core.package_identification:_identify(src/turtlebot3_simulations) by extensions ['cmake', 'python']
[0.262s] Level 1:colcon.colcon_core.package_identification:_identify(src/turtlebot3_simulations) by extension 'cmake'
[0.262s] Level 1:colcon.colcon_core.package_identification:_identify(src/turtlebot3_simulations) by extension 'python'
[0.262s] Level 1:colcon.colcon_core.package_identification:_identify(src/turtlebot3_simulations) by extensions ['python_setup_py']
[0.262s] Level 1:colcon.colcon_core.package_identification:_identify(src/turtlebot3_simulations) by extension 'python_setup_py'
[0.262s] Level 1:colcon.colcon_core.package_identification:_identify(src/turtlebot3_simulations/turtlebot3_fake_node) by extensions ['ignore', 'ignore_ament_install']
[0.262s] Level 1:colcon.colcon_core.package_identification:_identify(src/turtlebot3_simulations/turtlebot3_fake_node) by extension 'ignore'
[0.262s] Level 1:colcon.colcon_core.package_identification:_identify(src/turtlebot3_simulations/turtlebot3_fake_node) by extension 'ignore_ament_install'
[0.262s] Level 1:colcon.colcon_core.package_identification:_identify(src/turtlebot3_simulations/turtlebot3_fake_node) by extensions ['colcon_pkg']
[0.262s] Level 1:colcon.colcon_core.package_identification:_identify(src/turtlebot3_simulations/turtlebot3_fake_node) by extension 'colcon_pkg'
[0.262s] Level 1:colcon.colcon_core.package_identification:_identify(src/turtlebot3_simulations/turtlebot3_fake_node) by extensions ['colcon_meta']
[0.262s] Level 1:colcon.colcon_core.package_identification:_identify(src/turtlebot3_simulations/turtlebot3_fake_node) by extension 'colcon_meta'
[0.262s] Level 1:colcon.colcon_core.package_identification:_identify(src/turtlebot3_simulations/turtlebot3_fake_node) by extensions ['ros']
[0.262s] Level 1:colcon.colcon_core.package_identification:_identify(src/turtlebot3_simulations/turtlebot3_fake_node) by extension 'ros'
[0.263s] DEBUG:colcon.colcon_core.package_identification:Package 'src/turtlebot3_simulations/turtlebot3_fake_node' with type 'ros.ament_cmake' and name 'turtlebot3_fake_node'
[0.263s] Level 1:colcon.colcon_core.package_identification:_identify(src/turtlebot3_simulations/turtlebot3_gazebo) by extensions ['ignore', 'ignore_ament_install']
[0.263s] Level 1:colcon.colcon_core.package_identification:_identify(src/turtlebot3_simulations/turtlebot3_gazebo) by extension 'ignore'
[0.263s] Level 1:colcon.colcon_core.package_identification:_identify(src/turtlebot3_simulations/turtlebot3_gazebo) by extension 'ignore_ament_install'
[0.264s] Level 1:colcon.colcon_core.package_identification:_identify(src/turtlebot3_simulations/turtlebot3_gazebo) by extensions ['colcon_pkg']
[0.264s] Level 1:colcon.colcon_core.package_identification:_identify(src/turtlebot3_simulations/turtlebot3_gazebo) by extension 'colcon_pkg'
[0.264s] Level 1:colcon.colcon_core.package_identification:_identify(src/turtlebot3_simulations/turtlebot3_gazebo) by extensions ['colcon_meta']
[0.264s] Level 1:colcon.colcon_core.package_identification:_identify(src/turtlebot3_simulations/turtlebot3_gazebo) by extension 'colcon_meta'
[0.264s] Level 1:colcon.colcon_core.package_identification:_identify(src/turtlebot3_simulations/turtlebot3_gazebo) by extensions ['ros']
[0.264s] Level 1:colcon.colcon_core.package_identification:_identify(src/turtlebot3_simulations/turtlebot3_gazebo) by extension 'ros'
[0.264s] DEBUG:colcon.colcon_core.package_identification:Package 'src/turtlebot3_simulations/turtlebot3_gazebo' with type 'ros.ament_cmake' and name 'turtlebot3_gazebo'
[0.265s] Level 1:colcon.colcon_core.package_identification:_identify(src/turtlebot3_simulations/turtlebot3_simulations) by extensions ['ignore', 'ignore_ament_install']
[0.265s] Level 1:colcon.colcon_core.package_identification:_identify(src/turtlebot3_simulations/turtlebot3_simulations) by extension 'ignore'
[0.265s] Level 1:colcon.colcon_core.package_identification:_identify(src/turtlebot3_simulations/turtlebot3_simulations) by extension 'ignore_ament_install'
[0.265s] Level 1:colcon.colcon_core.package_identification:_identify(src/turtlebot3_simulations/turtlebot3_simulations) by extensions ['colcon_pkg']
[0.265s] Level 1:colcon.colcon_core.package_identification:_identify(src/turtlebot3_simulations/turtlebot3_simulations) by extension 'colcon_pkg'
[0.265s] Level 1:colcon.colcon_core.package_identification:_identify(src/turtlebot3_simulations/turtlebot3_simulations) by extensions ['colcon_meta']
[0.265s] Level 1:colcon.colcon_core.package_identification:_identify(src/turtlebot3_simulations/turtlebot3_simulations) by extension 'colcon_meta'
[0.265s] Level 1:colcon.colcon_core.package_identification:_identify(src/turtlebot3_simulations/turtlebot3_simulations) by extensions ['ros']
[0.265s] Level 1:colcon.colcon_core.package_identification:_identify(src/turtlebot3_simulations/turtlebot3_simulations) by extension 'ros'
[0.265s] DEBUG:colcon.colcon_core.package_identification:Package 'src/turtlebot3_simulations/turtlebot3_simulations' with type 'ros.ament_cmake' and name 'turtlebot3_simulations'
[0.265s] Level 1:colcon.colcon_core.package_identification:_identify(src/turtlebot_rrt) by extensions ['ignore', 'ignore_ament_install']
[0.266s] Level 1:colcon.colcon_core.package_identification:_identify(src/turtlebot_rrt) by extension 'ignore'
[0.266s] Level 1:colcon.colcon_core.package_identification:_identify(src/turtlebot_rrt) by extension 'ignore_ament_install'
[0.266s] Level 1:colcon.colcon_core.package_identification:_identify(src/turtlebot_rrt) by extensions ['colcon_pkg']
[0.266s] Level 1:colcon.colcon_core.package_identification:_identify(src/turtlebot_rrt) by extension 'colcon_pkg'
[0.266s] Level 1:colcon.colcon_core.package_identification:_identify(src/turtlebot_rrt) by extensions ['colcon_meta']
[0.266s] Level 1:colcon.colcon_core.package_identification:_identify(src/turtlebot_rrt) by extension 'colcon_meta'
[0.266s] Level 1:colcon.colcon_core.package_identification:_identify(src/turtlebot_rrt) by extensions ['ros']
[0.266s] Level 1:colcon.colcon_core.package_identification:_identify(src/turtlebot_rrt) by extension 'ros'
[0.266s] DEBUG:colcon.colcon_core.package_identification:Package 'src/turtlebot_rrt' with type 'ros.ament_python' and name 'turtlebot_rrt'
[0.266s] Level 1:colcon.colcon_core.package_discovery:discover_packages(recursive) using defaults
[0.266s] Level 1:colcon.colcon_core.package_discovery:discover_packages(ignore) discover
[0.266s] Level 1:colcon.colcon_core.package_discovery:discover_packages(ignore) using defaults
[0.266s] Level 1:colcon.colcon_core.package_discovery:discover_packages(path) discover
[0.266s] Level 1:colcon.colcon_core.package_discovery:discover_packages(path) using defaults
[0.307s] Level 1:colcon.colcon_core.package_discovery:discover_packages(prefix_path) check parameters
[0.307s] Level 1:colcon.colcon_core.package_discovery:discover_packages(prefix_path) discover
[0.308s] DEBUG:colcon.colcon_installed_package_information.package_discovery:Found 5 installed packages in /home/rcpsl/Xue_Yanyaobo_ws/install
[0.310s] DEBUG:colcon.colcon_installed_package_information.package_discovery:Found 370 installed packages in /opt/ros/humble
[0.311s] Level 1:colcon.colcon_core.package_discovery:discover_packages(prefix_path) using defaults
[0.352s] Level 5:colcon.colcon_core.verb:set package 'TurtleBot' build argument 'cmake_args' from command line to 'None'
[0.352s] Level 5:colcon.colcon_core.verb:set package 'TurtleBot' build argument 'cmake_target' from command line to 'None'
[0.352s] Level 5:colcon.colcon_core.verb:set package 'TurtleBot' build argument 'cmake_target_skip_unavailable' from command line to 'False'
[0.352s] Level 5:colcon.colcon_core.verb:set package 'TurtleBot' build argument 'cmake_clean_cache' from command line to 'False'
[0.352s] Level 5:colcon.colcon_core.verb:set package 'TurtleBot' build argument 'cmake_clean_first' from command line to 'False'
[0.352s] Level 5:colcon.colcon_core.verb:set package 'TurtleBot' build argument 'cmake_force_configure' from command line to 'False'
[0.352s] Level 5:colcon.colcon_core.verb:set package 'TurtleBot' build argument 'ament_cmake_args' from command line to 'None'
[0.352s] Level 5:colcon.colcon_core.verb:set package 'TurtleBot' build argument 'catkin_cmake_args' from command line to 'None'
[0.352s] Level 5:colcon.colcon_core.verb:set package 'TurtleBot' build argument 'catkin_skip_building_tests' from command line to 'False'
[0.352s] DEBUG:colcon.colcon_core.verb:Building package 'TurtleBot' with the following arguments: {'ament_cmake_args': None, 'build_base': '/home/rcpsl/Xue_Yanyaobo_ws/build/TurtleBot', 'catkin_cmake_args': None, 'catkin_skip_building_tests': False, 'cmake_args': None, 'cmake_clean_cache': False, 'cmake_clean_first': False, 'cmake_force_configure': False, 'cmake_target': None, 'cmake_target_skip_unavailable': False, 'install_base': '/home/rcpsl/Xue_Yanyaobo_ws/install/TurtleBot', 'merge_install': False, 'path': '/home/rcpsl/Xue_Yanyaobo_ws/src/TurtleBot', 'symlink_install': False, 'test_result_base': None}
[0.352s] Level 5:colcon.colcon_core.verb:set package 'turtlebot3_fake_node' build argument 'cmake_args' from command line to 'None'
[0.352s] Level 5:colcon.colcon_core.verb:set package 'turtlebot3_fake_node' build argument 'cmake_target' from command line to 'None'
[0.352s] Level 5:colcon.colcon_core.verb:set package 'turtlebot3_fake_node' build argument 'cmake_target_skip_unavailable' from command line to 'False'
[0.352s] Level 5:colcon.colcon_core.verb:set package 'turtlebot3_fake_node' build argument 'cmake_clean_cache' from command line to 'False'
[0.352s] Level 5:colcon.colcon_core.verb:set package 'turtlebot3_fake_node' build argument 'cmake_clean_first' from command line to 'False'
[0.352s] Level 5:colcon.colcon_core.verb:set package 'turtlebot3_fake_node' build argument 'cmake_force_configure' from command line to 'False'
[0.353s] Level 5:colcon.colcon_core.verb:set package 'turtlebot3_fake_node' build argument 'ament_cmake_args' from command line to 'None'
[0.353s] Level 5:colcon.colcon_core.verb:set package 'turtlebot3_fake_node' build argument 'catkin_cmake_args' from command line to 'None'
[0.353s] Level 5:colcon.colcon_core.verb:set package 'turtlebot3_fake_node' build argument 'catkin_skip_building_tests' from command line to 'False'
[0.353s] DEBUG:colcon.colcon_core.verb:Building package 'turtlebot3_fake_node' with the following arguments: {'ament_cmake_args': None, 'build_base': '/home/rcpsl/Xue_Yanyaobo_ws/build/turtlebot3_fake_node', 'catkin_cmake_args': None, 'catkin_skip_building_tests': False, 'cmake_args': None, 'cmake_clean_cache': False, 'cmake_clean_first': False, 'cmake_force_configure': False, 'cmake_target': None, 'cmake_target_skip_unavailable': False, 'install_base': '/home/rcpsl/Xue_Yanyaobo_ws/install/turtlebot3_fake_node', 'merge_install': False, 'path': '/home/rcpsl/Xue_Yanyaobo_ws/src/turtlebot3_simulations/turtlebot3_fake_node', 'symlink_install': False, 'test_result_base': None}
[0.353s] Level 5:colcon.colcon_core.verb:set package 'turtlebot3_gazebo' build argument 'cmake_args' from command line to 'None'
[0.353s] Level 5:colcon.colcon_core.verb:set package 'turtlebot3_gazebo' build argument 'cmake_target' from command line to 'None'
[0.353s] Level 5:colcon.colcon_core.verb:set package 'turtlebot3_gazebo' build argument 'cmake_target_skip_unavailable' from command line to 'False'
[0.353s] Level 5:colcon.colcon_core.verb:set package 'turtlebot3_gazebo' build argument 'cmake_clean_cache' from command line to 'False'
[0.353s] Level 5:colcon.colcon_core.verb:set package 'turtlebot3_gazebo' build argument 'cmake_clean_first' from command line to 'False'
[0.353s] Level 5:colcon.colcon_core.verb:set package 'turtlebot3_gazebo' build argument 'cmake_force_configure' from command line to 'False'
[0.353s] Level 5:colcon.colcon_core.verb:set package 'turtlebot3_gazebo' build argument 'ament_cmake_args' from command line to 'None'
[0.353s] Level 5:colcon.colcon_core.verb:set package 'turtlebot3_gazebo' build argument 'catkin_cmake_args' from command line to 'None'
[0.353s] Level 5:colcon.colcon_core.verb:set package 'turtlebot3_gazebo' build argument 'catkin_skip_building_tests' from command line to 'False'
[0.353s] DEBUG:colcon.colcon_core.verb:Building package 'turtlebot3_gazebo' with the following arguments: {'ament_cmake_args': None, 'build_base': '/home/rcpsl/Xue_Yanyaobo_ws/build/turtlebot3_gazebo', 'catkin_cmake_args': None, 'catkin_skip_building_tests': False, 'cmake_args': None, 'cmake_clean_cache': False, 'cmake_clean_first': False, 'cmake_force_configure': False, 'cmake_target': None, 'cmake_target_skip_unavailable': False, 'install_base': '/home/rcpsl/Xue_Yanyaobo_ws/install/turtlebot3_gazebo', 'merge_install': False, 'path': '/home/rcpsl/Xue_Yanyaobo_ws/src/turtlebot3_simulations/turtlebot3_gazebo', 'symlink_install': False, 'test_result_base': None}
[0.353s] Level 5:colcon.colcon_core.verb:set package 'turtlebot_rrt' build argument 'cmake_args' from command line to 'None'
[0.353s] Level 5:colcon.colcon_core.verb:set package 'turtlebot_rrt' build argument 'cmake_target' from command line to 'None'
[0.353s] Level 5:colcon.colcon_core.verb:set package 'turtlebot_rrt' build argument 'cmake_target_skip_unavailable' from command line to 'False'
[0.353s] Level 5:colcon.colcon_core.verb:set package 'turtlebot_rrt' build argument 'cmake_clean_cache' from command line to 'False'
[0.353s] Level 5:colcon.colcon_core.verb:set package 'turtlebot_rrt' build argument 'cmake_clean_first' from command line to 'False'
[0.353s] Level 5:colcon.colcon_core.verb:set package 'turtlebot_rrt' build argument 'cmake_force_configure' from command line to 'False'
[0.353s] Level 5:colcon.colcon_core.verb:set package 'turtlebot_rrt' build argument 'ament_cmake_args' from command line to 'None'
[0.353s] Level 5:colcon.colcon_core.verb:set package 'turtlebot_rrt' build argument 'catkin_cmake_args' from command line to 'None'
[0.353s] Level 5:colcon.colcon_core.verb:set package 'turtlebot_rrt' build argument 'catkin_skip_building_tests' from command line to 'False'
[0.353s] DEBUG:colcon.colcon_core.verb:Building package 'turtlebot_rrt' with the following arguments: {'ament_cmake_args': None, 'build_base': '/home/rcpsl/Xue_Yanyaobo_ws/build/turtlebot_rrt', 'catkin_cmake_args': None, 'catkin_skip_building_tests': False, 'cmake_args': None, 'cmake_clean_cache': False, 'cmake_clean_first': False, 'cmake_force_configure': False, 'cmake_target': None, 'cmake_target_skip_unavailable': False, 'install_base': '/home/rcpsl/Xue_Yanyaobo_ws/install/turtlebot_rrt', 'merge_install': False, 'path': '/home/rcpsl/Xue_Yanyaobo_ws/src/turtlebot_rrt', 'symlink_install': False, 'test_result_base': None}
[0.354s] Level 5:colcon.colcon_core.verb:set package 'turtlebot3_simulations' build argument 'cmake_args' from command line to 'None'
[0.354s] Level 5:colcon.colcon_core.verb:set package 'turtlebot3_simulations' build argument 'cmake_target' from command line to 'None'
[0.354s] Level 5:colcon.colcon_core.verb:set package 'turtlebot3_simulations' build argument 'cmake_target_skip_unavailable' from command line to 'False'
[0.354s] Level 5:colcon.colcon_core.verb:set package 'turtlebot3_simulations' build argument 'cmake_clean_cache' from command line to 'False'
[0.354s] Level 5:colcon.colcon_core.verb:set package 'turtlebot3_simulations' build argument 'cmake_clean_first' from command line to 'False'
[0.354s] Level 5:colcon.colcon_core.verb:set package 'turtlebot3_simulations' build argument 'cmake_force_configure' from command line to 'False'
[0.354s] Level 5:colcon.colcon_core.verb:set package 'turtlebot3_simulations' build argument 'ament_cmake_args' from command line to 'None'
[0.354s] Level 5:colcon.colcon_core.verb:set package 'turtlebot3_simulations' build argument 'catkin_cmake_args' from command line to 'None'
[0.354s] Level 5:colcon.colcon_core.verb:set package 'turtlebot3_simulations' build argument 'catkin_skip_building_tests' from command line to 'False'
[0.354s] DEBUG:colcon.colcon_core.verb:Building package 'turtlebot3_simulations' with the following arguments: {'ament_cmake_args': None, 'build_base': '/home/rcpsl/Xue_Yanyaobo_ws/build/turtlebot3_simulations', 'catkin_cmake_args': None, 'catkin_skip_building_tests': False, 'cmake_args': None, 'cmake_clean_cache': False, 'cmake_clean_first': False, 'cmake_force_configure': False, 'cmake_target': None, 'cmake_target_skip_unavailable': False, 'install_base': '/home/rcpsl/Xue_Yanyaobo_ws/install/turtlebot3_simulations', 'merge_install': False, 'path': '/home/rcpsl/Xue_Yanyaobo_ws/src/turtlebot3_simulations/turtlebot3_simulations', 'symlink_install': False, 'test_result_base': None}
[0.354s] INFO:colcon.colcon_core.executor:Executing jobs using 'parallel' executor
[0.354s] DEBUG:colcon.colcon_parallel_executor.executor.parallel:run_until_complete
[0.355s] INFO:colcon.colcon_ros.task.ament_cmake.build:Building ROS package in '/home/rcpsl/Xue_Yanyaobo_ws/src/turtlebot3_simulations/turtlebot3_fake_node' with build type 'ament_cmake'
[0.355s] INFO:colcon.colcon_cmake.task.cmake.build:Building CMake package in '/home/rcpsl/Xue_Yanyaobo_ws/src/turtlebot3_simulations/turtlebot3_fake_node'
[0.356s] INFO:colcon.colcon_core.plugin_system:Skipping extension 'colcon_core.shell.bat': Not used on non-Windows systems
[0.356s] INFO:colcon.colcon_core.shell:Skip shell extension 'powershell' for command environment: Not usable outside of PowerShell
[0.356s] DEBUG:colcon.colcon_core.shell:Skip shell extension 'dsv' for command environment
[0.365s] INFO:colcon.colcon_ros.task.ament_cmake.build:Building ROS package in '/home/rcpsl/Xue_Yanyaobo_ws/src/turtlebot3_simulations/turtlebot3_gazebo' with build type 'ament_cmake'
[0.365s] INFO:colcon.colcon_cmake.task.cmake.build:Building CMake package in '/home/rcpsl/Xue_Yanyaobo_ws/src/turtlebot3_simulations/turtlebot3_gazebo'
[0.365s] INFO:colcon.colcon_core.shell:Skip shell extension 'powershell' for command environment: Not usable outside of PowerShell
[0.365s] DEBUG:colcon.colcon_core.shell:Skip shell extension 'dsv' for command environment
[0.380s] DEBUG:colcon.colcon_core.event_handler.log_command:Invoking command in '/home/rcpsl/Xue_Yanyaobo_ws/build/turtlebot3_fake_node': CMAKE_PREFIX_PATH=${CMAKE_PREFIX_PATH}:/home/rcpsl/Xue_Yanyaobo_ws/install/turtlebot_rrt:/home/rcpsl/Xue_Yanyaobo_ws/install/TurtleBot:/opt/ros/humble /usr/bin/cmake --build /home/rcpsl/Xue_Yanyaobo_ws/build/turtlebot3_fake_node -- -j2 -l2
[0.408s] DEBUG:colcon.colcon_core.event_handler.log_command:Invoking command in '/home/rcpsl/Xue_Yanyaobo_ws/build/turtlebot3_gazebo': CMAKE_PREFIX_PATH=${CMAKE_PREFIX_PATH}:/home/rcpsl/Xue_Yanyaobo_ws/install/turtlebot_rrt:/home/rcpsl/Xue_Yanyaobo_ws/install/TurtleBot:/opt/ros/humble /usr/bin/cmake --build /home/rcpsl/Xue_Yanyaobo_ws/build/turtlebot3_gazebo -- -j2 -l2
[0.607s] DEBUG:colcon.colcon_core.event_handler.log_command:Invoked command in '/home/rcpsl/Xue_Yanyaobo_ws/build/turtlebot3_fake_node' returned '0': CMAKE_PREFIX_PATH=${CMAKE_PREFIX_PATH}:/home/rcpsl/Xue_Yanyaobo_ws/install/turtlebot_rrt:/home/rcpsl/Xue_Yanyaobo_ws/install/TurtleBot:/opt/ros/humble /usr/bin/cmake --build /home/rcpsl/Xue_Yanyaobo_ws/build/turtlebot3_fake_node -- -j2 -l2
[0.670s] DEBUG:colcon.colcon_core.event_handler.log_command:Invoking command in '/home/rcpsl/Xue_Yanyaobo_ws/build/turtlebot3_fake_node': CMAKE_PREFIX_PATH=${CMAKE_PREFIX_PATH}:/home/rcpsl/Xue_Yanyaobo_ws/install/turtlebot_rrt:/home/rcpsl/Xue_Yanyaobo_ws/install/TurtleBot:/opt/ros/humble /usr/bin/cmake --install /home/rcpsl/Xue_Yanyaobo_ws/build/turtlebot3_fake_node
[0.701s] Level 1:colcon.colcon_core.environment:create_environment_scripts_only(turtlebot3_fake_node)
[0.703s] Level 1:colcon.colcon_core.environment:checking '/home/rcpsl/Xue_Yanyaobo_ws/install/turtlebot3_fake_node' for CMake module files
[0.703s] Level 1:colcon.colcon_core.environment:checking '/home/rcpsl/Xue_Yanyaobo_ws/install/turtlebot3_fake_node' for CMake config files
[0.704s] Level 1:colcon.colcon_core.shell:create_environment_hook('turtlebot3_fake_node', 'cmake_prefix_path')
[0.704s] INFO:colcon.colcon_core.shell:Creating environment hook '/home/rcpsl/Xue_Yanyaobo_ws/install/turtlebot3_fake_node/share/turtlebot3_fake_node/hook/cmake_prefix_path.ps1'
[0.705s] INFO:colcon.colcon_core.shell:Creating environment descriptor '/home/rcpsl/Xue_Yanyaobo_ws/install/turtlebot3_fake_node/share/turtlebot3_fake_node/hook/cmake_prefix_path.dsv'
[0.705s] DEBUG:colcon.colcon_core.event_handler.log_command:Invoked command in '/home/rcpsl/Xue_Yanyaobo_ws/build/turtlebot3_fake_node' returned '0': CMAKE_PREFIX_PATH=${CMAKE_PREFIX_PATH}:/home/rcpsl/Xue_Yanyaobo_ws/install/turtlebot_rrt:/home/rcpsl/Xue_Yanyaobo_ws/install/TurtleBot:/opt/ros/humble /usr/bin/cmake --install /home/rcpsl/Xue_Yanyaobo_ws/build/turtlebot3_fake_node
[0.705s] INFO:colcon.colcon_core.shell:Creating environment hook '/home/rcpsl/Xue_Yanyaobo_ws/install/turtlebot3_fake_node/share/turtlebot3_fake_node/hook/cmake_prefix_path.sh'
[0.706s] Level 1:colcon.colcon_core.environment:checking '/home/rcpsl/Xue_Yanyaobo_ws/install/turtlebot3_fake_node/lib'
[0.707s] Level 1:colcon.colcon_core.environment:checking '/home/rcpsl/Xue_Yanyaobo_ws/install/turtlebot3_fake_node/bin'
[0.707s] Level 1:colcon.colcon_core.environment:checking '/home/rcpsl/Xue_Yanyaobo_ws/install/turtlebot3_fake_node/lib/pkgconfig/turtlebot3_fake_node.pc'
[0.707s] Level 1:colcon.colcon_core.environment:checking '/home/rcpsl/Xue_Yanyaobo_ws/install/turtlebot3_fake_node/lib/python3.10/site-packages'
[0.707s] Level 1:colcon.colcon_core.environment:checking '/home/rcpsl/Xue_Yanyaobo_ws/install/turtlebot3_fake_node/bin'
[0.707s] INFO:colcon.colcon_core.shell:Creating package script '/home/rcpsl/Xue_Yanyaobo_ws/install/turtlebot3_fake_node/share/turtlebot3_fake_node/package.ps1'
[0.708s] INFO:colcon.colcon_core.shell:Creating package descriptor '/home/rcpsl/Xue_Yanyaobo_ws/install/turtlebot3_fake_node/share/turtlebot3_fake_node/package.dsv'
[0.708s] INFO:colcon.colcon_core.shell:Creating package script '/home/rcpsl/Xue_Yanyaobo_ws/install/turtlebot3_fake_node/share/turtlebot3_fake_node/package.sh'
[0.711s] INFO:colcon.colcon_core.shell:Creating package script '/home/rcpsl/Xue_Yanyaobo_ws/install/turtlebot3_fake_node/share/turtlebot3_fake_node/package.bash'
[0.711s] INFO:colcon.colcon_core.shell:Creating package script '/home/rcpsl/Xue_Yanyaobo_ws/install/turtlebot3_fake_node/share/turtlebot3_fake_node/package.zsh'
[0.712s] Level 1:colcon.colcon_core.environment:create_file_with_runtime_dependencies(/home/rcpsl/Xue_Yanyaobo_ws/install/turtlebot3_fake_node/share/colcon-core/packages/turtlebot3_fake_node)
[0.785s] Level 1:colcon.colcon_core.environment:create_environment_scripts_only(turtlebot3_fake_node)
[0.785s] Level 1:colcon.colcon_core.environment:checking '/home/rcpsl/Xue_Yanyaobo_ws/install/turtlebot3_fake_node' for CMake module files
[0.786s] Level 1:colcon.colcon_core.environment:checking '/home/rcpsl/Xue_Yanyaobo_ws/install/turtlebot3_fake_node' for CMake config files
[0.786s] Level 1:colcon.colcon_core.shell:create_environment_hook('turtlebot3_fake_node', 'cmake_prefix_path')
[0.786s] INFO:colcon.colcon_core.shell:Creating environment hook '/home/rcpsl/Xue_Yanyaobo_ws/install/turtlebot3_fake_node/share/turtlebot3_fake_node/hook/cmake_prefix_path.ps1'
[0.788s] INFO:colcon.colcon_core.shell:Creating environment descriptor '/home/rcpsl/Xue_Yanyaobo_ws/install/turtlebot3_fake_node/share/turtlebot3_fake_node/hook/cmake_prefix_path.dsv'
[0.793s] INFO:colcon.colcon_core.shell:Creating environment hook '/home/rcpsl/Xue_Yanyaobo_ws/install/turtlebot3_fake_node/share/turtlebot3_fake_node/hook/cmake_prefix_path.sh'
[0.794s] Level 1:colcon.colcon_core.environment:checking '/home/rcpsl/Xue_Yanyaobo_ws/install/turtlebot3_fake_node/lib'
[0.794s] Level 1:colcon.colcon_core.environment:checking '/home/rcpsl/Xue_Yanyaobo_ws/install/turtlebot3_fake_node/bin'
[0.794s] Level 1:colcon.colcon_core.environment:checking '/home/rcpsl/Xue_Yanyaobo_ws/install/turtlebot3_fake_node/lib/pkgconfig/turtlebot3_fake_node.pc'
[0.794s] Level 1:colcon.colcon_core.environment:checking '/home/rcpsl/Xue_Yanyaobo_ws/install/turtlebot3_fake_node/lib/python3.10/site-packages'
[0.794s] Level 1:colcon.colcon_core.environment:checking '/home/rcpsl/Xue_Yanyaobo_ws/install/turtlebot3_fake_node/bin'
[0.795s] INFO:colcon.colcon_core.shell:Creating package script '/home/rcpsl/Xue_Yanyaobo_ws/install/turtlebot3_fake_node/share/turtlebot3_fake_node/package.ps1'
[0.796s] INFO:colcon.colcon_core.shell:Creating package descriptor '/home/rcpsl/Xue_Yanyaobo_ws/install/turtlebot3_fake_node/share/turtlebot3_fake_node/package.dsv'
[0.796s] INFO:colcon.colcon_core.shell:Creating package script '/home/rcpsl/Xue_Yanyaobo_ws/install/turtlebot3_fake_node/share/turtlebot3_fake_node/package.sh'
[0.796s] INFO:colcon.colcon_core.shell:Creating package script '/home/rcpsl/Xue_Yanyaobo_ws/install/turtlebot3_fake_node/share/turtlebot3_fake_node/package.bash'
[0.798s] INFO:colcon.colcon_core.shell:Creating package script '/home/rcpsl/Xue_Yanyaobo_ws/install/turtlebot3_fake_node/share/turtlebot3_fake_node/package.zsh'
[0.799s] Level 1:colcon.colcon_core.environment:create_file_with_runtime_dependencies(/home/rcpsl/Xue_Yanyaobo_ws/install/turtlebot3_fake_node/share/colcon-core/packages/turtlebot3_fake_node)
[0.801s] INFO:colcon.colcon_ros.task.ament_python.build:Building ROS package in '/home/rcpsl/Xue_Yanyaobo_ws/src/TurtleBot' with build type 'ament_python'
[0.801s] Level 1:colcon.colcon_core.shell:create_environment_hook('TurtleBot', 'ament_prefix_path')
[0.801s] INFO:colcon.colcon_core.shell:Creating environment hook '/home/rcpsl/Xue_Yanyaobo_ws/install/TurtleBot/share/TurtleBot/hook/ament_prefix_path.ps1'
[0.801s] INFO:colcon.colcon_core.shell:Creating environment descriptor '/home/rcpsl/Xue_Yanyaobo_ws/install/TurtleBot/share/TurtleBot/hook/ament_prefix_path.dsv'
[0.802s] INFO:colcon.colcon_core.shell:Creating environment hook '/home/rcpsl/Xue_Yanyaobo_ws/install/TurtleBot/share/TurtleBot/hook/ament_prefix_path.sh'
[0.802s] INFO:colcon.colcon_core.shell:Skip shell extension 'powershell' for command environment: Not usable outside of PowerShell
[0.802s] DEBUG:colcon.colcon_core.shell:Skip shell extension 'dsv' for command environment
[1.172s] INFO:colcon.colcon_core.task.python.build:Building Python package in '/home/rcpsl/Xue_Yanyaobo_ws/src/TurtleBot'
[1.173s] INFO:colcon.colcon_core.shell:Skip shell extension 'powershell' for command environment: Not usable outside of PowerShell
[1.173s] DEBUG:colcon.colcon_core.shell:Skip shell extension 'dsv' for command environment
[1.179s] DEBUG:colcon.colcon_core.event_handler.log_command:Invoked command in '/home/rcpsl/Xue_Yanyaobo_ws/build/turtlebot3_gazebo' returned '0': CMAKE_PREFIX_PATH=${CMAKE_PREFIX_PATH}:/home/rcpsl/Xue_Yanyaobo_ws/install/turtlebot_rrt:/home/rcpsl/Xue_Yanyaobo_ws/install/TurtleBot:/opt/ros/humble /usr/bin/cmake --build /home/rcpsl/Xue_Yanyaobo_ws/build/turtlebot3_gazebo -- -j2 -l2
[1.397s] DEBUG:colcon.colcon_core.event_handler.log_command:Invoking command in '/home/rcpsl/Xue_Yanyaobo_ws/build/turtlebot3_gazebo': CMAKE_PREFIX_PATH=${CMAKE_PREFIX_PATH}:/home/rcpsl/Xue_Yanyaobo_ws/install/turtlebot_rrt:/home/rcpsl/Xue_Yanyaobo_ws/install/TurtleBot:/opt/ros/humble /usr/bin/cmake --install /home/rcpsl/Xue_Yanyaobo_ws/build/turtlebot3_gazebo
[1.453s] Level 1:colcon.colcon_core.environment:create_environment_scripts_only(turtlebot3_gazebo)
[1.454s] Level 1:colcon.colcon_core.environment:checking '/home/rcpsl/Xue_Yanyaobo_ws/install/turtlebot3_gazebo' for CMake module files
[1.454s] Level 1:colcon.colcon_core.environment:checking '/home/rcpsl/Xue_Yanyaobo_ws/install/turtlebot3_gazebo' for CMake config files
[1.455s] Level 1:colcon.colcon_core.shell:create_environment_hook('turtlebot3_gazebo', 'cmake_prefix_path')
[1.455s] INFO:colcon.colcon_core.shell:Creating environment hook '/home/rcpsl/Xue_Yanyaobo_ws/install/turtlebot3_gazebo/share/turtlebot3_gazebo/hook/cmake_prefix_path.ps1'
[1.456s] INFO:colcon.colcon_core.shell:Creating environment descriptor '/home/rcpsl/Xue_Yanyaobo_ws/install/turtlebot3_gazebo/share/turtlebot3_gazebo/hook/cmake_prefix_path.dsv'
[1.456s] INFO:colcon.colcon_core.shell:Creating environment hook '/home/rcpsl/Xue_Yanyaobo_ws/install/turtlebot3_gazebo/share/turtlebot3_gazebo/hook/cmake_prefix_path.sh'
[1.457s] DEBUG:colcon.colcon_core.event_handler.log_command:Invoked command in '/home/rcpsl/Xue_Yanyaobo_ws/build/turtlebot3_gazebo' returned '0': CMAKE_PREFIX_PATH=${CMAKE_PREFIX_PATH}:/home/rcpsl/Xue_Yanyaobo_ws/install/turtlebot_rrt:/home/rcpsl/Xue_Yanyaobo_ws/install/TurtleBot:/opt/ros/humble /usr/bin/cmake --install /home/rcpsl/Xue_Yanyaobo_ws/build/turtlebot3_gazebo
[1.457s] Level 1:colcon.colcon_core.environment:checking '/home/rcpsl/Xue_Yanyaobo_ws/install/turtlebot3_gazebo/lib'
[1.457s] Level 1:colcon.colcon_core.environment:checking '/home/rcpsl/Xue_Yanyaobo_ws/install/turtlebot3_gazebo/bin'
[1.457s] Level 1:colcon.colcon_core.environment:checking '/home/rcpsl/Xue_Yanyaobo_ws/install/turtlebot3_gazebo/lib/pkgconfig/turtlebot3_gazebo.pc'
[1.458s] Level 1:colcon.colcon_core.environment:checking '/home/rcpsl/Xue_Yanyaobo_ws/install/turtlebot3_gazebo/lib/python3.10/site-packages'
[1.458s] Level 1:colcon.colcon_core.environment:checking '/home/rcpsl/Xue_Yanyaobo_ws/install/turtlebot3_gazebo/bin'
[1.458s] INFO:colcon.colcon_core.shell:Creating package script '/home/rcpsl/Xue_Yanyaobo_ws/install/turtlebot3_gazebo/share/turtlebot3_gazebo/package.ps1'
[1.458s] INFO:colcon.colcon_core.shell:Creating package descriptor '/home/rcpsl/Xue_Yanyaobo_ws/install/turtlebot3_gazebo/share/turtlebot3_gazebo/package.dsv'
[1.459s] INFO:colcon.colcon_core.shell:Creating package script '/home/rcpsl/Xue_Yanyaobo_ws/install/turtlebot3_gazebo/share/turtlebot3_gazebo/package.sh'
[1.459s] INFO:colcon.colcon_core.shell:Creating package script '/home/rcpsl/Xue_Yanyaobo_ws/install/turtlebot3_gazebo/share/turtlebot3_gazebo/package.bash'
[1.461s] INFO:colcon.colcon_core.shell:Creating package script '/home/rcpsl/Xue_Yanyaobo_ws/install/turtlebot3_gazebo/share/turtlebot3_gazebo/package.zsh'
[1.462s] Level 1:colcon.colcon_core.environment:create_file_with_runtime_dependencies(/home/rcpsl/Xue_Yanyaobo_ws/install/turtlebot3_gazebo/share/colcon-core/packages/turtlebot3_gazebo)
[1.620s] DEBUG:colcon.colcon_core.event_handler.log_command:Invoking command in '/home/rcpsl/Xue_Yanyaobo_ws/src/TurtleBot': PYTHONPATH=/home/rcpsl/Xue_Yanyaobo_ws/build/TurtleBot/prefix_override:/home/rcpsl/Xue_Yanyaobo_ws/install/TurtleBot/lib/python3.10/site-packages:${PYTHONPATH} /usr/bin/python3 -W ignore:setup.py install is deprecated setup.py egg_info --egg-base ../../build/TurtleBot build --build-base /home/rcpsl/Xue_Yanyaobo_ws/build/TurtleBot/build install --record /home/rcpsl/Xue_Yanyaobo_ws/build/TurtleBot/install.log --single-version-externally-managed install_data
[1.673s] Level 1:colcon.colcon_core.environment:create_environment_scripts_only(turtlebot3_gazebo)
[1.673s] Level 1:colcon.colcon_core.environment:checking '/home/rcpsl/Xue_Yanyaobo_ws/install/turtlebot3_gazebo' for CMake module files
[1.674s] Level 1:colcon.colcon_core.environment:checking '/home/rcpsl/Xue_Yanyaobo_ws/install/turtlebot3_gazebo' for CMake config files
[1.674s] Level 1:colcon.colcon_core.shell:create_environment_hook('turtlebot3_gazebo', 'cmake_prefix_path')
[1.675s] INFO:colcon.colcon_core.shell:Creating environment hook '/home/rcpsl/Xue_Yanyaobo_ws/install/turtlebot3_gazebo/share/turtlebot3_gazebo/hook/cmake_prefix_path.ps1'
[1.675s] INFO:colcon.colcon_core.shell:Creating environment descriptor '/home/rcpsl/Xue_Yanyaobo_ws/install/turtlebot3_gazebo/share/turtlebot3_gazebo/hook/cmake_prefix_path.dsv'
[1.675s] INFO:colcon.colcon_core.shell:Creating environment hook '/home/rcpsl/Xue_Yanyaobo_ws/install/turtlebot3_gazebo/share/turtlebot3_gazebo/hook/cmake_prefix_path.sh'
[1.676s] Level 1:colcon.colcon_core.environment:checking '/home/rcpsl/Xue_Yanyaobo_ws/install/turtlebot3_gazebo/lib'
[1.676s] Level 1:colcon.colcon_core.environment:checking '/home/rcpsl/Xue_Yanyaobo_ws/install/turtlebot3_gazebo/bin'
[1.676s] Level 1:colcon.colcon_core.environment:checking '/home/rcpsl/Xue_Yanyaobo_ws/install/turtlebot3_gazebo/lib/pkgconfig/turtlebot3_gazebo.pc'
[1.676s] Level 1:colcon.colcon_core.environment:checking '/home/rcpsl/Xue_Yanyaobo_ws/install/turtlebot3_gazebo/lib/python3.10/site-packages'
[1.677s] Level 1:colcon.colcon_core.environment:checking '/home/rcpsl/Xue_Yanyaobo_ws/install/turtlebot3_gazebo/bin'
[1.677s] INFO:colcon.colcon_core.shell:Creating package script '/home/rcpsl/Xue_Yanyaobo_ws/install/turtlebot3_gazebo/share/turtlebot3_gazebo/package.ps1'
[1.677s] INFO:colcon.colcon_core.shell:Creating package descriptor '/home/rcpsl/Xue_Yanyaobo_ws/install/turtlebot3_gazebo/share/turtlebot3_gazebo/package.dsv'
[1.678s] INFO:colcon.colcon_core.shell:Creating package script '/home/rcpsl/Xue_Yanyaobo_ws/install/turtlebot3_gazebo/share/turtlebot3_gazebo/package.sh'
[1.678s] INFO:colcon.colcon_core.shell:Creating package script '/home/rcpsl/Xue_Yanyaobo_ws/install/turtlebot3_gazebo/share/turtlebot3_gazebo/package.bash'
[1.679s] INFO:colcon.colcon_core.shell:Creating package script '/home/rcpsl/Xue_Yanyaobo_ws/install/turtlebot3_gazebo/share/turtlebot3_gazebo/package.zsh'
[1.679s] Level 1:colcon.colcon_core.environment:create_file_with_runtime_dependencies(/home/rcpsl/Xue_Yanyaobo_ws/install/turtlebot3_gazebo/share/colcon-core/packages/turtlebot3_gazebo)
[1.685s] INFO:colcon.colcon_ros.task.ament_python.build:Building ROS package in '/home/rcpsl/Xue_Yanyaobo_ws/src/turtlebot_rrt' with build type 'ament_python'
[1.686s] Level 1:colcon.colcon_core.shell:create_environment_hook('turtlebot_rrt', 'ament_prefix_path')
[1.686s] INFO:colcon.colcon_core.shell:Creating environment hook '/home/rcpsl/Xue_Yanyaobo_ws/install/turtlebot_rrt/share/turtlebot_rrt/hook/ament_prefix_path.ps1'
[1.686s] INFO:colcon.colcon_core.shell:Creating environment descriptor '/home/rcpsl/Xue_Yanyaobo_ws/install/turtlebot_rrt/share/turtlebot_rrt/hook/ament_prefix_path.dsv'
[1.687s] INFO:colcon.colcon_core.shell:Creating environment hook '/home/rcpsl/Xue_Yanyaobo_ws/install/turtlebot_rrt/share/turtlebot_rrt/hook/ament_prefix_path.sh'
[1.687s] INFO:colcon.colcon_core.shell:Skip shell extension 'powershell' for command environment: Not usable outside of PowerShell
[1.687s] DEBUG:colcon.colcon_core.shell:Skip shell extension 'dsv' for command environment
[2.188s] INFO:colcon.colcon_core.task.python.build:Building Python package in '/home/rcpsl/Xue_Yanyaobo_ws/src/turtlebot_rrt'
[2.188s] INFO:colcon.colcon_core.shell:Skip shell extension 'powershell' for command environment: Not usable outside of PowerShell
[2.188s] DEBUG:colcon.colcon_core.shell:Skip shell extension 'dsv' for command environment
[2.206s] Level 1:colcon.colcon_core.environment:checking '/home/rcpsl/Xue_Yanyaobo_ws/install/TurtleBot' for CMake module files
[2.207s] Level 1:colcon.colcon_core.environment:checking '/home/rcpsl/Xue_Yanyaobo_ws/install/TurtleBot' for CMake config files
[2.209s] DEBUG:colcon.colcon_core.event_handler.log_command:Invoked command in '/home/rcpsl/Xue_Yanyaobo_ws/src/TurtleBot' returned '0': PYTHONPATH=/home/rcpsl/Xue_Yanyaobo_ws/build/TurtleBot/prefix_override:/home/rcpsl/Xue_Yanyaobo_ws/install/TurtleBot/lib/python3.10/site-packages:${PYTHONPATH} /usr/bin/python3 -W ignore:setup.py install is deprecated setup.py egg_info --egg-base ../../build/TurtleBot build --build-base /home/rcpsl/Xue_Yanyaobo_ws/build/TurtleBot/build install --record /home/rcpsl/Xue_Yanyaobo_ws/build/TurtleBot/install.log --single-version-externally-managed install_data
[2.210s] Level 1:colcon.colcon_core.environment:checking '/home/rcpsl/Xue_Yanyaobo_ws/install/TurtleBot/lib'
[2.210s] Level 1:colcon.colcon_core.environment:checking '/home/rcpsl/Xue_Yanyaobo_ws/install/TurtleBot/bin'
[2.210s] Level 1:colcon.colcon_core.environment:checking '/home/rcpsl/Xue_Yanyaobo_ws/install/TurtleBot/lib/pkgconfig/TurtleBot.pc'
[2.210s] Level 1:colcon.colcon_core.environment:checking '/home/rcpsl/Xue_Yanyaobo_ws/install/TurtleBot/lib/python3.10/site-packages'
[2.210s] Level 1:colcon.colcon_core.shell:create_environment_hook('TurtleBot', 'pythonpath')
[2.210s] INFO:colcon.colcon_core.shell:Creating environment hook '/home/rcpsl/Xue_Yanyaobo_ws/install/TurtleBot/share/TurtleBot/hook/pythonpath.ps1'
[2.211s] INFO:colcon.colcon_core.shell:Creating environment descriptor '/home/rcpsl/Xue_Yanyaobo_ws/install/TurtleBot/share/TurtleBot/hook/pythonpath.dsv'
[2.211s] INFO:colcon.colcon_core.shell:Creating environment hook '/home/rcpsl/Xue_Yanyaobo_ws/install/TurtleBot/share/TurtleBot/hook/pythonpath.sh'
[2.212s] Level 1:colcon.colcon_core.environment:checking '/home/rcpsl/Xue_Yanyaobo_ws/install/TurtleBot/bin'
[2.212s] Level 1:colcon.colcon_core.environment:create_environment_scripts_only(TurtleBot)
[2.212s] INFO:colcon.colcon_core.shell:Creating package script '/home/rcpsl/Xue_Yanyaobo_ws/install/TurtleBot/share/TurtleBot/package.ps1'
[2.213s] INFO:colcon.colcon_core.shell:Creating package descriptor '/home/rcpsl/Xue_Yanyaobo_ws/install/TurtleBot/share/TurtleBot/package.dsv'
[2.217s] INFO:colcon.colcon_core.shell:Creating package script '/home/rcpsl/Xue_Yanyaobo_ws/install/TurtleBot/share/TurtleBot/package.sh'
[2.218s] INFO:colcon.colcon_core.shell:Creating package script '/home/rcpsl/Xue_Yanyaobo_ws/install/TurtleBot/share/TurtleBot/package.bash'
[2.218s] INFO:colcon.colcon_core.shell:Creating package script '/home/rcpsl/Xue_Yanyaobo_ws/install/TurtleBot/share/TurtleBot/package.zsh'
[2.219s] Level 1:colcon.colcon_core.environment:create_file_with_runtime_dependencies(/home/rcpsl/Xue_Yanyaobo_ws/install/TurtleBot/share/colcon-core/packages/TurtleBot)
[2.220s] INFO:colcon.colcon_ros.task.ament_cmake.build:Building ROS package in '/home/rcpsl/Xue_Yanyaobo_ws/src/turtlebot3_simulations/turtlebot3_simulations' with build type 'ament_cmake'
[2.220s] INFO:colcon.colcon_cmake.task.cmake.build:Building CMake package in '/home/rcpsl/Xue_Yanyaobo_ws/src/turtlebot3_simulations/turtlebot3_simulations'
[2.220s] INFO:colcon.colcon_core.shell:Skip shell extension 'powershell' for command environment: Not usable outside of PowerShell
[2.220s] DEBUG:colcon.colcon_core.shell:Skip shell extension 'dsv' for command environment
[2.267s] DEBUG:colcon.colcon_core.event_handler.log_command:Invoking command in '/home/rcpsl/Xue_Yanyaobo_ws/build/turtlebot3_simulations': CMAKE_PREFIX_PATH=/home/rcpsl/Xue_Yanyaobo_ws/install/turtlebot3_gazebo:/home/rcpsl/Xue_Yanyaobo_ws/install/turtlebot3_fake_node:/home/rcpsl/Xue_Yanyaobo_ws/install/turtlebot3_simulations:/home/rcpsl/Xue_Yanyaobo_ws/install/turtlebot_rrt:/home/rcpsl/Xue_Yanyaobo_ws/install/TurtleBot:/opt/ros/humble /usr/bin/cmake --build /home/rcpsl/Xue_Yanyaobo_ws/build/turtlebot3_simulations -- -j2 -l2
[2.395s] DEBUG:colcon.colcon_core.event_handler.log_command:Invoked command in '/home/rcpsl/Xue_Yanyaobo_ws/build/turtlebot3_simulations' returned '0': CMAKE_PREFIX_PATH=/home/rcpsl/Xue_Yanyaobo_ws/install/turtlebot3_gazebo:/home/rcpsl/Xue_Yanyaobo_ws/install/turtlebot3_fake_node:/home/rcpsl/Xue_Yanyaobo_ws/install/turtlebot3_simulations:/home/rcpsl/Xue_Yanyaobo_ws/install/turtlebot_rrt:/home/rcpsl/Xue_Yanyaobo_ws/install/TurtleBot:/opt/ros/humble /usr/bin/cmake --build /home/rcpsl/Xue_Yanyaobo_ws/build/turtlebot3_simulations -- -j2 -l2
[2.518s] DEBUG:colcon.colcon_core.event_handler.log_command:Invoking command in '/home/rcpsl/Xue_Yanyaobo_ws/build/turtlebot3_simulations': CMAKE_PREFIX_PATH=/home/rcpsl/Xue_Yanyaobo_ws/install/turtlebot3_gazebo:/home/rcpsl/Xue_Yanyaobo_ws/install/turtlebot3_fake_node:/home/rcpsl/Xue_Yanyaobo_ws/install/turtlebot3_simulations:/home/rcpsl/Xue_Yanyaobo_ws/install/turtlebot_rrt:/home/rcpsl/Xue_Yanyaobo_ws/install/TurtleBot:/opt/ros/humble /usr/bin/cmake --install /home/rcpsl/Xue_Yanyaobo_ws/build/turtlebot3_simulations
[2.553s] Level 1:colcon.colcon_core.environment:create_environment_scripts_only(turtlebot3_simulations)
[2.554s] Level 1:colcon.colcon_core.environment:checking '/home/rcpsl/Xue_Yanyaobo_ws/install/turtlebot3_simulations' for CMake module files
[2.554s] Level 1:colcon.colcon_core.environment:checking '/home/rcpsl/Xue_Yanyaobo_ws/install/turtlebot3_simulations' for CMake config files
[2.554s] Level 1:colcon.colcon_core.shell:create_environment_hook('turtlebot3_simulations', 'cmake_prefix_path')
[2.554s] INFO:colcon.colcon_core.shell:Creating environment hook '/home/rcpsl/Xue_Yanyaobo_ws/install/turtlebot3_simulations/share/turtlebot3_simulations/hook/cmake_prefix_path.ps1'
[2.555s] INFO:colcon.colcon_core.shell:Creating environment descriptor '/home/rcpsl/Xue_Yanyaobo_ws/install/turtlebot3_simulations/share/turtlebot3_simulations/hook/cmake_prefix_path.dsv'
[2.555s] INFO:colcon.colcon_core.shell:Creating environment hook '/home/rcpsl/Xue_Yanyaobo_ws/install/turtlebot3_simulations/share/turtlebot3_simulations/hook/cmake_prefix_path.sh'
[2.556s] Level 1:colcon.colcon_core.environment:checking '/home/rcpsl/Xue_Yanyaobo_ws/install/turtlebot3_simulations/bin'
[2.556s] Level 1:colcon.colcon_core.environment:checking '/home/rcpsl/Xue_Yanyaobo_ws/install/turtlebot3_simulations/lib/pkgconfig/turtlebot3_simulations.pc'
[2.556s] Level 1:colcon.colcon_core.environment:checking '/home/rcpsl/Xue_Yanyaobo_ws/install/turtlebot3_simulations/lib/python3.10/site-packages'
[2.556s] Level 1:colcon.colcon_core.environment:checking '/home/rcpsl/Xue_Yanyaobo_ws/install/turtlebot3_simulations/bin'
[2.556s] INFO:colcon.colcon_core.shell:Creating package script '/home/rcpsl/Xue_Yanyaobo_ws/install/turtlebot3_simulations/share/turtlebot3_simulations/package.ps1'
[2.557s] INFO:colcon.colcon_core.shell:Creating package descriptor '/home/rcpsl/Xue_Yanyaobo_ws/install/turtlebot3_simulations/share/turtlebot3_simulations/package.dsv'
[2.557s] INFO:colcon.colcon_core.shell:Creating package script '/home/rcpsl/Xue_Yanyaobo_ws/install/turtlebot3_simulations/share/turtlebot3_simulations/package.sh'
[2.557s] INFO:colcon.colcon_core.shell:Creating package script '/home/rcpsl/Xue_Yanyaobo_ws/install/turtlebot3_simulations/share/turtlebot3_simulations/package.bash'
[2.558s] INFO:colcon.colcon_core.shell:Creating package script '/home/rcpsl/Xue_Yanyaobo_ws/install/turtlebot3_simulations/share/turtlebot3_simulations/package.zsh'
[2.558s] Level 1:colcon.colcon_core.environment:create_file_with_runtime_dependencies(/home/rcpsl/Xue_Yanyaobo_ws/install/turtlebot3_simulations/share/colcon-core/packages/turtlebot3_simulations)
[2.565s] DEBUG:colcon.colcon_core.event_handler.log_command:Invoked command in '/home/rcpsl/Xue_Yanyaobo_ws/build/turtlebot3_simulations' returned '0': CMAKE_PREFIX_PATH=/home/rcpsl/Xue_Yanyaobo_ws/install/turtlebot3_gazebo:/home/rcpsl/Xue_Yanyaobo_ws/install/turtlebot3_fake_node:/home/rcpsl/Xue_Yanyaobo_ws/install/turtlebot3_simulations:/home/rcpsl/Xue_Yanyaobo_ws/install/turtlebot_rrt:/home/rcpsl/Xue_Yanyaobo_ws/install/TurtleBot:/opt/ros/humble /usr/bin/cmake --install /home/rcpsl/Xue_Yanyaobo_ws/build/turtlebot3_simulations
[2.675s] Level 1:colcon.colcon_core.environment:create_environment_scripts_only(turtlebot3_simulations)
[2.675s] Level 1:colcon.colcon_core.environment:checking '/home/rcpsl/Xue_Yanyaobo_ws/install/turtlebot3_simulations' for CMake module files
[2.676s] Level 1:colcon.colcon_core.environment:checking '/home/rcpsl/Xue_Yanyaobo_ws/install/turtlebot3_simulations' for CMake config files
[2.676s] Level 1:colcon.colcon_core.shell:create_environment_hook('turtlebot3_simulations', 'cmake_prefix_path')
[2.676s] INFO:colcon.colcon_core.shell:Creating environment hook '/home/rcpsl/Xue_Yanyaobo_ws/install/turtlebot3_simulations/share/turtlebot3_simulations/hook/cmake_prefix_path.ps1'
[2.678s] INFO:colcon.colcon_core.shell:Creating environment descriptor '/home/rcpsl/Xue_Yanyaobo_ws/install/turtlebot3_simulations/share/turtlebot3_simulations/hook/cmake_prefix_path.dsv'
[2.678s] INFO:colcon.colcon_core.shell:Creating environment hook '/home/rcpsl/Xue_Yanyaobo_ws/install/turtlebot3_simulations/share/turtlebot3_simulations/hook/cmake_prefix_path.sh'
[2.679s] Level 1:colcon.colcon_core.environment:checking '/home/rcpsl/Xue_Yanyaobo_ws/install/turtlebot3_simulations/bin'
[2.679s] Level 1:colcon.colcon_core.environment:checking '/home/rcpsl/Xue_Yanyaobo_ws/install/turtlebot3_simulations/lib/pkgconfig/turtlebot3_simulations.pc'
[2.679s] Level 1:colcon.colcon_core.environment:checking '/home/rcpsl/Xue_Yanyaobo_ws/install/turtlebot3_simulations/lib/python3.10/site-packages'
[2.679s] Level 1:colcon.colcon_core.environment:checking '/home/rcpsl/Xue_Yanyaobo_ws/install/turtlebot3_simulations/bin'
[2.679s] INFO:colcon.colcon_core.shell:Creating package script '/home/rcpsl/Xue_Yanyaobo_ws/install/turtlebot3_simulations/share/turtlebot3_simulations/package.ps1'
[2.680s] INFO:colcon.colcon_core.shell:Creating package descriptor '/home/rcpsl/Xue_Yanyaobo_ws/install/turtlebot3_simulations/share/turtlebot3_simulations/package.dsv'
[2.680s] INFO:colcon.colcon_core.shell:Creating package script '/home/rcpsl/Xue_Yanyaobo_ws/install/turtlebot3_simulations/share/turtlebot3_simulations/package.sh'
[2.681s] INFO:colcon.colcon_core.shell:Creating package script '/home/rcpsl/Xue_Yanyaobo_ws/install/turtlebot3_simulations/share/turtlebot3_simulations/package.bash'
[2.682s] INFO:colcon.colcon_core.shell:Creating package script '/home/rcpsl/Xue_Yanyaobo_ws/install/turtlebot3_simulations/share/turtlebot3_simulations/package.zsh'
[2.683s] Level 1:colcon.colcon_core.environment:create_file_with_runtime_dependencies(/home/rcpsl/Xue_Yanyaobo_ws/install/turtlebot3_simulations/share/colcon-core/packages/turtlebot3_simulations)
[2.744s] DEBUG:colcon.colcon_core.event_handler.log_command:Invoking command in '/home/rcpsl/Xue_Yanyaobo_ws/src/turtlebot_rrt': PYTHONPATH=/home/rcpsl/Xue_Yanyaobo_ws/build/turtlebot_rrt/prefix_override:/home/rcpsl/Xue_Yanyaobo_ws/install/turtlebot_rrt/lib/python3.10/site-packages:${PYTHONPATH} /usr/bin/python3 -W ignore:setup.py install is deprecated setup.py egg_info --egg-base ../../build/turtlebot_rrt build --build-base /home/rcpsl/Xue_Yanyaobo_ws/build/turtlebot_rrt/build install --record /home/rcpsl/Xue_Yanyaobo_ws/build/turtlebot_rrt/install.log --single-version-externally-managed install_data
[3.077s] Level 1:colcon.colcon_core.environment:checking '/home/rcpsl/Xue_Yanyaobo_ws/install/turtlebot_rrt' for CMake module files
[3.078s] Level 1:colcon.colcon_core.environment:checking '/home/rcpsl/Xue_Yanyaobo_ws/install/turtlebot_rrt' for CMake config files
[3.079s] Level 1:colcon.colcon_core.environment:checking '/home/rcpsl/Xue_Yanyaobo_ws/install/turtlebot_rrt/lib'
[3.079s] DEBUG:colcon.colcon_core.event_handler.log_command:Invoked command in '/home/rcpsl/Xue_Yanyaobo_ws/src/turtlebot_rrt' returned '0': PYTHONPATH=/home/rcpsl/Xue_Yanyaobo_ws/build/turtlebot_rrt/prefix_override:/home/rcpsl/Xue_Yanyaobo_ws/install/turtlebot_rrt/lib/python3.10/site-packages:${PYTHONPATH} /usr/bin/python3 -W ignore:setup.py install is deprecated setup.py egg_info --egg-base ../../build/turtlebot_rrt build --build-base /home/rcpsl/Xue_Yanyaobo_ws/build/turtlebot_rrt/build install --record /home/rcpsl/Xue_Yanyaobo_ws/build/turtlebot_rrt/install.log --single-version-externally-managed install_data
[3.079s] Level 1:colcon.colcon_core.environment:checking '/home/rcpsl/Xue_Yanyaobo_ws/install/turtlebot_rrt/bin'
[3.079s] Level 1:colcon.colcon_core.environment:checking '/home/rcpsl/Xue_Yanyaobo_ws/install/turtlebot_rrt/lib/pkgconfig/turtlebot_rrt.pc'
[3.080s] Level 1:colcon.colcon_core.environment:checking '/home/rcpsl/Xue_Yanyaobo_ws/install/turtlebot_rrt/lib/python3.10/site-packages'
[3.080s] Level 1:colcon.colcon_core.shell:create_environment_hook('turtlebot_rrt', 'pythonpath')
[3.080s] INFO:colcon.colcon_core.shell:Creating environment hook '/home/rcpsl/Xue_Yanyaobo_ws/install/turtlebot_rrt/share/turtlebot_rrt/hook/pythonpath.ps1'
[3.081s] INFO:colcon.colcon_core.shell:Creating environment descriptor '/home/rcpsl/Xue_Yanyaobo_ws/install/turtlebot_rrt/share/turtlebot_rrt/hook/pythonpath.dsv'
[3.081s] INFO:colcon.colcon_core.shell:Creating environment hook '/home/rcpsl/Xue_Yanyaobo_ws/install/turtlebot_rrt/share/turtlebot_rrt/hook/pythonpath.sh'
[3.082s] Level 1:colcon.colcon_core.environment:checking '/home/rcpsl/Xue_Yanyaobo_ws/install/turtlebot_rrt/bin'
[3.082s] Level 1:colcon.colcon_core.environment:create_environment_scripts_only(turtlebot_rrt)
[3.082s] INFO:colcon.colcon_core.shell:Creating package script '/home/rcpsl/Xue_Yanyaobo_ws/install/turtlebot_rrt/share/turtlebot_rrt/package.ps1'
[3.083s] INFO:colcon.colcon_core.shell:Creating package descriptor '/home/rcpsl/Xue_Yanyaobo_ws/install/turtlebot_rrt/share/turtlebot_rrt/package.dsv'
[3.083s] INFO:colcon.colcon_core.shell:Creating package script '/home/rcpsl/Xue_Yanyaobo_ws/install/turtlebot_rrt/share/turtlebot_rrt/package.sh'
[3.083s] INFO:colcon.colcon_core.shell:Creating package script '/home/rcpsl/Xue_Yanyaobo_ws/install/turtlebot_rrt/share/turtlebot_rrt/package.bash'
[3.085s] INFO:colcon.colcon_core.shell:Creating package script '/home/rcpsl/Xue_Yanyaobo_ws/install/turtlebot_rrt/share/turtlebot_rrt/package.zsh'
[3.086s] Level 1:colcon.colcon_core.environment:create_file_with_runtime_dependencies(/home/rcpsl/Xue_Yanyaobo_ws/install/turtlebot_rrt/share/colcon-core/packages/turtlebot_rrt)
[3.086s] DEBUG:colcon.colcon_parallel_executor.executor.parallel:closing loop
[3.088s] DEBUG:colcon.colcon_parallel_executor.executor.parallel:loop closed
[3.088s] DEBUG:colcon.colcon_parallel_executor.executor.parallel:run_until_complete finished with '0'
[3.088s] DEBUG:colcon.colcon_core.event_reactor:joining thread
[3.093s] INFO:colcon.colcon_core.plugin_system:Skipping extension 'colcon_notification.desktop_notification.terminal_notifier': Not used on non-Darwin systems
[3.093s] INFO:colcon.colcon_core.plugin_system:Skipping extension 'colcon_notification.desktop_notification.win32': Not used on non-Windows systems
[3.093s] INFO:colcon.colcon_notification.desktop_notification:Sending desktop notification using 'notify2'
[3.107s] DEBUG:colcon.colcon_core.event_reactor:joined thread
[3.108s] INFO:colcon.colcon_core.shell:Creating prefix script '/home/rcpsl/Xue_Yanyaobo_ws/install/local_setup.ps1'
[3.109s] INFO:colcon.colcon_core.shell:Creating prefix util module '/home/rcpsl/Xue_Yanyaobo_ws/install/_local_setup_util_ps1.py'
[3.110s] INFO:colcon.colcon_core.shell:Creating prefix chain script '/home/rcpsl/Xue_Yanyaobo_ws/install/setup.ps1'
[3.111s] INFO:colcon.colcon_core.shell:Creating prefix script '/home/rcpsl/Xue_Yanyaobo_ws/install/local_setup.sh'
[3.112s] INFO:colcon.colcon_core.shell:Creating prefix util module '/home/rcpsl/Xue_Yanyaobo_ws/install/_local_setup_util_sh.py'
[3.112s] INFO:colcon.colcon_core.shell:Creating prefix chain script '/home/rcpsl/Xue_Yanyaobo_ws/install/setup.sh'
[3.116s] INFO:colcon.colcon_core.shell:Creating prefix script '/home/rcpsl/Xue_Yanyaobo_ws/install/local_setup.bash'
[3.116s] INFO:colcon.colcon_core.shell:Creating prefix chain script '/home/rcpsl/Xue_Yanyaobo_ws/install/setup.bash'
[3.117s] INFO:colcon.colcon_core.shell:Creating prefix script '/home/rcpsl/Xue_Yanyaobo_ws/install/local_setup.zsh'
[3.118s] INFO:colcon.colcon_core.shell:Creating prefix chain script '/home/rcpsl/Xue_Yanyaobo_ws/install/setup.zsh'
