running egg_info
writing ../../build/TurtleBot/TurtleBot.egg-info/PKG-INFO
writing dependency_links to ../../build/TurtleBot/TurtleBot.egg-info/dependency_links.txt
writing entry points to ../../build/TurtleBot/TurtleBot.egg-info/entry_points.txt
writing requirements to ../../build/TurtleBot/TurtleBot.egg-info/requires.txt
writing top-level names to ../../build/TurtleBot/TurtleBot.egg-info/top_level.txt
reading manifest file '../../build/TurtleBot/TurtleBot.egg-info/SOURCES.txt'
writing manifest file '../../build/TurtleBot/TurtleBot.egg-info/SOURCES.txt'
running build
running build_py
running install
running install_lib
running install_data
running install_egg_info
removing '/home/rcpsl/Xue_Yanyaobo_ws/install/TurtleBot/lib/python3.10/site-packages/TurtleBot-0.0.0-py3.10.egg-info' (and everything under it)
Copying ../../build/TurtleBot/TurtleBot.egg-info to /home/rcpsl/Xue_Yanyaobo_ws/install/TurtleBot/lib/python3.10/site-packages/TurtleBot-0.0.0-py3.10.egg-info
running install_scripts
Installing motion_planner script to /home/rcpsl/Xue_Yanyaobo_ws/install/TurtleBot/lib/TurtleBot
Installing pid_controller script to /home/rcpsl/Xue_Yanyaobo_ws/install/TurtleBot/lib/TurtleBot
Installing rrt_node script to /home/rcpsl/Xue_Yanyaobo_ws/install/TurtleBot/lib/TurtleBot
writing list of installed files to '/home/rcpsl/Xue_Yanyaobo_ws/build/TurtleBot/install.log'
