[1.043s] Invoking command in '/home/rcpsl/Xue_Yanyaobo_ws/src/TurtleBot': PYTHONPATH=/home/rcpsl/Xue_Yanyaobo_ws/build/TurtleBot/prefix_override:/home/rcpsl/Xue_Yanyaobo_ws/install/TurtleBot/lib/python3.10/site-packages:${PYTHONPATH} /usr/bin/python3 -W ignore:setup.py install is deprecated setup.py egg_info --egg-base ../../build/TurtleBot build --build-base /home/rcpsl/Xue_Yanyaobo_ws/build/TurtleBot/build install --record /home/rcpsl/Xue_Yanyaobo_ws/build/TurtleBot/install.log --single-version-externally-managed install_data
[1.565s] running egg_info
[1.565s] writing ../../build/TurtleBot/TurtleBot.egg-info/PKG-INFO
[1.565s] writing dependency_links to ../../build/TurtleBot/TurtleBot.egg-info/dependency_links.txt
[1.565s] writing entry points to ../../build/TurtleBot/TurtleBot.egg-info/entry_points.txt
[1.566s] writing requirements to ../../build/TurtleBot/TurtleBot.egg-info/requires.txt
[1.566s] writing top-level names to ../../build/TurtleBot/TurtleBot.egg-info/top_level.txt
[1.567s] reading manifest file '../../build/TurtleBot/TurtleBot.egg-info/SOURCES.txt'
[1.575s] writing manifest file '../../build/TurtleBot/TurtleBot.egg-info/SOURCES.txt'
[1.575s] running build
[1.575s] running build_py
[1.575s] running install
[1.575s] running install_lib
[1.575s] running install_data
[1.575s] running install_egg_info
[1.575s] removing '/home/rcpsl/Xue_Yanyaobo_ws/install/TurtleBot/lib/python3.10/site-packages/TurtleBot-0.0.0-py3.10.egg-info' (and everything under it)
[1.575s] Copying ../../build/TurtleBot/TurtleBot.egg-info to /home/rcpsl/Xue_Yanyaobo_ws/install/TurtleBot/lib/python3.10/site-packages/TurtleBot-0.0.0-py3.10.egg-info
[1.576s] running install_scripts
[1.607s] Installing motion_planner script to /home/rcpsl/Xue_Yanyaobo_ws/install/TurtleBot/lib/TurtleBot
[1.607s] Installing pid_controller script to /home/rcpsl/Xue_Yanyaobo_ws/install/TurtleBot/lib/TurtleBot
[1.607s] Installing rrt_node script to /home/rcpsl/Xue_Yanyaobo_ws/install/TurtleBot/lib/TurtleBot
[1.607s] writing list of installed files to '/home/rcpsl/Xue_Yanyaobo_ws/build/TurtleBot/install.log'
[1.651s] Invoked command in '/home/rcpsl/Xue_Yanyaobo_ws/src/TurtleBot' returned '0': PYTHONPATH=/home/rcpsl/Xue_Yanyaobo_ws/build/TurtleBot/prefix_override:/home/rcpsl/Xue_Yanyaobo_ws/install/TurtleBot/lib/python3.10/site-packages:${PYTHONPATH} /usr/bin/python3 -W ignore:setup.py install is deprecated setup.py egg_info --egg-base ../../build/TurtleBot build --build-base /home/rcpsl/Xue_Yanyaobo_ws/build/TurtleBot/build install --record /home/rcpsl/Xue_Yanyaobo_ws/build/TurtleBot/install.log --single-version-externally-managed install_data
