[0.759s] Invoking command in '/home/rcpsl/Xue_Yanyaobo_ws/src/TurtleBot': PYTHONPATH=/home/rcpsl/Xue_Yanyaobo_ws/build/TurtleBot/prefix_override:/home/rcpsl/Xue_Yanyaobo_ws/install/TurtleBot/lib/python3.10/site-packages:${PYTHONPATH} /usr/bin/python3 -W ignore:setup.py install is deprecated setup.py egg_info --egg-base ../../build/TurtleBot build --build-base /home/rcpsl/Xue_Yanyaobo_ws/build/TurtleBot/build install --record /home/rcpsl/Xue_Yanyaobo_ws/build/TurtleBot/install.log --single-version-externally-managed install_data
[1.078s] running egg_info
[1.079s] writing ../../build/TurtleBot/TurtleBot.egg-info/PKG-INFO
[1.080s] writing dependency_links to ../../build/TurtleBot/TurtleBot.egg-info/dependency_links.txt
[1.080s] writing entry points to ../../build/TurtleBot/TurtleBot.egg-info/entry_points.txt
[1.081s] writing requirements to ../../build/TurtleBot/TurtleBot.egg-info/requires.txt
[1.081s] writing top-level names to ../../build/TurtleBot/TurtleBot.egg-info/top_level.txt
[1.083s] reading manifest file '../../build/TurtleBot/TurtleBot.egg-info/SOURCES.txt'
[1.084s] writing manifest file '../../build/TurtleBot/TurtleBot.egg-info/SOURCES.txt'
[1.084s] running build
[1.084s] running build_py
[1.084s] copying TurtleBot/scripts/RRT_Node.py -> /home/rcpsl/Xue_Yanyaobo_ws/build/TurtleBot/build/lib/TurtleBot/scripts
[1.085s] running install
[1.085s] running install_lib
[1.087s] copying /home/rcpsl/Xue_Yanyaobo_ws/build/TurtleBot/build/lib/TurtleBot/scripts/RRT_Node.py -> /home/rcpsl/Xue_Yanyaobo_ws/install/TurtleBot/lib/python3.10/site-packages/TurtleBot/scripts
[1.087s] byte-compiling /home/rcpsl/Xue_Yanyaobo_ws/install/TurtleBot/lib/python3.10/site-packages/TurtleBot/scripts/RRT_Node.py to RRT_Node.cpython-310.pyc
[1.088s] running install_data
[1.088s] running install_egg_info
[1.090s] removing '/home/rcpsl/Xue_Yanyaobo_ws/install/TurtleBot/lib/python3.10/site-packages/TurtleBot-0.0.0-py3.10.egg-info' (and everything under it)
[1.090s] Copying ../../build/TurtleBot/TurtleBot.egg-info to /home/rcpsl/Xue_Yanyaobo_ws/install/TurtleBot/lib/python3.10/site-packages/TurtleBot-0.0.0-py3.10.egg-info
[1.091s] running install_scripts
[1.108s] Installing motion_planner script to /home/rcpsl/Xue_Yanyaobo_ws/install/TurtleBot/lib/TurtleBot
[1.108s] Installing pid_controller script to /home/rcpsl/Xue_Yanyaobo_ws/install/TurtleBot/lib/TurtleBot
[1.108s] Installing rrt_node script to /home/rcpsl/Xue_Yanyaobo_ws/install/TurtleBot/lib/TurtleBot
[1.108s] writing list of installed files to '/home/rcpsl/Xue_Yanyaobo_ws/build/TurtleBot/install.log'
[1.130s] Invoked command in '/home/rcpsl/Xue_Yanyaobo_ws/src/TurtleBot' returned '0': PYTHONPATH=/home/rcpsl/Xue_Yanyaobo_ws/build/TurtleBot/prefix_override:/home/rcpsl/Xue_Yanyaobo_ws/install/TurtleBot/lib/python3.10/site-packages:${PYTHONPATH} /usr/bin/python3 -W ignore:setup.py install is deprecated setup.py egg_info --egg-base ../../build/TurtleBot build --build-base /home/rcpsl/Xue_Yanyaobo_ws/build/TurtleBot/build install --record /home/rcpsl/Xue_Yanyaobo_ws/build/TurtleBot/install.log --single-version-externally-managed install_data
