[1.034s] Invoking command in '/home/rcpsl/Xue_Yanyaobo_ws/src/TurtleBot': PYTHONPATH=/home/rcpsl/Xue_Yanyaobo_ws/build/TurtleBot/prefix_override:/home/rcpsl/Xue_Yanyaobo_ws/install/TurtleBot/lib/python3.10/site-packages:${PYTHONPATH} /usr/bin/python3 -W ignore:setup.py install is deprecated setup.py egg_info --egg-base ../../build/TurtleBot build --build-base /home/rcpsl/Xue_Yanyaobo_ws/build/TurtleBot/build install --record /home/rcpsl/Xue_Yanyaobo_ws/build/TurtleBot/install.log --single-version-externally-managed install_data
[1.369s] running egg_info
[1.369s] creating ../../build/TurtleBot/TurtleBot.egg-info
[1.369s] writing ../../build/TurtleBot/TurtleBot.egg-info/PKG-INFO
[1.369s] writing dependency_links to ../../build/TurtleBot/TurtleBot.egg-info/dependency_links.txt
[1.370s] writing entry points to ../../build/TurtleBot/TurtleBot.egg-info/entry_points.txt
[1.370s] writing requirements to ../../build/TurtleBot/TurtleBot.egg-info/requires.txt
[1.370s] writing top-level names to ../../build/TurtleBot/TurtleBot.egg-info/top_level.txt
[1.370s] writing manifest file '../../build/TurtleBot/TurtleBot.egg-info/SOURCES.txt'
[1.378s] reading manifest file '../../build/TurtleBot/TurtleBot.egg-info/SOURCES.txt'
[1.379s] writing manifest file '../../build/TurtleBot/TurtleBot.egg-info/SOURCES.txt'
[1.379s] running build
[1.380s] running build_py
[1.380s] creating /home/rcpsl/Xue_Yanyaobo_ws/build/TurtleBot/build
[1.380s] creating /home/rcpsl/Xue_Yanyaobo_ws/build/TurtleBot/build/lib
[1.380s] creating /home/rcpsl/Xue_Yanyaobo_ws/build/TurtleBot/build/lib/TurtleBot
[1.380s] copying TurtleBot/__init__.py -> /home/rcpsl/Xue_Yanyaobo_ws/build/TurtleBot/build/lib/TurtleBot
[1.380s] running install
[1.380s] running install_lib
[1.381s] creating /home/rcpsl/Xue_Yanyaobo_ws/install/TurtleBot/lib/python3.10/site-packages/TurtleBot
[1.381s] copying /home/rcpsl/Xue_Yanyaobo_ws/build/TurtleBot/build/lib/TurtleBot/__init__.py -> /home/rcpsl/Xue_Yanyaobo_ws/install/TurtleBot/lib/python3.10/site-packages/TurtleBot
[1.381s] byte-compiling /home/rcpsl/Xue_Yanyaobo_ws/install/TurtleBot/lib/python3.10/site-packages/TurtleBot/__init__.py to __init__.cpython-310.pyc
[1.382s] running install_data
[1.382s] creating /home/rcpsl/Xue_Yanyaobo_ws/install/TurtleBot/share/ament_index
[1.382s] creating /home/rcpsl/Xue_Yanyaobo_ws/install/TurtleBot/share/ament_index/resource_index
[1.382s] creating /home/rcpsl/Xue_Yanyaobo_ws/install/TurtleBot/share/ament_index/resource_index/packages
[1.382s] copying resource/TurtleBot -> /home/rcpsl/Xue_Yanyaobo_ws/install/TurtleBot/share/ament_index/resource_index/packages
[1.382s] copying package.xml -> /home/rcpsl/Xue_Yanyaobo_ws/install/TurtleBot/share/TurtleBot
[1.383s] running install_egg_info
[1.384s] Copying ../../build/TurtleBot/TurtleBot.egg-info to /home/rcpsl/Xue_Yanyaobo_ws/install/TurtleBot/lib/python3.10/site-packages/TurtleBot-0.0.0-py3.10.egg-info
[1.385s] running install_scripts
[1.427s] writing list of installed files to '/home/rcpsl/Xue_Yanyaobo_ws/build/TurtleBot/install.log'
[1.449s] Invoked command in '/home/rcpsl/Xue_Yanyaobo_ws/src/TurtleBot' returned '0': PYTHONPATH=/home/rcpsl/Xue_Yanyaobo_ws/build/TurtleBot/prefix_override:/home/rcpsl/Xue_Yanyaobo_ws/install/TurtleBot/lib/python3.10/site-packages:${PYTHONPATH} /usr/bin/python3 -W ignore:setup.py install is deprecated setup.py egg_info --egg-base ../../build/TurtleBot build --build-base /home/rcpsl/Xue_Yanyaobo_ws/build/TurtleBot/build install --record /home/rcpsl/Xue_Yanyaobo_ws/build/TurtleBot/install.log --single-version-externally-managed install_data
