[0.065s] DEBUG:colcon:Command line arguments: ['/usr/bin/colcon', 'build']
[0.065s] DEBUG:colcon:Parsed command line arguments: Namespace(log_base=None, log_level=None, verb_name='build', build_base='build', install_base='install', merge_install=False, symlink_install=False, test_result_base=None, continue_on_error=False, executor='parallel', parallel_workers=2, event_handlers=None, ignore_user_meta=False, metas=['./colcon.meta'], base_paths=['.'], packages_ignore=None, packages_ignore_regex=None, paths=None, packages_up_to=None, packages_up_to_regex=None, packages_above=None, packages_above_and_dependencies=None, packages_above_depth=None, packages_select_by_dep=None, packages_skip_by_dep=None, packages_skip_up_to=None, packages_select_build_failed=False, packages_skip_build_finished=False, packages_select_test_failures=False, packages_skip_test_passed=False, packages_select=None, packages_skip=None, packages_select_regex=None, packages_skip_regex=None, packages_start=None, packages_end=None, allow_overriding=[], cmake_args=None, cmake_target=None, cmake_target_skip_unavailable=False, cmake_clean_cache=False, cmake_clean_first=False, cmake_force_configure=False, ament_cmake_args=None, catkin_cmake_args=None, catkin_skip_building_tests=False, verb_parser=<colcon_defaults.argument_parser.defaults.DefaultArgumentsDecorator object at 0x74c5e0e40b20>, verb_extension=<colcon_core.verb.build.BuildVerb object at 0x74c5e0e40550>, main=<bound method BuildVerb.main of <colcon_core.verb.build.BuildVerb object at 0x74c5e0e40550>>)
[0.166s] Level 1:colcon.colcon_core.package_discovery:discover_packages(colcon_meta) check parameters
[0.166s] Level 1:colcon.colcon_core.package_discovery:discover_packages(recursive) check parameters
[0.166s] Level 1:colcon.colcon_core.package_discovery:discover_packages(ignore) check parameters
[0.166s] Level 1:colcon.colcon_core.package_discovery:discover_packages(path) check parameters
[0.166s] Level 1:colcon.colcon_core.package_discovery:discover_packages(colcon_meta) discover
[0.166s] Level 1:colcon.colcon_core.package_discovery:discover_packages(recursive) discover
[0.166s] INFO:colcon.colcon_core.package_discovery:Crawling recursively for packages in '/home/rcpsl/Xue_Yanyaobo_ws'
[0.166s] Level 1:colcon.colcon_core.package_identification:_identify(.) by extensions ['ignore', 'ignore_ament_install']
[0.166s] Level 1:colcon.colcon_core.package_identification:_identify(.) by extension 'ignore'
[0.166s] Level 1:colcon.colcon_core.package_identification:_identify(.) by extension 'ignore_ament_install'
[0.166s] Level 1:colcon.colcon_core.package_identification:_identify(.) by extensions ['colcon_pkg']
[0.166s] Level 1:colcon.colcon_core.package_identification:_identify(.) by extension 'colcon_pkg'
[0.166s] Level 1:colcon.colcon_core.package_identification:_identify(.) by extensions ['colcon_meta']
[0.166s] Level 1:colcon.colcon_core.package_identification:_identify(.) by extension 'colcon_meta'
[0.166s] Level 1:colcon.colcon_core.package_identification:_identify(.) by extensions ['ros']
[0.166s] Level 1:colcon.colcon_core.package_identification:_identify(.) by extension 'ros'
[0.173s] Level 1:colcon.colcon_core.package_identification:_identify(.) by extensions ['cmake', 'python']
[0.173s] Level 1:colcon.colcon_core.package_identification:_identify(.) by extension 'cmake'
[0.173s] Level 1:colcon.colcon_core.package_identification:_identify(.) by extension 'python'
[0.174s] Level 1:colcon.colcon_core.package_identification:_identify(.) by extensions ['python_setup_py']
[0.174s] Level 1:colcon.colcon_core.package_identification:_identify(.) by extension 'python_setup_py'
[0.174s] Level 1:colcon.colcon_core.package_identification:_identify(build) by extensions ['ignore', 'ignore_ament_install']
[0.174s] Level 1:colcon.colcon_core.package_identification:_identify(build) by extension 'ignore'
[0.174s] Level 1:colcon.colcon_core.package_identification:_identify(build) ignored
[0.174s] Level 1:colcon.colcon_core.package_identification:_identify(install) by extensions ['ignore', 'ignore_ament_install']
[0.174s] Level 1:colcon.colcon_core.package_identification:_identify(install) by extension 'ignore'
[0.174s] Level 1:colcon.colcon_core.package_identification:_identify(install) ignored
[0.174s] Level 1:colcon.colcon_core.package_identification:_identify(log) by extensions ['ignore', 'ignore_ament_install']
[0.174s] Level 1:colcon.colcon_core.package_identification:_identify(log) by extension 'ignore'
[0.174s] Level 1:colcon.colcon_core.package_identification:_identify(log) ignored
[0.174s] Level 1:colcon.colcon_core.package_identification:_identify(src) by extensions ['ignore', 'ignore_ament_install']
[0.174s] Level 1:colcon.colcon_core.package_identification:_identify(src) by extension 'ignore'
[0.174s] Level 1:colcon.colcon_core.package_identification:_identify(src) by extension 'ignore_ament_install'
[0.174s] Level 1:colcon.colcon_core.package_identification:_identify(src) by extensions ['colcon_pkg']
[0.174s] Level 1:colcon.colcon_core.package_identification:_identify(src) by extension 'colcon_pkg'
[0.174s] Level 1:colcon.colcon_core.package_identification:_identify(src) by extensions ['colcon_meta']
[0.174s] Level 1:colcon.colcon_core.package_identification:_identify(src) by extension 'colcon_meta'
[0.174s] Level 1:colcon.colcon_core.package_identification:_identify(src) by extensions ['ros']
[0.174s] Level 1:colcon.colcon_core.package_identification:_identify(src) by extension 'ros'
[0.174s] Level 1:colcon.colcon_core.package_identification:_identify(src) by extensions ['cmake', 'python']
[0.174s] Level 1:colcon.colcon_core.package_identification:_identify(src) by extension 'cmake'
[0.174s] Level 1:colcon.colcon_core.package_identification:_identify(src) by extension 'python'
[0.174s] Level 1:colcon.colcon_core.package_identification:_identify(src) by extensions ['python_setup_py']
[0.174s] Level 1:colcon.colcon_core.package_identification:_identify(src) by extension 'python_setup_py'
[0.174s] Level 1:colcon.colcon_core.package_identification:_identify(src/TurtleBot) by extensions ['ignore', 'ignore_ament_install']
[0.174s] Level 1:colcon.colcon_core.package_identification:_identify(src/TurtleBot) by extension 'ignore'
[0.174s] Level 1:colcon.colcon_core.package_identification:_identify(src/TurtleBot) by extension 'ignore_ament_install'
[0.174s] Level 1:colcon.colcon_core.package_identification:_identify(src/TurtleBot) by extensions ['colcon_pkg']
[0.174s] Level 1:colcon.colcon_core.package_identification:_identify(src/TurtleBot) by extension 'colcon_pkg'
[0.174s] Level 1:colcon.colcon_core.package_identification:_identify(src/TurtleBot) by extensions ['colcon_meta']
[0.174s] Level 1:colcon.colcon_core.package_identification:_identify(src/TurtleBot) by extension 'colcon_meta'
[0.174s] Level 1:colcon.colcon_core.package_identification:_identify(src/TurtleBot) by extensions ['ros']
[0.174s] Level 1:colcon.colcon_core.package_identification:_identify(src/TurtleBot) by extension 'ros'
[0.176s] DEBUG:colcon.colcon_core.package_identification:Package 'src/TurtleBot' with type 'ros.ament_python' and name 'TurtleBot'
[0.176s] Level 1:colcon.colcon_core.package_identification:_identify(src/maps) by extensions ['ignore', 'ignore_ament_install']
[0.176s] Level 1:colcon.colcon_core.package_identification:_identify(src/maps) by extension 'ignore'
[0.176s] Level 1:colcon.colcon_core.package_identification:_identify(src/maps) by extension 'ignore_ament_install'
[0.176s] Level 1:colcon.colcon_core.package_identification:_identify(src/maps) by extensions ['colcon_pkg']
[0.176s] Level 1:colcon.colcon_core.package_identification:_identify(src/maps) by extension 'colcon_pkg'
[0.176s] Level 1:colcon.colcon_core.package_identification:_identify(src/maps) by extensions ['colcon_meta']
[0.176s] Level 1:colcon.colcon_core.package_identification:_identify(src/maps) by extension 'colcon_meta'
[0.176s] Level 1:colcon.colcon_core.package_identification:_identify(src/maps) by extensions ['ros']
[0.176s] Level 1:colcon.colcon_core.package_identification:_identify(src/maps) by extension 'ros'
[0.176s] Level 1:colcon.colcon_core.package_identification:_identify(src/maps) by extensions ['cmake', 'python']
[0.176s] Level 1:colcon.colcon_core.package_identification:_identify(src/maps) by extension 'cmake'
[0.176s] Level 1:colcon.colcon_core.package_identification:_identify(src/maps) by extension 'python'
[0.176s] Level 1:colcon.colcon_core.package_identification:_identify(src/maps) by extensions ['python_setup_py']
[0.176s] Level 1:colcon.colcon_core.package_identification:_identify(src/maps) by extension 'python_setup_py'
[0.176s] Level 1:colcon.colcon_core.package_identification:_identify(src/turtlebot3_simulations) by extensions ['ignore', 'ignore_ament_install']
[0.176s] Level 1:colcon.colcon_core.package_identification:_identify(src/turtlebot3_simulations) by extension 'ignore'
[0.176s] Level 1:colcon.colcon_core.package_identification:_identify(src/turtlebot3_simulations) by extension 'ignore_ament_install'
[0.177s] Level 1:colcon.colcon_core.package_identification:_identify(src/turtlebot3_simulations) by extensions ['colcon_pkg']
[0.177s] Level 1:colcon.colcon_core.package_identification:_identify(src/turtlebot3_simulations) by extension 'colcon_pkg'
[0.177s] Level 1:colcon.colcon_core.package_identification:_identify(src/turtlebot3_simulations) by extensions ['colcon_meta']
[0.177s] Level 1:colcon.colcon_core.package_identification:_identify(src/turtlebot3_simulations) by extension 'colcon_meta'
[0.177s] Level 1:colcon.colcon_core.package_identification:_identify(src/turtlebot3_simulations) by extensions ['ros']
[0.177s] Level 1:colcon.colcon_core.package_identification:_identify(src/turtlebot3_simulations) by extension 'ros'
[0.177s] Level 1:colcon.colcon_core.package_identification:_identify(src/turtlebot3_simulations) by extensions ['cmake', 'python']
[0.177s] Level 1:colcon.colcon_core.package_identification:_identify(src/turtlebot3_simulations) by extension 'cmake'
[0.177s] Level 1:colcon.colcon_core.package_identification:_identify(src/turtlebot3_simulations) by extension 'python'
[0.177s] Level 1:colcon.colcon_core.package_identification:_identify(src/turtlebot3_simulations) by extensions ['python_setup_py']
[0.177s] Level 1:colcon.colcon_core.package_identification:_identify(src/turtlebot3_simulations) by extension 'python_setup_py'
[0.177s] Level 1:colcon.colcon_core.package_identification:_identify(src/turtlebot3_simulations/turtlebot3_fake_node) by extensions ['ignore', 'ignore_ament_install']
[0.177s] Level 1:colcon.colcon_core.package_identification:_identify(src/turtlebot3_simulations/turtlebot3_fake_node) by extension 'ignore'
[0.177s] Level 1:colcon.colcon_core.package_identification:_identify(src/turtlebot3_simulations/turtlebot3_fake_node) by extension 'ignore_ament_install'
[0.177s] Level 1:colcon.colcon_core.package_identification:_identify(src/turtlebot3_simulations/turtlebot3_fake_node) by extensions ['colcon_pkg']
[0.177s] Level 1:colcon.colcon_core.package_identification:_identify(src/turtlebot3_simulations/turtlebot3_fake_node) by extension 'colcon_pkg'
[0.177s] Level 1:colcon.colcon_core.package_identification:_identify(src/turtlebot3_simulations/turtlebot3_fake_node) by extensions ['colcon_meta']
[0.177s] Level 1:colcon.colcon_core.package_identification:_identify(src/turtlebot3_simulations/turtlebot3_fake_node) by extension 'colcon_meta'
[0.177s] Level 1:colcon.colcon_core.package_identification:_identify(src/turtlebot3_simulations/turtlebot3_fake_node) by extensions ['ros']
[0.177s] Level 1:colcon.colcon_core.package_identification:_identify(src/turtlebot3_simulations/turtlebot3_fake_node) by extension 'ros'
[0.178s] DEBUG:colcon.colcon_core.package_identification:Package 'src/turtlebot3_simulations/turtlebot3_fake_node' with type 'ros.ament_cmake' and name 'turtlebot3_fake_node'
[0.178s] Level 1:colcon.colcon_core.package_identification:_identify(src/turtlebot3_simulations/turtlebot3_gazebo) by extensions ['ignore', 'ignore_ament_install']
[0.178s] Level 1:colcon.colcon_core.package_identification:_identify(src/turtlebot3_simulations/turtlebot3_gazebo) by extension 'ignore'
[0.178s] Level 1:colcon.colcon_core.package_identification:_identify(src/turtlebot3_simulations/turtlebot3_gazebo) by extension 'ignore_ament_install'
[0.178s] Level 1:colcon.colcon_core.package_identification:_identify(src/turtlebot3_simulations/turtlebot3_gazebo) by extensions ['colcon_pkg']
[0.178s] Level 1:colcon.colcon_core.package_identification:_identify(src/turtlebot3_simulations/turtlebot3_gazebo) by extension 'colcon_pkg'
[0.178s] Level 1:colcon.colcon_core.package_identification:_identify(src/turtlebot3_simulations/turtlebot3_gazebo) by extensions ['colcon_meta']
[0.178s] Level 1:colcon.colcon_core.package_identification:_identify(src/turtlebot3_simulations/turtlebot3_gazebo) by extension 'colcon_meta'
[0.178s] Level 1:colcon.colcon_core.package_identification:_identify(src/turtlebot3_simulations/turtlebot3_gazebo) by extensions ['ros']
[0.178s] Level 1:colcon.colcon_core.package_identification:_identify(src/turtlebot3_simulations/turtlebot3_gazebo) by extension 'ros'
[0.178s] DEBUG:colcon.colcon_core.package_identification:Package 'src/turtlebot3_simulations/turtlebot3_gazebo' with type 'ros.ament_cmake' and name 'turtlebot3_gazebo'
[0.178s] Level 1:colcon.colcon_core.package_identification:_identify(src/turtlebot3_simulations/turtlebot3_simulations) by extensions ['ignore', 'ignore_ament_install']
[0.178s] Level 1:colcon.colcon_core.package_identification:_identify(src/turtlebot3_simulations/turtlebot3_simulations) by extension 'ignore'
[0.178s] Level 1:colcon.colcon_core.package_identification:_identify(src/turtlebot3_simulations/turtlebot3_simulations) by extension 'ignore_ament_install'
[0.178s] Level 1:colcon.colcon_core.package_identification:_identify(src/turtlebot3_simulations/turtlebot3_simulations) by extensions ['colcon_pkg']
[0.178s] Level 1:colcon.colcon_core.package_identification:_identify(src/turtlebot3_simulations/turtlebot3_simulations) by extension 'colcon_pkg'
[0.178s] Level 1:colcon.colcon_core.package_identification:_identify(src/turtlebot3_simulations/turtlebot3_simulations) by extensions ['colcon_meta']
[0.178s] Level 1:colcon.colcon_core.package_identification:_identify(src/turtlebot3_simulations/turtlebot3_simulations) by extension 'colcon_meta'
[0.178s] Level 1:colcon.colcon_core.package_identification:_identify(src/turtlebot3_simulations/turtlebot3_simulations) by extensions ['ros']
[0.178s] Level 1:colcon.colcon_core.package_identification:_identify(src/turtlebot3_simulations/turtlebot3_simulations) by extension 'ros'
[0.179s] DEBUG:colcon.colcon_core.package_identification:Package 'src/turtlebot3_simulations/turtlebot3_simulations' with type 'ros.ament_cmake' and name 'turtlebot3_simulations'
[0.179s] Level 1:colcon.colcon_core.package_identification:_identify(src/turtlebot_rrt) by extensions ['ignore', 'ignore_ament_install']
[0.179s] Level 1:colcon.colcon_core.package_identification:_identify(src/turtlebot_rrt) by extension 'ignore'
[0.179s] Level 1:colcon.colcon_core.package_identification:_identify(src/turtlebot_rrt) by extension 'ignore_ament_install'
[0.179s] Level 1:colcon.colcon_core.package_identification:_identify(src/turtlebot_rrt) by extensions ['colcon_pkg']
[0.179s] Level 1:colcon.colcon_core.package_identification:_identify(src/turtlebot_rrt) by extension 'colcon_pkg'
[0.179s] Level 1:colcon.colcon_core.package_identification:_identify(src/turtlebot_rrt) by extensions ['colcon_meta']
[0.179s] Level 1:colcon.colcon_core.package_identification:_identify(src/turtlebot_rrt) by extension 'colcon_meta'
[0.179s] Level 1:colcon.colcon_core.package_identification:_identify(src/turtlebot_rrt) by extensions ['ros']
[0.179s] Level 1:colcon.colcon_core.package_identification:_identify(src/turtlebot_rrt) by extension 'ros'
[0.180s] DEBUG:colcon.colcon_core.package_identification:Package 'src/turtlebot_rrt' with type 'ros.ament_python' and name 'turtlebot_rrt'
[0.180s] Level 1:colcon.colcon_core.package_discovery:discover_packages(recursive) using defaults
[0.180s] Level 1:colcon.colcon_core.package_discovery:discover_packages(ignore) discover
[0.180s] Level 1:colcon.colcon_core.package_discovery:discover_packages(ignore) using defaults
[0.180s] Level 1:colcon.colcon_core.package_discovery:discover_packages(path) discover
[0.180s] Level 1:colcon.colcon_core.package_discovery:discover_packages(path) using defaults
[0.203s] Level 1:colcon.colcon_core.package_discovery:discover_packages(prefix_path) check parameters
[0.204s] Level 1:colcon.colcon_core.package_discovery:discover_packages(prefix_path) discover
[0.206s] DEBUG:colcon.colcon_installed_package_information.package_discovery:Found 370 installed packages in /opt/ros/humble
[0.208s] Level 1:colcon.colcon_core.package_discovery:discover_packages(prefix_path) using defaults
[0.239s] Level 5:colcon.colcon_core.verb:set package 'TurtleBot' build argument 'cmake_args' from command line to 'None'
[0.239s] Level 5:colcon.colcon_core.verb:set package 'TurtleBot' build argument 'cmake_target' from command line to 'None'
[0.239s] Level 5:colcon.colcon_core.verb:set package 'TurtleBot' build argument 'cmake_target_skip_unavailable' from command line to 'False'
[0.239s] Level 5:colcon.colcon_core.verb:set package 'TurtleBot' build argument 'cmake_clean_cache' from command line to 'False'
[0.239s] Level 5:colcon.colcon_core.verb:set package 'TurtleBot' build argument 'cmake_clean_first' from command line to 'False'
[0.239s] Level 5:colcon.colcon_core.verb:set package 'TurtleBot' build argument 'cmake_force_configure' from command line to 'False'
[0.239s] Level 5:colcon.colcon_core.verb:set package 'TurtleBot' build argument 'ament_cmake_args' from command line to 'None'
[0.239s] Level 5:colcon.colcon_core.verb:set package 'TurtleBot' build argument 'catkin_cmake_args' from command line to 'None'
[0.239s] Level 5:colcon.colcon_core.verb:set package 'TurtleBot' build argument 'catkin_skip_building_tests' from command line to 'False'
[0.239s] DEBUG:colcon.colcon_core.verb:Building package 'TurtleBot' with the following arguments: {'ament_cmake_args': None, 'build_base': '/home/rcpsl/Xue_Yanyaobo_ws/build/TurtleBot', 'catkin_cmake_args': None, 'catkin_skip_building_tests': False, 'cmake_args': None, 'cmake_clean_cache': False, 'cmake_clean_first': False, 'cmake_force_configure': False, 'cmake_target': None, 'cmake_target_skip_unavailable': False, 'install_base': '/home/rcpsl/Xue_Yanyaobo_ws/install/TurtleBot', 'merge_install': False, 'path': '/home/rcpsl/Xue_Yanyaobo_ws/src/TurtleBot', 'symlink_install': False, 'test_result_base': None}
[0.239s] Level 5:colcon.colcon_core.verb:set package 'turtlebot3_fake_node' build argument 'cmake_args' from command line to 'None'
[0.239s] Level 5:colcon.colcon_core.verb:set package 'turtlebot3_fake_node' build argument 'cmake_target' from command line to 'None'
[0.239s] Level 5:colcon.colcon_core.verb:set package 'turtlebot3_fake_node' build argument 'cmake_target_skip_unavailable' from command line to 'False'
[0.239s] Level 5:colcon.colcon_core.verb:set package 'turtlebot3_fake_node' build argument 'cmake_clean_cache' from command line to 'False'
[0.239s] Level 5:colcon.colcon_core.verb:set package 'turtlebot3_fake_node' build argument 'cmake_clean_first' from command line to 'False'
[0.239s] Level 5:colcon.colcon_core.verb:set package 'turtlebot3_fake_node' build argument 'cmake_force_configure' from command line to 'False'
[0.239s] Level 5:colcon.colcon_core.verb:set package 'turtlebot3_fake_node' build argument 'ament_cmake_args' from command line to 'None'
[0.239s] Level 5:colcon.colcon_core.verb:set package 'turtlebot3_fake_node' build argument 'catkin_cmake_args' from command line to 'None'
[0.239s] Level 5:colcon.colcon_core.verb:set package 'turtlebot3_fake_node' build argument 'catkin_skip_building_tests' from command line to 'False'
[0.239s] DEBUG:colcon.colcon_core.verb:Building package 'turtlebot3_fake_node' with the following arguments: {'ament_cmake_args': None, 'build_base': '/home/rcpsl/Xue_Yanyaobo_ws/build/turtlebot3_fake_node', 'catkin_cmake_args': None, 'catkin_skip_building_tests': False, 'cmake_args': None, 'cmake_clean_cache': False, 'cmake_clean_first': False, 'cmake_force_configure': False, 'cmake_target': None, 'cmake_target_skip_unavailable': False, 'install_base': '/home/rcpsl/Xue_Yanyaobo_ws/install/turtlebot3_fake_node', 'merge_install': False, 'path': '/home/rcpsl/Xue_Yanyaobo_ws/src/turtlebot3_simulations/turtlebot3_fake_node', 'symlink_install': False, 'test_result_base': None}
[0.239s] Level 5:colcon.colcon_core.verb:set package 'turtlebot3_gazebo' build argument 'cmake_args' from command line to 'None'
[0.239s] Level 5:colcon.colcon_core.verb:set package 'turtlebot3_gazebo' build argument 'cmake_target' from command line to 'None'
[0.239s] Level 5:colcon.colcon_core.verb:set package 'turtlebot3_gazebo' build argument 'cmake_target_skip_unavailable' from command line to 'False'
[0.239s] Level 5:colcon.colcon_core.verb:set package 'turtlebot3_gazebo' build argument 'cmake_clean_cache' from command line to 'False'
[0.239s] Level 5:colcon.colcon_core.verb:set package 'turtlebot3_gazebo' build argument 'cmake_clean_first' from command line to 'False'
[0.239s] Level 5:colcon.colcon_core.verb:set package 'turtlebot3_gazebo' build argument 'cmake_force_configure' from command line to 'False'
[0.239s] Level 5:colcon.colcon_core.verb:set package 'turtlebot3_gazebo' build argument 'ament_cmake_args' from command line to 'None'
[0.240s] Level 5:colcon.colcon_core.verb:set package 'turtlebot3_gazebo' build argument 'catkin_cmake_args' from command line to 'None'
[0.240s] Level 5:colcon.colcon_core.verb:set package 'turtlebot3_gazebo' build argument 'catkin_skip_building_tests' from command line to 'False'
[0.240s] DEBUG:colcon.colcon_core.verb:Building package 'turtlebot3_gazebo' with the following arguments: {'ament_cmake_args': None, 'build_base': '/home/rcpsl/Xue_Yanyaobo_ws/build/turtlebot3_gazebo', 'catkin_cmake_args': None, 'catkin_skip_building_tests': False, 'cmake_args': None, 'cmake_clean_cache': False, 'cmake_clean_first': False, 'cmake_force_configure': False, 'cmake_target': None, 'cmake_target_skip_unavailable': False, 'install_base': '/home/rcpsl/Xue_Yanyaobo_ws/install/turtlebot3_gazebo', 'merge_install': False, 'path': '/home/rcpsl/Xue_Yanyaobo_ws/src/turtlebot3_simulations/turtlebot3_gazebo', 'symlink_install': False, 'test_result_base': None}
[0.240s] Level 5:colcon.colcon_core.verb:set package 'turtlebot_rrt' build argument 'cmake_args' from command line to 'None'
[0.240s] Level 5:colcon.colcon_core.verb:set package 'turtlebot_rrt' build argument 'cmake_target' from command line to 'None'
[0.240s] Level 5:colcon.colcon_core.verb:set package 'turtlebot_rrt' build argument 'cmake_target_skip_unavailable' from command line to 'False'
[0.240s] Level 5:colcon.colcon_core.verb:set package 'turtlebot_rrt' build argument 'cmake_clean_cache' from command line to 'False'
[0.240s] Level 5:colcon.colcon_core.verb:set package 'turtlebot_rrt' build argument 'cmake_clean_first' from command line to 'False'
[0.240s] Level 5:colcon.colcon_core.verb:set package 'turtlebot_rrt' build argument 'cmake_force_configure' from command line to 'False'
[0.240s] Level 5:colcon.colcon_core.verb:set package 'turtlebot_rrt' build argument 'ament_cmake_args' from command line to 'None'
[0.240s] Level 5:colcon.colcon_core.verb:set package 'turtlebot_rrt' build argument 'catkin_cmake_args' from command line to 'None'
[0.240s] Level 5:colcon.colcon_core.verb:set package 'turtlebot_rrt' build argument 'catkin_skip_building_tests' from command line to 'False'
[0.240s] DEBUG:colcon.colcon_core.verb:Building package 'turtlebot_rrt' with the following arguments: {'ament_cmake_args': None, 'build_base': '/home/rcpsl/Xue_Yanyaobo_ws/build/turtlebot_rrt', 'catkin_cmake_args': None, 'catkin_skip_building_tests': False, 'cmake_args': None, 'cmake_clean_cache': False, 'cmake_clean_first': False, 'cmake_force_configure': False, 'cmake_target': None, 'cmake_target_skip_unavailable': False, 'install_base': '/home/rcpsl/Xue_Yanyaobo_ws/install/turtlebot_rrt', 'merge_install': False, 'path': '/home/rcpsl/Xue_Yanyaobo_ws/src/turtlebot_rrt', 'symlink_install': False, 'test_result_base': None}
[0.240s] Level 5:colcon.colcon_core.verb:set package 'turtlebot3_simulations' build argument 'cmake_args' from command line to 'None'
[0.240s] Level 5:colcon.colcon_core.verb:set package 'turtlebot3_simulations' build argument 'cmake_target' from command line to 'None'
[0.240s] Level 5:colcon.colcon_core.verb:set package 'turtlebot3_simulations' build argument 'cmake_target_skip_unavailable' from command line to 'False'
[0.240s] Level 5:colcon.colcon_core.verb:set package 'turtlebot3_simulations' build argument 'cmake_clean_cache' from command line to 'False'
[0.240s] Level 5:colcon.colcon_core.verb:set package 'turtlebot3_simulations' build argument 'cmake_clean_first' from command line to 'False'
[0.240s] Level 5:colcon.colcon_core.verb:set package 'turtlebot3_simulations' build argument 'cmake_force_configure' from command line to 'False'
[0.240s] Level 5:colcon.colcon_core.verb:set package 'turtlebot3_simulations' build argument 'ament_cmake_args' from command line to 'None'
[0.240s] Level 5:colcon.colcon_core.verb:set package 'turtlebot3_simulations' build argument 'catkin_cmake_args' from command line to 'None'
[0.240s] Level 5:colcon.colcon_core.verb:set package 'turtlebot3_simulations' build argument 'catkin_skip_building_tests' from command line to 'False'
[0.240s] DEBUG:colcon.colcon_core.verb:Building package 'turtlebot3_simulations' with the following arguments: {'ament_cmake_args': None, 'build_base': '/home/rcpsl/Xue_Yanyaobo_ws/build/turtlebot3_simulations', 'catkin_cmake_args': None, 'catkin_skip_building_tests': False, 'cmake_args': None, 'cmake_clean_cache': False, 'cmake_clean_first': False, 'cmake_force_configure': False, 'cmake_target': None, 'cmake_target_skip_unavailable': False, 'install_base': '/home/rcpsl/Xue_Yanyaobo_ws/install/turtlebot3_simulations', 'merge_install': False, 'path': '/home/rcpsl/Xue_Yanyaobo_ws/src/turtlebot3_simulations/turtlebot3_simulations', 'symlink_install': False, 'test_result_base': None}
[0.240s] INFO:colcon.colcon_core.executor:Executing jobs using 'parallel' executor
[0.241s] DEBUG:colcon.colcon_parallel_executor.executor.parallel:run_until_complete
[0.242s] INFO:colcon.colcon_ros.task.ament_cmake.build:Building ROS package in '/home/rcpsl/Xue_Yanyaobo_ws/src/turtlebot3_simulations/turtlebot3_fake_node' with build type 'ament_cmake'
[0.242s] INFO:colcon.colcon_cmake.task.cmake.build:Building CMake package in '/home/rcpsl/Xue_Yanyaobo_ws/src/turtlebot3_simulations/turtlebot3_fake_node'
[0.244s] INFO:colcon.colcon_core.plugin_system:Skipping extension 'colcon_core.shell.bat': Not used on non-Windows systems
[0.244s] INFO:colcon.colcon_core.shell:Skip shell extension 'powershell' for command environment: Not usable outside of PowerShell
[0.244s] DEBUG:colcon.colcon_core.shell:Skip shell extension 'dsv' for command environment
[0.247s] INFO:colcon.colcon_ros.task.ament_cmake.build:Building ROS package in '/home/rcpsl/Xue_Yanyaobo_ws/src/turtlebot3_simulations/turtlebot3_gazebo' with build type 'ament_cmake'
[0.247s] INFO:colcon.colcon_cmake.task.cmake.build:Building CMake package in '/home/rcpsl/Xue_Yanyaobo_ws/src/turtlebot3_simulations/turtlebot3_gazebo'
[0.247s] INFO:colcon.colcon_core.shell:Skip shell extension 'powershell' for command environment: Not usable outside of PowerShell
[0.247s] DEBUG:colcon.colcon_core.shell:Skip shell extension 'dsv' for command environment
[0.265s] DEBUG:colcon.colcon_core.event_handler.log_command:Invoking command in '/home/rcpsl/Xue_Yanyaobo_ws/build/turtlebot3_fake_node': CMAKE_PREFIX_PATH=/opt/ros/humble /usr/bin/cmake --build /home/rcpsl/Xue_Yanyaobo_ws/build/turtlebot3_fake_node -- -j2 -l2
[0.286s] DEBUG:colcon.colcon_core.event_handler.log_command:Invoking command in '/home/rcpsl/Xue_Yanyaobo_ws/build/turtlebot3_gazebo': CMAKE_PREFIX_PATH=/opt/ros/humble /usr/bin/cmake --build /home/rcpsl/Xue_Yanyaobo_ws/build/turtlebot3_gazebo -- -j2 -l2
[0.365s] DEBUG:colcon.colcon_core.event_handler.log_command:Invoked command in '/home/rcpsl/Xue_Yanyaobo_ws/build/turtlebot3_fake_node' returned '0': CMAKE_PREFIX_PATH=/opt/ros/humble /usr/bin/cmake --build /home/rcpsl/Xue_Yanyaobo_ws/build/turtlebot3_fake_node -- -j2 -l2
[0.466s] DEBUG:colcon.colcon_core.event_handler.log_command:Invoking command in '/home/rcpsl/Xue_Yanyaobo_ws/build/turtlebot3_fake_node': CMAKE_PREFIX_PATH=/opt/ros/humble /usr/bin/cmake --install /home/rcpsl/Xue_Yanyaobo_ws/build/turtlebot3_fake_node
[0.481s] Level 1:colcon.colcon_core.environment:create_environment_scripts_only(turtlebot3_fake_node)
[0.483s] DEBUG:colcon.colcon_core.event_handler.log_command:Invoked command in '/home/rcpsl/Xue_Yanyaobo_ws/build/turtlebot3_fake_node' returned '0': CMAKE_PREFIX_PATH=/opt/ros/humble /usr/bin/cmake --install /home/rcpsl/Xue_Yanyaobo_ws/build/turtlebot3_fake_node
[0.485s] Level 1:colcon.colcon_core.environment:checking '/home/rcpsl/Xue_Yanyaobo_ws/install/turtlebot3_fake_node' for CMake module files
[0.485s] Level 1:colcon.colcon_core.environment:checking '/home/rcpsl/Xue_Yanyaobo_ws/install/turtlebot3_fake_node' for CMake config files
[0.485s] Level 1:colcon.colcon_core.shell:create_environment_hook('turtlebot3_fake_node', 'cmake_prefix_path')
[0.485s] INFO:colcon.colcon_core.shell:Creating environment hook '/home/rcpsl/Xue_Yanyaobo_ws/install/turtlebot3_fake_node/share/turtlebot3_fake_node/hook/cmake_prefix_path.ps1'
[0.486s] INFO:colcon.colcon_core.shell:Creating environment descriptor '/home/rcpsl/Xue_Yanyaobo_ws/install/turtlebot3_fake_node/share/turtlebot3_fake_node/hook/cmake_prefix_path.dsv'
[0.486s] INFO:colcon.colcon_core.shell:Creating environment hook '/home/rcpsl/Xue_Yanyaobo_ws/install/turtlebot3_fake_node/share/turtlebot3_fake_node/hook/cmake_prefix_path.sh'
[0.489s] Level 1:colcon.colcon_core.environment:checking '/home/rcpsl/Xue_Yanyaobo_ws/install/turtlebot3_fake_node/lib'
[0.489s] Level 1:colcon.colcon_core.environment:checking '/home/rcpsl/Xue_Yanyaobo_ws/install/turtlebot3_fake_node/bin'
[0.489s] Level 1:colcon.colcon_core.environment:checking '/home/rcpsl/Xue_Yanyaobo_ws/install/turtlebot3_fake_node/lib/pkgconfig/turtlebot3_fake_node.pc'
[0.489s] Level 1:colcon.colcon_core.environment:checking '/home/rcpsl/Xue_Yanyaobo_ws/install/turtlebot3_fake_node/lib/python3.10/site-packages'
[0.489s] Level 1:colcon.colcon_core.environment:checking '/home/rcpsl/Xue_Yanyaobo_ws/install/turtlebot3_fake_node/bin'
[0.490s] INFO:colcon.colcon_core.shell:Creating package script '/home/rcpsl/Xue_Yanyaobo_ws/install/turtlebot3_fake_node/share/turtlebot3_fake_node/package.ps1'
[0.490s] INFO:colcon.colcon_core.shell:Creating package descriptor '/home/rcpsl/Xue_Yanyaobo_ws/install/turtlebot3_fake_node/share/turtlebot3_fake_node/package.dsv'
[0.491s] INFO:colcon.colcon_core.shell:Creating package script '/home/rcpsl/Xue_Yanyaobo_ws/install/turtlebot3_fake_node/share/turtlebot3_fake_node/package.sh'
[0.492s] INFO:colcon.colcon_core.shell:Creating package script '/home/rcpsl/Xue_Yanyaobo_ws/install/turtlebot3_fake_node/share/turtlebot3_fake_node/package.bash'
[0.493s] INFO:colcon.colcon_core.shell:Creating package script '/home/rcpsl/Xue_Yanyaobo_ws/install/turtlebot3_fake_node/share/turtlebot3_fake_node/package.zsh'
[0.493s] Level 1:colcon.colcon_core.environment:create_file_with_runtime_dependencies(/home/rcpsl/Xue_Yanyaobo_ws/install/turtlebot3_fake_node/share/colcon-core/packages/turtlebot3_fake_node)
[0.496s] DEBUG:colcon.colcon_core.event_handler.log_command:Invoked command in '/home/rcpsl/Xue_Yanyaobo_ws/build/turtlebot3_gazebo' returned '0': CMAKE_PREFIX_PATH=/opt/ros/humble /usr/bin/cmake --build /home/rcpsl/Xue_Yanyaobo_ws/build/turtlebot3_gazebo -- -j2 -l2
[0.538s] Level 1:colcon.colcon_core.environment:create_environment_scripts_only(turtlebot3_fake_node)
[0.538s] Level 1:colcon.colcon_core.environment:checking '/home/rcpsl/Xue_Yanyaobo_ws/install/turtlebot3_fake_node' for CMake module files
[0.538s] Level 1:colcon.colcon_core.environment:checking '/home/rcpsl/Xue_Yanyaobo_ws/install/turtlebot3_fake_node' for CMake config files
[0.539s] Level 1:colcon.colcon_core.shell:create_environment_hook('turtlebot3_fake_node', 'cmake_prefix_path')
[0.539s] INFO:colcon.colcon_core.shell:Creating environment hook '/home/rcpsl/Xue_Yanyaobo_ws/install/turtlebot3_fake_node/share/turtlebot3_fake_node/hook/cmake_prefix_path.ps1'
[0.540s] INFO:colcon.colcon_core.shell:Creating environment descriptor '/home/rcpsl/Xue_Yanyaobo_ws/install/turtlebot3_fake_node/share/turtlebot3_fake_node/hook/cmake_prefix_path.dsv'
[0.540s] INFO:colcon.colcon_core.shell:Creating environment hook '/home/rcpsl/Xue_Yanyaobo_ws/install/turtlebot3_fake_node/share/turtlebot3_fake_node/hook/cmake_prefix_path.sh'
[0.541s] Level 1:colcon.colcon_core.environment:checking '/home/rcpsl/Xue_Yanyaobo_ws/install/turtlebot3_fake_node/lib'
[0.541s] Level 1:colcon.colcon_core.environment:checking '/home/rcpsl/Xue_Yanyaobo_ws/install/turtlebot3_fake_node/bin'
[0.541s] Level 1:colcon.colcon_core.environment:checking '/home/rcpsl/Xue_Yanyaobo_ws/install/turtlebot3_fake_node/lib/pkgconfig/turtlebot3_fake_node.pc'
[0.541s] Level 1:colcon.colcon_core.environment:checking '/home/rcpsl/Xue_Yanyaobo_ws/install/turtlebot3_fake_node/lib/python3.10/site-packages'
[0.542s] Level 1:colcon.colcon_core.environment:checking '/home/rcpsl/Xue_Yanyaobo_ws/install/turtlebot3_fake_node/bin'
[0.542s] INFO:colcon.colcon_core.shell:Creating package script '/home/rcpsl/Xue_Yanyaobo_ws/install/turtlebot3_fake_node/share/turtlebot3_fake_node/package.ps1'
[0.543s] INFO:colcon.colcon_core.shell:Creating package descriptor '/home/rcpsl/Xue_Yanyaobo_ws/install/turtlebot3_fake_node/share/turtlebot3_fake_node/package.dsv'
[0.543s] INFO:colcon.colcon_core.shell:Creating package script '/home/rcpsl/Xue_Yanyaobo_ws/install/turtlebot3_fake_node/share/turtlebot3_fake_node/package.sh'
[0.544s] INFO:colcon.colcon_core.shell:Creating package script '/home/rcpsl/Xue_Yanyaobo_ws/install/turtlebot3_fake_node/share/turtlebot3_fake_node/package.bash'
[0.544s] INFO:colcon.colcon_core.shell:Creating package script '/home/rcpsl/Xue_Yanyaobo_ws/install/turtlebot3_fake_node/share/turtlebot3_fake_node/package.zsh'
[0.545s] Level 1:colcon.colcon_core.environment:create_file_with_runtime_dependencies(/home/rcpsl/Xue_Yanyaobo_ws/install/turtlebot3_fake_node/share/colcon-core/packages/turtlebot3_fake_node)
[0.546s] INFO:colcon.colcon_ros.task.ament_python.build:Building ROS package in '/home/rcpsl/Xue_Yanyaobo_ws/src/TurtleBot' with build type 'ament_python'
[0.546s] Level 1:colcon.colcon_core.shell:create_environment_hook('TurtleBot', 'ament_prefix_path')
[0.546s] INFO:colcon.colcon_core.shell:Creating environment hook '/home/rcpsl/Xue_Yanyaobo_ws/install/TurtleBot/share/TurtleBot/hook/ament_prefix_path.ps1'
[0.547s] INFO:colcon.colcon_core.shell:Creating environment descriptor '/home/rcpsl/Xue_Yanyaobo_ws/install/TurtleBot/share/TurtleBot/hook/ament_prefix_path.dsv'
[0.548s] INFO:colcon.colcon_core.shell:Creating environment hook '/home/rcpsl/Xue_Yanyaobo_ws/install/TurtleBot/share/TurtleBot/hook/ament_prefix_path.sh'
[0.548s] INFO:colcon.colcon_core.shell:Skip shell extension 'powershell' for command environment: Not usable outside of PowerShell
[0.548s] DEBUG:colcon.colcon_core.shell:Skip shell extension 'dsv' for command environment
[0.745s] INFO:colcon.colcon_core.task.python.build:Building Python package in '/home/rcpsl/Xue_Yanyaobo_ws/src/TurtleBot'
[0.745s] INFO:colcon.colcon_core.shell:Skip shell extension 'powershell' for command environment: Not usable outside of PowerShell
[0.745s] DEBUG:colcon.colcon_core.shell:Skip shell extension 'dsv' for command environment
[0.750s] DEBUG:colcon.colcon_core.event_handler.log_command:Invoking command in '/home/rcpsl/Xue_Yanyaobo_ws/build/turtlebot3_gazebo': CMAKE_PREFIX_PATH=/opt/ros/humble /usr/bin/cmake --install /home/rcpsl/Xue_Yanyaobo_ws/build/turtlebot3_gazebo
[0.798s] Level 1:colcon.colcon_core.environment:create_environment_scripts_only(turtlebot3_gazebo)
[0.799s] Level 1:colcon.colcon_core.environment:checking '/home/rcpsl/Xue_Yanyaobo_ws/install/turtlebot3_gazebo' for CMake module files
[0.799s] DEBUG:colcon.colcon_core.event_handler.log_command:Invoked command in '/home/rcpsl/Xue_Yanyaobo_ws/build/turtlebot3_gazebo' returned '0': CMAKE_PREFIX_PATH=/opt/ros/humble /usr/bin/cmake --install /home/rcpsl/Xue_Yanyaobo_ws/build/turtlebot3_gazebo
[0.800s] Level 1:colcon.colcon_core.environment:checking '/home/rcpsl/Xue_Yanyaobo_ws/install/turtlebot3_gazebo' for CMake config files
[0.800s] Level 1:colcon.colcon_core.shell:create_environment_hook('turtlebot3_gazebo', 'cmake_prefix_path')
[0.801s] INFO:colcon.colcon_core.shell:Creating environment hook '/home/rcpsl/Xue_Yanyaobo_ws/install/turtlebot3_gazebo/share/turtlebot3_gazebo/hook/cmake_prefix_path.ps1'
[0.801s] INFO:colcon.colcon_core.shell:Creating environment descriptor '/home/rcpsl/Xue_Yanyaobo_ws/install/turtlebot3_gazebo/share/turtlebot3_gazebo/hook/cmake_prefix_path.dsv'
[0.801s] INFO:colcon.colcon_core.shell:Creating environment hook '/home/rcpsl/Xue_Yanyaobo_ws/install/turtlebot3_gazebo/share/turtlebot3_gazebo/hook/cmake_prefix_path.sh'
[0.802s] Level 1:colcon.colcon_core.environment:checking '/home/rcpsl/Xue_Yanyaobo_ws/install/turtlebot3_gazebo/lib'
[0.802s] Level 1:colcon.colcon_core.environment:checking '/home/rcpsl/Xue_Yanyaobo_ws/install/turtlebot3_gazebo/bin'
[0.802s] Level 1:colcon.colcon_core.environment:checking '/home/rcpsl/Xue_Yanyaobo_ws/install/turtlebot3_gazebo/lib/pkgconfig/turtlebot3_gazebo.pc'
[0.802s] Level 1:colcon.colcon_core.environment:checking '/home/rcpsl/Xue_Yanyaobo_ws/install/turtlebot3_gazebo/lib/python3.10/site-packages'
[0.802s] Level 1:colcon.colcon_core.environment:checking '/home/rcpsl/Xue_Yanyaobo_ws/install/turtlebot3_gazebo/bin'
[0.802s] INFO:colcon.colcon_core.shell:Creating package script '/home/rcpsl/Xue_Yanyaobo_ws/install/turtlebot3_gazebo/share/turtlebot3_gazebo/package.ps1'
[0.803s] INFO:colcon.colcon_core.shell:Creating package descriptor '/home/rcpsl/Xue_Yanyaobo_ws/install/turtlebot3_gazebo/share/turtlebot3_gazebo/package.dsv'
[0.803s] INFO:colcon.colcon_core.shell:Creating package script '/home/rcpsl/Xue_Yanyaobo_ws/install/turtlebot3_gazebo/share/turtlebot3_gazebo/package.sh'
[0.804s] INFO:colcon.colcon_core.shell:Creating package script '/home/rcpsl/Xue_Yanyaobo_ws/install/turtlebot3_gazebo/share/turtlebot3_gazebo/package.bash'
[0.804s] INFO:colcon.colcon_core.shell:Creating package script '/home/rcpsl/Xue_Yanyaobo_ws/install/turtlebot3_gazebo/share/turtlebot3_gazebo/package.zsh'
[0.804s] Level 1:colcon.colcon_core.environment:create_file_with_runtime_dependencies(/home/rcpsl/Xue_Yanyaobo_ws/install/turtlebot3_gazebo/share/colcon-core/packages/turtlebot3_gazebo)
[0.853s] Level 1:colcon.colcon_core.environment:create_environment_scripts_only(turtlebot3_gazebo)
[0.853s] Level 1:colcon.colcon_core.environment:checking '/home/rcpsl/Xue_Yanyaobo_ws/install/turtlebot3_gazebo' for CMake module files
[0.853s] Level 1:colcon.colcon_core.environment:checking '/home/rcpsl/Xue_Yanyaobo_ws/install/turtlebot3_gazebo' for CMake config files
[0.854s] Level 1:colcon.colcon_core.shell:create_environment_hook('turtlebot3_gazebo', 'cmake_prefix_path')
[0.854s] INFO:colcon.colcon_core.shell:Creating environment hook '/home/rcpsl/Xue_Yanyaobo_ws/install/turtlebot3_gazebo/share/turtlebot3_gazebo/hook/cmake_prefix_path.ps1'
[0.855s] INFO:colcon.colcon_core.shell:Creating environment descriptor '/home/rcpsl/Xue_Yanyaobo_ws/install/turtlebot3_gazebo/share/turtlebot3_gazebo/hook/cmake_prefix_path.dsv'
[0.856s] INFO:colcon.colcon_core.shell:Creating environment hook '/home/rcpsl/Xue_Yanyaobo_ws/install/turtlebot3_gazebo/share/turtlebot3_gazebo/hook/cmake_prefix_path.sh'
[0.856s] Level 1:colcon.colcon_core.environment:checking '/home/rcpsl/Xue_Yanyaobo_ws/install/turtlebot3_gazebo/lib'
[0.856s] Level 1:colcon.colcon_core.environment:checking '/home/rcpsl/Xue_Yanyaobo_ws/install/turtlebot3_gazebo/bin'
[0.856s] Level 1:colcon.colcon_core.environment:checking '/home/rcpsl/Xue_Yanyaobo_ws/install/turtlebot3_gazebo/lib/pkgconfig/turtlebot3_gazebo.pc'
[0.857s] Level 1:colcon.colcon_core.environment:checking '/home/rcpsl/Xue_Yanyaobo_ws/install/turtlebot3_gazebo/lib/python3.10/site-packages'
[0.857s] Level 1:colcon.colcon_core.environment:checking '/home/rcpsl/Xue_Yanyaobo_ws/install/turtlebot3_gazebo/bin'
[0.857s] INFO:colcon.colcon_core.shell:Creating package script '/home/rcpsl/Xue_Yanyaobo_ws/install/turtlebot3_gazebo/share/turtlebot3_gazebo/package.ps1'
[0.858s] INFO:colcon.colcon_core.shell:Creating package descriptor '/home/rcpsl/Xue_Yanyaobo_ws/install/turtlebot3_gazebo/share/turtlebot3_gazebo/package.dsv'
[0.858s] INFO:colcon.colcon_core.shell:Creating package script '/home/rcpsl/Xue_Yanyaobo_ws/install/turtlebot3_gazebo/share/turtlebot3_gazebo/package.sh'
[0.859s] INFO:colcon.colcon_core.shell:Creating package script '/home/rcpsl/Xue_Yanyaobo_ws/install/turtlebot3_gazebo/share/turtlebot3_gazebo/package.bash'
[0.859s] INFO:colcon.colcon_core.shell:Creating package script '/home/rcpsl/Xue_Yanyaobo_ws/install/turtlebot3_gazebo/share/turtlebot3_gazebo/package.zsh'
[0.860s] Level 1:colcon.colcon_core.environment:create_file_with_runtime_dependencies(/home/rcpsl/Xue_Yanyaobo_ws/install/turtlebot3_gazebo/share/colcon-core/packages/turtlebot3_gazebo)
[0.860s] INFO:colcon.colcon_ros.task.ament_python.build:Building ROS package in '/home/rcpsl/Xue_Yanyaobo_ws/src/turtlebot_rrt' with build type 'ament_python'
[0.860s] Level 1:colcon.colcon_core.shell:create_environment_hook('turtlebot_rrt', 'ament_prefix_path')
[0.861s] INFO:colcon.colcon_core.shell:Creating environment hook '/home/rcpsl/Xue_Yanyaobo_ws/install/turtlebot_rrt/share/turtlebot_rrt/hook/ament_prefix_path.ps1'
[0.862s] INFO:colcon.colcon_core.shell:Creating environment descriptor '/home/rcpsl/Xue_Yanyaobo_ws/install/turtlebot_rrt/share/turtlebot_rrt/hook/ament_prefix_path.dsv'
[0.862s] INFO:colcon.colcon_core.shell:Creating environment hook '/home/rcpsl/Xue_Yanyaobo_ws/install/turtlebot_rrt/share/turtlebot_rrt/hook/ament_prefix_path.sh'
[0.863s] INFO:colcon.colcon_core.shell:Skip shell extension 'powershell' for command environment: Not usable outside of PowerShell
[0.863s] DEBUG:colcon.colcon_core.shell:Skip shell extension 'dsv' for command environment
[1.088s] INFO:colcon.colcon_core.task.python.build:Building Python package in '/home/rcpsl/Xue_Yanyaobo_ws/src/turtlebot_rrt'
[1.088s] INFO:colcon.colcon_core.shell:Skip shell extension 'powershell' for command environment: Not usable outside of PowerShell
[1.088s] DEBUG:colcon.colcon_core.shell:Skip shell extension 'dsv' for command environment
[1.093s] DEBUG:colcon.colcon_core.event_handler.log_command:Invoking command in '/home/rcpsl/Xue_Yanyaobo_ws/src/TurtleBot': PYTHONPATH=/home/rcpsl/Xue_Yanyaobo_ws/build/TurtleBot/prefix_override:/home/rcpsl/Xue_Yanyaobo_ws/install/TurtleBot/lib/python3.10/site-packages:${PYTHONPATH} /usr/bin/python3 -W ignore:setup.py install is deprecated setup.py egg_info --egg-base ../../build/TurtleBot build --build-base /home/rcpsl/Xue_Yanyaobo_ws/build/TurtleBot/build install --record /home/rcpsl/Xue_Yanyaobo_ws/build/TurtleBot/install.log --single-version-externally-managed install_data
[1.349s] Level 1:colcon.colcon_core.environment:checking '/home/rcpsl/Xue_Yanyaobo_ws/install/TurtleBot' for CMake module files
[1.350s] DEBUG:colcon.colcon_core.event_handler.log_command:Invoked command in '/home/rcpsl/Xue_Yanyaobo_ws/src/TurtleBot' returned '0': PYTHONPATH=/home/rcpsl/Xue_Yanyaobo_ws/build/TurtleBot/prefix_override:/home/rcpsl/Xue_Yanyaobo_ws/install/TurtleBot/lib/python3.10/site-packages:${PYTHONPATH} /usr/bin/python3 -W ignore:setup.py install is deprecated setup.py egg_info --egg-base ../../build/TurtleBot build --build-base /home/rcpsl/Xue_Yanyaobo_ws/build/TurtleBot/build install --record /home/rcpsl/Xue_Yanyaobo_ws/build/TurtleBot/install.log --single-version-externally-managed install_data
[1.350s] Level 1:colcon.colcon_core.environment:checking '/home/rcpsl/Xue_Yanyaobo_ws/install/TurtleBot' for CMake config files
[1.351s] Level 1:colcon.colcon_core.environment:checking '/home/rcpsl/Xue_Yanyaobo_ws/install/TurtleBot/lib'
[1.351s] Level 1:colcon.colcon_core.environment:checking '/home/rcpsl/Xue_Yanyaobo_ws/install/TurtleBot/bin'
[1.351s] Level 1:colcon.colcon_core.environment:checking '/home/rcpsl/Xue_Yanyaobo_ws/install/TurtleBot/lib/pkgconfig/TurtleBot.pc'
[1.351s] Level 1:colcon.colcon_core.environment:checking '/home/rcpsl/Xue_Yanyaobo_ws/install/TurtleBot/lib/python3.10/site-packages'
[1.351s] Level 1:colcon.colcon_core.shell:create_environment_hook('TurtleBot', 'pythonpath')
[1.351s] INFO:colcon.colcon_core.shell:Creating environment hook '/home/rcpsl/Xue_Yanyaobo_ws/install/TurtleBot/share/TurtleBot/hook/pythonpath.ps1'
[1.352s] INFO:colcon.colcon_core.shell:Creating environment descriptor '/home/rcpsl/Xue_Yanyaobo_ws/install/TurtleBot/share/TurtleBot/hook/pythonpath.dsv'
[1.352s] INFO:colcon.colcon_core.shell:Creating environment hook '/home/rcpsl/Xue_Yanyaobo_ws/install/TurtleBot/share/TurtleBot/hook/pythonpath.sh'
[1.353s] Level 1:colcon.colcon_core.environment:checking '/home/rcpsl/Xue_Yanyaobo_ws/install/TurtleBot/bin'
[1.353s] Level 1:colcon.colcon_core.environment:create_environment_scripts_only(TurtleBot)
[1.353s] INFO:colcon.colcon_core.shell:Creating package script '/home/rcpsl/Xue_Yanyaobo_ws/install/TurtleBot/share/TurtleBot/package.ps1'
[1.353s] INFO:colcon.colcon_core.shell:Creating package descriptor '/home/rcpsl/Xue_Yanyaobo_ws/install/TurtleBot/share/TurtleBot/package.dsv'
[1.354s] INFO:colcon.colcon_core.shell:Creating package script '/home/rcpsl/Xue_Yanyaobo_ws/install/TurtleBot/share/TurtleBot/package.sh'
[1.354s] INFO:colcon.colcon_core.shell:Creating package script '/home/rcpsl/Xue_Yanyaobo_ws/install/TurtleBot/share/TurtleBot/package.bash'
[1.355s] INFO:colcon.colcon_core.shell:Creating package script '/home/rcpsl/Xue_Yanyaobo_ws/install/TurtleBot/share/TurtleBot/package.zsh'
[1.355s] Level 1:colcon.colcon_core.environment:create_file_with_runtime_dependencies(/home/rcpsl/Xue_Yanyaobo_ws/install/TurtleBot/share/colcon-core/packages/TurtleBot)
[1.356s] INFO:colcon.colcon_ros.task.ament_cmake.build:Building ROS package in '/home/rcpsl/Xue_Yanyaobo_ws/src/turtlebot3_simulations/turtlebot3_simulations' with build type 'ament_cmake'
[1.356s] INFO:colcon.colcon_cmake.task.cmake.build:Building CMake package in '/home/rcpsl/Xue_Yanyaobo_ws/src/turtlebot3_simulations/turtlebot3_simulations'
[1.356s] INFO:colcon.colcon_core.shell:Skip shell extension 'powershell' for command environment: Not usable outside of PowerShell
[1.356s] DEBUG:colcon.colcon_core.shell:Skip shell extension 'dsv' for command environment
[1.366s] DEBUG:colcon.colcon_core.event_handler.log_command:Invoking command in '/home/rcpsl/Xue_Yanyaobo_ws/build/turtlebot3_simulations': AMENT_PREFIX_PATH=/home/rcpsl/Xue_Yanyaobo_ws/install/turtlebot3_gazebo:/home/rcpsl/Xue_Yanyaobo_ws/install/turtlebot3_fake_node:${AMENT_PREFIX_PATH} CMAKE_PREFIX_PATH=/home/rcpsl/Xue_Yanyaobo_ws/install/turtlebot3_gazebo:/home/rcpsl/Xue_Yanyaobo_ws/install/turtlebot3_fake_node:/opt/ros/humble /usr/bin/cmake --build /home/rcpsl/Xue_Yanyaobo_ws/build/turtlebot3_simulations -- -j2 -l2
[1.385s] DEBUG:colcon.colcon_core.event_handler.log_command:Invoking command in '/home/rcpsl/Xue_Yanyaobo_ws/src/turtlebot_rrt': PYTHONPATH=/home/rcpsl/Xue_Yanyaobo_ws/build/turtlebot_rrt/prefix_override:/home/rcpsl/Xue_Yanyaobo_ws/install/turtlebot_rrt/lib/python3.10/site-packages:${PYTHONPATH} /usr/bin/python3 -W ignore:setup.py install is deprecated setup.py egg_info --egg-base ../../build/turtlebot_rrt build --build-base /home/rcpsl/Xue_Yanyaobo_ws/build/turtlebot_rrt/build install --record /home/rcpsl/Xue_Yanyaobo_ws/build/turtlebot_rrt/install.log --single-version-externally-managed install_data
[1.435s] DEBUG:colcon.colcon_core.event_handler.log_command:Invoked command in '/home/rcpsl/Xue_Yanyaobo_ws/build/turtlebot3_simulations' returned '0': AMENT_PREFIX_PATH=/home/rcpsl/Xue_Yanyaobo_ws/install/turtlebot3_gazebo:/home/rcpsl/Xue_Yanyaobo_ws/install/turtlebot3_fake_node:${AMENT_PREFIX_PATH} CMAKE_PREFIX_PATH=/home/rcpsl/Xue_Yanyaobo_ws/install/turtlebot3_gazebo:/home/rcpsl/Xue_Yanyaobo_ws/install/turtlebot3_fake_node:/opt/ros/humble /usr/bin/cmake --build /home/rcpsl/Xue_Yanyaobo_ws/build/turtlebot3_simulations -- -j2 -l2
[1.483s] DEBUG:colcon.colcon_core.event_handler.log_command:Invoking command in '/home/rcpsl/Xue_Yanyaobo_ws/build/turtlebot3_simulations': AMENT_PREFIX_PATH=/home/rcpsl/Xue_Yanyaobo_ws/install/turtlebot3_gazebo:/home/rcpsl/Xue_Yanyaobo_ws/install/turtlebot3_fake_node:${AMENT_PREFIX_PATH} CMAKE_PREFIX_PATH=/home/rcpsl/Xue_Yanyaobo_ws/install/turtlebot3_gazebo:/home/rcpsl/Xue_Yanyaobo_ws/install/turtlebot3_fake_node:/opt/ros/humble /usr/bin/cmake --install /home/rcpsl/Xue_Yanyaobo_ws/build/turtlebot3_simulations
[1.500s] Level 1:colcon.colcon_core.environment:create_environment_scripts_only(turtlebot3_simulations)
[1.500s] Level 1:colcon.colcon_core.environment:checking '/home/rcpsl/Xue_Yanyaobo_ws/install/turtlebot3_simulations' for CMake module files
[1.500s] Level 1:colcon.colcon_core.environment:checking '/home/rcpsl/Xue_Yanyaobo_ws/install/turtlebot3_simulations' for CMake config files
[1.501s] Level 1:colcon.colcon_core.shell:create_environment_hook('turtlebot3_simulations', 'cmake_prefix_path')
[1.501s] INFO:colcon.colcon_core.shell:Creating environment hook '/home/rcpsl/Xue_Yanyaobo_ws/install/turtlebot3_simulations/share/turtlebot3_simulations/hook/cmake_prefix_path.ps1'
[1.501s] INFO:colcon.colcon_core.shell:Creating environment descriptor '/home/rcpsl/Xue_Yanyaobo_ws/install/turtlebot3_simulations/share/turtlebot3_simulations/hook/cmake_prefix_path.dsv'
[1.501s] INFO:colcon.colcon_core.shell:Creating environment hook '/home/rcpsl/Xue_Yanyaobo_ws/install/turtlebot3_simulations/share/turtlebot3_simulations/hook/cmake_prefix_path.sh'
[1.502s] Level 1:colcon.colcon_core.environment:checking '/home/rcpsl/Xue_Yanyaobo_ws/install/turtlebot3_simulations/bin'
[1.502s] Level 1:colcon.colcon_core.environment:checking '/home/rcpsl/Xue_Yanyaobo_ws/install/turtlebot3_simulations/lib/pkgconfig/turtlebot3_simulations.pc'
[1.502s] Level 1:colcon.colcon_core.environment:checking '/home/rcpsl/Xue_Yanyaobo_ws/install/turtlebot3_simulations/lib/python3.10/site-packages'
[1.502s] Level 1:colcon.colcon_core.environment:checking '/home/rcpsl/Xue_Yanyaobo_ws/install/turtlebot3_simulations/bin'
[1.503s] INFO:colcon.colcon_core.shell:Creating package script '/home/rcpsl/Xue_Yanyaobo_ws/install/turtlebot3_simulations/share/turtlebot3_simulations/package.ps1'
[1.503s] DEBUG:colcon.colcon_core.event_handler.log_command:Invoked command in '/home/rcpsl/Xue_Yanyaobo_ws/build/turtlebot3_simulations' returned '0': AMENT_PREFIX_PATH=/home/rcpsl/Xue_Yanyaobo_ws/install/turtlebot3_gazebo:/home/rcpsl/Xue_Yanyaobo_ws/install/turtlebot3_fake_node:${AMENT_PREFIX_PATH} CMAKE_PREFIX_PATH=/home/rcpsl/Xue_Yanyaobo_ws/install/turtlebot3_gazebo:/home/rcpsl/Xue_Yanyaobo_ws/install/turtlebot3_fake_node:/opt/ros/humble /usr/bin/cmake --install /home/rcpsl/Xue_Yanyaobo_ws/build/turtlebot3_simulations
[1.503s] INFO:colcon.colcon_core.shell:Creating package descriptor '/home/rcpsl/Xue_Yanyaobo_ws/install/turtlebot3_simulations/share/turtlebot3_simulations/package.dsv'
[1.504s] INFO:colcon.colcon_core.shell:Creating package script '/home/rcpsl/Xue_Yanyaobo_ws/install/turtlebot3_simulations/share/turtlebot3_simulations/package.sh'
[1.504s] INFO:colcon.colcon_core.shell:Creating package script '/home/rcpsl/Xue_Yanyaobo_ws/install/turtlebot3_simulations/share/turtlebot3_simulations/package.bash'
[1.504s] INFO:colcon.colcon_core.shell:Creating package script '/home/rcpsl/Xue_Yanyaobo_ws/install/turtlebot3_simulations/share/turtlebot3_simulations/package.zsh'
[1.505s] Level 1:colcon.colcon_core.environment:create_file_with_runtime_dependencies(/home/rcpsl/Xue_Yanyaobo_ws/install/turtlebot3_simulations/share/colcon-core/packages/turtlebot3_simulations)
[1.552s] Level 1:colcon.colcon_core.environment:create_environment_scripts_only(turtlebot3_simulations)
[1.552s] Level 1:colcon.colcon_core.environment:checking '/home/rcpsl/Xue_Yanyaobo_ws/install/turtlebot3_simulations' for CMake module files
[1.553s] Level 1:colcon.colcon_core.environment:checking '/home/rcpsl/Xue_Yanyaobo_ws/install/turtlebot3_simulations' for CMake config files
[1.553s] Level 1:colcon.colcon_core.shell:create_environment_hook('turtlebot3_simulations', 'cmake_prefix_path')
[1.553s] INFO:colcon.colcon_core.shell:Creating environment hook '/home/rcpsl/Xue_Yanyaobo_ws/install/turtlebot3_simulations/share/turtlebot3_simulations/hook/cmake_prefix_path.ps1'
[1.554s] INFO:colcon.colcon_core.shell:Creating environment descriptor '/home/rcpsl/Xue_Yanyaobo_ws/install/turtlebot3_simulations/share/turtlebot3_simulations/hook/cmake_prefix_path.dsv'
[1.554s] INFO:colcon.colcon_core.shell:Creating environment hook '/home/rcpsl/Xue_Yanyaobo_ws/install/turtlebot3_simulations/share/turtlebot3_simulations/hook/cmake_prefix_path.sh'
[1.555s] Level 1:colcon.colcon_core.environment:checking '/home/rcpsl/Xue_Yanyaobo_ws/install/turtlebot3_simulations/bin'
[1.555s] Level 1:colcon.colcon_core.environment:checking '/home/rcpsl/Xue_Yanyaobo_ws/install/turtlebot3_simulations/lib/pkgconfig/turtlebot3_simulations.pc'
[1.555s] Level 1:colcon.colcon_core.environment:checking '/home/rcpsl/Xue_Yanyaobo_ws/install/turtlebot3_simulations/lib/python3.10/site-packages'
[1.555s] Level 1:colcon.colcon_core.environment:checking '/home/rcpsl/Xue_Yanyaobo_ws/install/turtlebot3_simulations/bin'
[1.556s] INFO:colcon.colcon_core.shell:Creating package script '/home/rcpsl/Xue_Yanyaobo_ws/install/turtlebot3_simulations/share/turtlebot3_simulations/package.ps1'
[1.556s] INFO:colcon.colcon_core.shell:Creating package descriptor '/home/rcpsl/Xue_Yanyaobo_ws/install/turtlebot3_simulations/share/turtlebot3_simulations/package.dsv'
[1.557s] INFO:colcon.colcon_core.shell:Creating package script '/home/rcpsl/Xue_Yanyaobo_ws/install/turtlebot3_simulations/share/turtlebot3_simulations/package.sh'
[1.557s] INFO:colcon.colcon_core.shell:Creating package script '/home/rcpsl/Xue_Yanyaobo_ws/install/turtlebot3_simulations/share/turtlebot3_simulations/package.bash'
[1.558s] INFO:colcon.colcon_core.shell:Creating package script '/home/rcpsl/Xue_Yanyaobo_ws/install/turtlebot3_simulations/share/turtlebot3_simulations/package.zsh'
[1.558s] Level 1:colcon.colcon_core.environment:create_file_with_runtime_dependencies(/home/rcpsl/Xue_Yanyaobo_ws/install/turtlebot3_simulations/share/colcon-core/packages/turtlebot3_simulations)
[1.655s] Level 1:colcon.colcon_core.environment:checking '/home/rcpsl/Xue_Yanyaobo_ws/install/turtlebot_rrt' for CMake module files
[1.655s] DEBUG:colcon.colcon_core.event_handler.log_command:Invoked command in '/home/rcpsl/Xue_Yanyaobo_ws/src/turtlebot_rrt' returned '0': PYTHONPATH=/home/rcpsl/Xue_Yanyaobo_ws/build/turtlebot_rrt/prefix_override:/home/rcpsl/Xue_Yanyaobo_ws/install/turtlebot_rrt/lib/python3.10/site-packages:${PYTHONPATH} /usr/bin/python3 -W ignore:setup.py install is deprecated setup.py egg_info --egg-base ../../build/turtlebot_rrt build --build-base /home/rcpsl/Xue_Yanyaobo_ws/build/turtlebot_rrt/build install --record /home/rcpsl/Xue_Yanyaobo_ws/build/turtlebot_rrt/install.log --single-version-externally-managed install_data
[1.656s] Level 1:colcon.colcon_core.environment:checking '/home/rcpsl/Xue_Yanyaobo_ws/install/turtlebot_rrt' for CMake config files
[1.656s] Level 1:colcon.colcon_core.environment:checking '/home/rcpsl/Xue_Yanyaobo_ws/install/turtlebot_rrt/lib'
[1.656s] Level 1:colcon.colcon_core.environment:checking '/home/rcpsl/Xue_Yanyaobo_ws/install/turtlebot_rrt/bin'
[1.656s] Level 1:colcon.colcon_core.environment:checking '/home/rcpsl/Xue_Yanyaobo_ws/install/turtlebot_rrt/lib/pkgconfig/turtlebot_rrt.pc'
[1.656s] Level 1:colcon.colcon_core.environment:checking '/home/rcpsl/Xue_Yanyaobo_ws/install/turtlebot_rrt/lib/python3.10/site-packages'
[1.656s] Level 1:colcon.colcon_core.shell:create_environment_hook('turtlebot_rrt', 'pythonpath')
[1.656s] INFO:colcon.colcon_core.shell:Creating environment hook '/home/rcpsl/Xue_Yanyaobo_ws/install/turtlebot_rrt/share/turtlebot_rrt/hook/pythonpath.ps1'
[1.657s] INFO:colcon.colcon_core.shell:Creating environment descriptor '/home/rcpsl/Xue_Yanyaobo_ws/install/turtlebot_rrt/share/turtlebot_rrt/hook/pythonpath.dsv'
[1.659s] INFO:colcon.colcon_core.shell:Creating environment hook '/home/rcpsl/Xue_Yanyaobo_ws/install/turtlebot_rrt/share/turtlebot_rrt/hook/pythonpath.sh'
[1.660s] Level 1:colcon.colcon_core.environment:checking '/home/rcpsl/Xue_Yanyaobo_ws/install/turtlebot_rrt/bin'
[1.660s] Level 1:colcon.colcon_core.environment:create_environment_scripts_only(turtlebot_rrt)
[1.660s] INFO:colcon.colcon_core.shell:Creating package script '/home/rcpsl/Xue_Yanyaobo_ws/install/turtlebot_rrt/share/turtlebot_rrt/package.ps1'
[1.661s] INFO:colcon.colcon_core.shell:Creating package descriptor '/home/rcpsl/Xue_Yanyaobo_ws/install/turtlebot_rrt/share/turtlebot_rrt/package.dsv'
[1.661s] INFO:colcon.colcon_core.shell:Creating package script '/home/rcpsl/Xue_Yanyaobo_ws/install/turtlebot_rrt/share/turtlebot_rrt/package.sh'
[1.661s] INFO:colcon.colcon_core.shell:Creating package script '/home/rcpsl/Xue_Yanyaobo_ws/install/turtlebot_rrt/share/turtlebot_rrt/package.bash'
[1.662s] INFO:colcon.colcon_core.shell:Creating package script '/home/rcpsl/Xue_Yanyaobo_ws/install/turtlebot_rrt/share/turtlebot_rrt/package.zsh'
[1.662s] Level 1:colcon.colcon_core.environment:create_file_with_runtime_dependencies(/home/rcpsl/Xue_Yanyaobo_ws/install/turtlebot_rrt/share/colcon-core/packages/turtlebot_rrt)
[1.663s] DEBUG:colcon.colcon_parallel_executor.executor.parallel:closing loop
[1.663s] DEBUG:colcon.colcon_parallel_executor.executor.parallel:loop closed
[1.663s] DEBUG:colcon.colcon_parallel_executor.executor.parallel:run_until_complete finished with '0'
[1.663s] DEBUG:colcon.colcon_core.event_reactor:joining thread
[1.671s] INFO:colcon.colcon_core.plugin_system:Skipping extension 'colcon_notification.desktop_notification.terminal_notifier': Not used on non-Darwin systems
[1.671s] INFO:colcon.colcon_core.plugin_system:Skipping extension 'colcon_notification.desktop_notification.win32': Not used on non-Windows systems
[1.671s] INFO:colcon.colcon_notification.desktop_notification:Sending desktop notification using 'notify2'
[1.691s] DEBUG:colcon.colcon_core.event_reactor:joined thread
[1.691s] INFO:colcon.colcon_core.shell:Creating prefix script '/home/rcpsl/Xue_Yanyaobo_ws/install/local_setup.ps1'
[1.692s] INFO:colcon.colcon_core.shell:Creating prefix util module '/home/rcpsl/Xue_Yanyaobo_ws/install/_local_setup_util_ps1.py'
[1.693s] INFO:colcon.colcon_core.shell:Creating prefix chain script '/home/rcpsl/Xue_Yanyaobo_ws/install/setup.ps1'
[1.694s] INFO:colcon.colcon_core.shell:Creating prefix script '/home/rcpsl/Xue_Yanyaobo_ws/install/local_setup.sh'
[1.694s] INFO:colcon.colcon_core.shell:Creating prefix util module '/home/rcpsl/Xue_Yanyaobo_ws/install/_local_setup_util_sh.py'
[1.694s] INFO:colcon.colcon_core.shell:Creating prefix chain script '/home/rcpsl/Xue_Yanyaobo_ws/install/setup.sh'
[1.695s] INFO:colcon.colcon_core.shell:Creating prefix script '/home/rcpsl/Xue_Yanyaobo_ws/install/local_setup.bash'
[1.696s] INFO:colcon.colcon_core.shell:Creating prefix chain script '/home/rcpsl/Xue_Yanyaobo_ws/install/setup.bash'
[1.697s] INFO:colcon.colcon_core.shell:Creating prefix script '/home/rcpsl/Xue_Yanyaobo_ws/install/local_setup.zsh'
[1.697s] INFO:colcon.colcon_core.shell:Creating prefix chain script '/home/rcpsl/Xue_Yanyaobo_ws/install/setup.zsh'
