[0.546s] Invoking command in '/home/rcpsl/Xue_Yanyaobo_ws/src/TurtleBot': PYTHONPATH=/home/rcpsl/Xue_Yanyaobo_ws/build/TurtleBot/prefix_override:/home/rcpsl/Xue_Yanyaobo_ws/install/TurtleBot/lib/python3.10/site-packages:${PYTHONPATH} /usr/bin/python3 -W ignore:setup.py install is deprecated setup.py egg_info --egg-base ../../build/TurtleBot build --build-base /home/rcpsl/Xue_Yanyaobo_ws/build/TurtleBot/build install --record /home/rcpsl/Xue_Yanyaobo_ws/build/TurtleBot/install.log --single-version-externally-managed install_data
[0.753s] running egg_info
[0.754s] writing ../../build/TurtleBot/TurtleBot.egg-info/PKG-INFO
[0.754s] writing dependency_links to ../../build/TurtleBot/TurtleBot.egg-info/dependency_links.txt
[0.755s] writing entry points to ../../build/TurtleBot/TurtleBot.egg-info/entry_points.txt
[0.755s] writing requirements to ../../build/TurtleBot/TurtleBot.egg-info/requires.txt
[0.755s] writing top-level names to ../../build/TurtleBot/TurtleBot.egg-info/top_level.txt
[0.757s] reading manifest file '../../build/TurtleBot/TurtleBot.egg-info/SOURCES.txt'
[0.758s] writing manifest file '../../build/TurtleBot/TurtleBot.egg-info/SOURCES.txt'
[0.759s] running build
[0.759s] running build_py
[0.759s] copying TurtleBot/scripts/RRT_Node.py -> /home/rcpsl/Xue_Yanyaobo_ws/build/TurtleBot/build/lib/TurtleBot/scripts
[0.760s] copying TurtleBot/scripts/rrt.py -> /home/rcpsl/Xue_Yanyaobo_ws/build/TurtleBot/build/lib/TurtleBot/scripts
[0.761s] running install
[0.761s] running install_lib
[0.762s] copying /home/rcpsl/Xue_Yanyaobo_ws/build/TurtleBot/build/lib/TurtleBot/scripts/RRT_Node.py -> /home/rcpsl/Xue_Yanyaobo_ws/install/TurtleBot/lib/python3.10/site-packages/TurtleBot/scripts
[0.762s] copying /home/rcpsl/Xue_Yanyaobo_ws/build/TurtleBot/build/lib/TurtleBot/scripts/rrt.py -> /home/rcpsl/Xue_Yanyaobo_ws/install/TurtleBot/lib/python3.10/site-packages/TurtleBot/scripts
[0.763s] byte-compiling /home/rcpsl/Xue_Yanyaobo_ws/install/TurtleBot/lib/python3.10/site-packages/TurtleBot/scripts/RRT_Node.py to RRT_Node.cpython-310.pyc
[0.764s] byte-compiling /home/rcpsl/Xue_Yanyaobo_ws/install/TurtleBot/lib/python3.10/site-packages/TurtleBot/scripts/rrt.py to rrt.cpython-310.pyc
[0.765s] running install_data
[0.766s] running install_egg_info
[0.767s] removing '/home/rcpsl/Xue_Yanyaobo_ws/install/TurtleBot/lib/python3.10/site-packages/TurtleBot-0.0.0-py3.10.egg-info' (and everything under it)
[0.768s] Copying ../../build/TurtleBot/TurtleBot.egg-info to /home/rcpsl/Xue_Yanyaobo_ws/install/TurtleBot/lib/python3.10/site-packages/TurtleBot-0.0.0-py3.10.egg-info
[0.769s] running install_scripts
[0.785s] Installing motion_planner script to /home/rcpsl/Xue_Yanyaobo_ws/install/TurtleBot/lib/TurtleBot
[0.786s] Installing pid_controller script to /home/rcpsl/Xue_Yanyaobo_ws/install/TurtleBot/lib/TurtleBot
[0.786s] Installing rrt_node script to /home/rcpsl/Xue_Yanyaobo_ws/install/TurtleBot/lib/TurtleBot
[0.787s] writing list of installed files to '/home/rcpsl/Xue_Yanyaobo_ws/build/TurtleBot/install.log'
[0.803s] Invoked command in '/home/rcpsl/Xue_Yanyaobo_ws/src/TurtleBot' returned '0': PYTHONPATH=/home/rcpsl/Xue_Yanyaobo_ws/build/TurtleBot/prefix_override:/home/rcpsl/Xue_Yanyaobo_ws/install/TurtleBot/lib/python3.10/site-packages:${PYTHONPATH} /usr/bin/python3 -W ignore:setup.py install is deprecated setup.py egg_info --egg-base ../../build/TurtleBot build --build-base /home/rcpsl/Xue_Yanyaobo_ws/build/TurtleBot/build install --record /home/rcpsl/Xue_Yanyaobo_ws/build/TurtleBot/install.log --single-version-externally-managed install_data
